[1.137s] Invoking command in '/home/amr/turtlebot3_ws/src/main/build/main': PYTHONPATH=/home/amr/turtlebot3_ws/src/main/build/main/prefix_override:/usr/lib/python3/dist-packages/colcon_core/task/python/colcon_distutils_commands:/home/amr/turtlebot3_ws/src/main/install/main/lib/python3.10/site-packages:${PYTHONPATH} /usr/bin/python3 -W ignore:setup.py install is deprecated -W ignore:easy_install command is deprecated setup.py develop --editable --build-directory /home/amr/turtlebot3_ws/src/main/build/main/build --no-deps symlink_data --force
[1.530s] /usr/lib/python3/dist-packages/setuptools/dist.py:723: UserWarning: Usage of dash-separated 'script-dir' will not be supported in future versions. Please use the underscore name 'script_dir' instead
[1.530s]   warnings.warn(
[1.574s] running develop
[1.856s] running egg_info
[1.856s] writing main.egg-info/PKG-INFO
[1.856s] writing dependency_links to main.egg-info/dependency_links.txt
[1.856s] writing entry points to main.egg-info/entry_points.txt
[1.857s] writing requirements to main.egg-info/requires.txt
[1.857s] writing top-level names to main.egg-info/top_level.txt
[1.858s] reading manifest file 'main.egg-info/SOURCES.txt'
[1.859s] writing manifest file 'main.egg-info/SOURCES.txt'
[1.862s] running build_ext
[1.863s] Creating /home/amr/turtlebot3_ws/src/main/install/main/lib/python3.10/site-packages/main.egg-link (link to .)
[1.864s] Installing ROS2Publisher script to /home/amr/turtlebot3_ws/src/main/install/main/lib/main
[1.865s] Installing encoder_joint_state_publisher script to /home/amr/turtlebot3_ws/src/main/install/main/lib/main
[1.865s] Installing main script to /home/amr/turtlebot3_ws/src/main/install/main/lib/main
[1.865s] Installing odom_tf_broadcaster script to /home/amr/turtlebot3_ws/src/main/install/main/lib/main
[1.865s] 
[1.866s] Installed /home/amr/turtlebot3_ws/src/main/build/main
[1.866s] running symlink_data
[1.866s] symbolically linking /home/amr/turtlebot3_ws/src/main/build/main/resource/main -> /home/amr/turtlebot3_ws/src/main/install/main/share/ament_index/resource_index/packages
[1.866s] symbolically linking /home/amr/turtlebot3_ws/src/main/build/main/package.xml -> /home/amr/turtlebot3_ws/src/main/install/main/share/main
[1.866s] symbolically linking /home/amr/turtlebot3_ws/src/main/build/main/launch/occupancy_grid.launch.py -> /home/amr/turtlebot3_ws/src/main/install/main/share/main/launch
[1.866s] symbolically linking /home/amr/turtlebot3_ws/src/main/build/main/launch/my_slam_toolbox.launch.py -> /home/amr/turtlebot3_ws/src/main/install/main/share/main/launch
[1.910s] Invoked command in '/home/amr/turtlebot3_ws/src/main/build/main' returned '0': PYTHONPATH=/home/amr/turtlebot3_ws/src/main/build/main/prefix_override:/usr/lib/python3/dist-packages/colcon_core/task/python/colcon_distutils_commands:/home/amr/turtlebot3_ws/src/main/install/main/lib/python3.10/site-packages:${PYTHONPATH} /usr/bin/python3 -W ignore:setup.py install is deprecated -W ignore:easy_install command is deprecated setup.py develop --editable --build-directory /home/amr/turtlebot3_ws/src/main/build/main/build --no-deps symlink_data --force
