[0.014s] Invoking command in '/home/amr/turtlebot3_ws/build/rplidar_ros': CMAKE_PREFIX_PATH=${CMAKE_PREFIX_PATH}:/home/amr/turtlebot3_ws/install/main:/home/amr/turtlebot3_ws/install/turtlebot3_teleop:/home/amr/turtlebot3_ws/install/turtlebot3_example:/opt/ros/humble /usr/bin/cmake --build /home/amr/turtlebot3_ws/build/rplidar_ros -- -j4 -l4
[0.142s] [ 47%] Built target rplidar_node
[0.176s] [ 52%] Built target rplidar_client
[0.188s] [100%] Built target rplidar_composition
[0.214s] Invoked command in '/home/amr/turtlebot3_ws/build/rplidar_ros' returned '0': CMAKE_PREFIX_PATH=${CMAKE_PREFIX_PATH}:/home/amr/turtlebot3_ws/install/main:/home/amr/turtlebot3_ws/install/turtlebot3_teleop:/home/amr/turtlebot3_ws/install/turtlebot3_example:/opt/ros/humble /usr/bin/cmake --build /home/amr/turtlebot3_ws/build/rplidar_ros -- -j4 -l4
[0.215s] Invoking command in '/home/amr/turtlebot3_ws/build/rplidar_ros': CMAKE_PREFIX_PATH=${CMAKE_PREFIX_PATH}:/home/amr/turtlebot3_ws/install/main:/home/amr/turtlebot3_ws/install/turtlebot3_teleop:/home/amr/turtlebot3_ws/install/turtlebot3_example:/opt/ros/humble /usr/bin/cmake --install /home/amr/turtlebot3_ws/build/rplidar_ros
[0.229s] -- Install configuration: ""
[0.229s] -- Execute custom install script
[0.230s] -- Up-to-date symlink: /home/amr/turtlebot3_ws/install/rplidar_ros/share/rplidar_ros/launch/rplidar_a1_launch.py
[0.231s] -- Up-to-date symlink: /home/amr/turtlebot3_ws/install/rplidar_ros/share/rplidar_ros/launch/rplidar_a2m12_launch.py
[0.232s] -- Up-to-date symlink: /home/amr/turtlebot3_ws/install/rplidar_ros/share/rplidar_ros/launch/rplidar_a2m7_launch.py
[0.232s] -- Up-to-date symlink: /home/amr/turtlebot3_ws/install/rplidar_ros/share/rplidar_ros/launch/rplidar_a2m8_launch.py
[0.233s] -- Up-to-date symlink: /home/amr/turtlebot3_ws/install/rplidar_ros/share/rplidar_ros/launch/rplidar_a3_launch.py
[0.234s] -- Up-to-date symlink: /home/amr/turtlebot3_ws/install/rplidar_ros/share/rplidar_ros/launch/rplidar_c1_launch.py
[0.234s] -- Up-to-date symlink: /home/amr/turtlebot3_ws/install/rplidar_ros/share/rplidar_ros/launch/rplidar_s1_launch.py
[0.234s] -- Up-to-date symlink: /home/amr/turtlebot3_ws/install/rplidar_ros/share/rplidar_ros/launch/rplidar_s1_tcp_launch.py
[0.235s] -- Up-to-date symlink: /home/amr/turtlebot3_ws/install/rplidar_ros/share/rplidar_ros/launch/rplidar_s2_launch.py
[0.235s] -- Up-to-date symlink: /home/amr/turtlebot3_ws/install/rplidar_ros/share/rplidar_ros/launch/rplidar_s2e_launch.py
[0.236s] -- Up-to-date symlink: /home/amr/turtlebot3_ws/install/rplidar_ros/share/rplidar_ros/launch/rplidar_s3_launch.py
[0.236s] -- Up-to-date symlink: /home/amr/turtlebot3_ws/install/rplidar_ros/share/rplidar_ros/launch/rplidar_t1_launch.py
[0.237s] -- Up-to-date symlink: /home/amr/turtlebot3_ws/install/rplidar_ros/share/rplidar_ros/launch/view_rplidar_a1_launch.py
[0.237s] -- Up-to-date symlink: /home/amr/turtlebot3_ws/install/rplidar_ros/share/rplidar_ros/launch/view_rplidar_a2m12_launch.py
[0.238s] -- Up-to-date symlink: /home/amr/turtlebot3_ws/install/rplidar_ros/share/rplidar_ros/launch/view_rplidar_a2m7_launch.py
[0.239s] -- Up-to-date symlink: /home/amr/turtlebot3_ws/install/rplidar_ros/share/rplidar_ros/launch/view_rplidar_a2m8_launch.py
[0.239s] -- Up-to-date symlink: /home/amr/turtlebot3_ws/install/rplidar_ros/share/rplidar_ros/launch/view_rplidar_a3_launch.py
[0.240s] -- Up-to-date symlink: /home/amr/turtlebot3_ws/install/rplidar_ros/share/rplidar_ros/launch/view_rplidar_c1_launch.py
[0.240s] -- Up-to-date symlink: /home/amr/turtlebot3_ws/install/rplidar_ros/share/rplidar_ros/launch/view_rplidar_s1_launch.py
[0.240s] -- Up-to-date symlink: /home/amr/turtlebot3_ws/install/rplidar_ros/share/rplidar_ros/launch/view_rplidar_s1_tcp_launch.py
[0.241s] -- Up-to-date symlink: /home/amr/turtlebot3_ws/install/rplidar_ros/share/rplidar_ros/launch/view_rplidar_s2_launch.py
[0.242s] -- Up-to-date symlink: /home/amr/turtlebot3_ws/install/rplidar_ros/share/rplidar_ros/launch/view_rplidar_s2e_launch.py
[0.242s] -- Up-to-date symlink: /home/amr/turtlebot3_ws/install/rplidar_ros/share/rplidar_ros/launch/view_rplidar_s3_launch.py
[0.242s] -- Up-to-date symlink: /home/amr/turtlebot3_ws/install/rplidar_ros/share/rplidar_ros/launch/view_rplidar_t1_launch.py
[0.244s] -- Up-to-date symlink: /home/amr/turtlebot3_ws/install/rplidar_ros/share/rplidar_ros/rviz/rplidar_ros.rviz
[0.244s] -- Up-to-date symlink: /home/amr/turtlebot3_ws/install/rplidar_ros/lib/rplidar_ros/rplidar_node
[0.245s] -- Up-to-date symlink: /home/amr/turtlebot3_ws/install/rplidar_ros/lib/rplidar_ros/rplidar_composition
[0.245s] -- Up-to-date symlink: /home/amr/turtlebot3_ws/install/rplidar_ros/lib/rplidar_ros/rplidar_client
[0.246s] -- Up-to-date symlink: /home/amr/turtlebot3_ws/install/rplidar_ros/share/ament_index/resource_index/package_run_dependencies/rplidar_ros
[0.246s] -- Up-to-date symlink: /home/amr/turtlebot3_ws/install/rplidar_ros/share/ament_index/resource_index/parent_prefix_path/rplidar_ros
[0.247s] -- Up-to-date symlink: /home/amr/turtlebot3_ws/install/rplidar_ros/share/rplidar_ros/environment/ament_prefix_path.sh
[0.248s] -- Up-to-date symlink: /home/amr/turtlebot3_ws/install/rplidar_ros/share/rplidar_ros/environment/ament_prefix_path.dsv
[0.248s] -- Up-to-date symlink: /home/amr/turtlebot3_ws/install/rplidar_ros/share/rplidar_ros/environment/path.sh
[0.249s] -- Up-to-date symlink: /home/amr/turtlebot3_ws/install/rplidar_ros/share/rplidar_ros/environment/path.dsv
[0.250s] -- Up-to-date symlink: /home/amr/turtlebot3_ws/install/rplidar_ros/share/rplidar_ros/local_setup.bash
[0.250s] -- Up-to-date symlink: /home/amr/turtlebot3_ws/install/rplidar_ros/share/rplidar_ros/local_setup.sh
[0.251s] -- Up-to-date symlink: /home/amr/turtlebot3_ws/install/rplidar_ros/share/rplidar_ros/local_setup.zsh
[0.252s] -- Up-to-date symlink: /home/amr/turtlebot3_ws/install/rplidar_ros/share/rplidar_ros/local_setup.dsv
[0.253s] -- Symlinking: /home/amr/turtlebot3_ws/install/rplidar_ros/share/rplidar_ros/package.dsv
[0.271s] -- Up-to-date symlink: /home/amr/turtlebot3_ws/install/rplidar_ros/share/ament_index/resource_index/packages/rplidar_ros
[0.271s] -- Up-to-date symlink: /home/amr/turtlebot3_ws/install/rplidar_ros/share/rplidar_ros/cmake/ament_cmake_export_dependencies-extras.cmake
[0.271s] -- Up-to-date symlink: /home/amr/turtlebot3_ws/install/rplidar_ros/share/rplidar_ros/cmake/ament_cmake_export_include_directories-extras.cmake
[0.271s] -- Up-to-date symlink: /home/amr/turtlebot3_ws/install/rplidar_ros/share/rplidar_ros/cmake/rplidar_rosConfig.cmake
[0.272s] -- Up-to-date symlink: /home/amr/turtlebot3_ws/install/rplidar_ros/share/rplidar_ros/cmake/rplidar_rosConfig-version.cmake
[0.273s] -- Up-to-date symlink: /home/amr/turtlebot3_ws/install/rplidar_ros/share/rplidar_ros/package.xml
[0.275s] Invoked command in '/home/amr/turtlebot3_ws/build/rplidar_ros' returned '0': CMAKE_PREFIX_PATH=${CMAKE_PREFIX_PATH}:/home/amr/turtlebot3_ws/install/main:/home/amr/turtlebot3_ws/install/turtlebot3_teleop:/home/amr/turtlebot3_ws/install/turtlebot3_example:/opt/ros/humble /usr/bin/cmake --install /home/amr/turtlebot3_ws/build/rplidar_ros
