[1.013s] Invoking command in '/home/amr/turtlebot3_ws/src/main/build/main': PYTHONPATH=/home/amr/turtlebot3_ws/src/main/build/main/prefix_override:/usr/lib/python3/dist-packages/colcon_core/task/python/colcon_distutils_commands:/home/amr/turtlebot3_ws/src/main/install/main/lib/python3.10/site-packages:${PYTHONPATH} /usr/bin/python3 -W ignore:setup.py install is deprecated -W ignore:easy_install command is deprecated setup.py develop --uninstall --editable --build-directory /home/amr/turtlebot3_ws/src/main/build/main/build
[1.402s] running develop
[1.652s] Removing /home/amr/turtlebot3_ws/src/main/install/main/lib/python3.10/site-packages/main.egg-link (link to .)
[1.694s] Invoked command in '/home/amr/turtlebot3_ws/src/main/build/main' returned '0': PYTHONPATH=/home/amr/turtlebot3_ws/src/main/build/main/prefix_override:/usr/lib/python3/dist-packages/colcon_core/task/python/colcon_distutils_commands:/home/amr/turtlebot3_ws/src/main/install/main/lib/python3.10/site-packages:${PYTHONPATH} /usr/bin/python3 -W ignore:setup.py install is deprecated -W ignore:easy_install command is deprecated setup.py develop --uninstall --editable --build-directory /home/amr/turtlebot3_ws/src/main/build/main/build
[1.696s] Invoking command in '/home/amr/turtlebot3_ws/src/main': PYTHONPATH=/home/amr/turtlebot3_ws/src/main/build/main/prefix_override:/usr/lib/python3/dist-packages/colcon_core/task/python/colcon_distutils_commands:/home/amr/turtlebot3_ws/src/main/install/main/lib/python3.10/site-packages:${PYTHONPATH} /usr/bin/python3 -W ignore:setup.py install is deprecated -W ignore:easy_install command is deprecated setup.py egg_info --egg-base build/main build --build-base /home/amr/turtlebot3_ws/src/main/build/main/build install --record /home/amr/turtlebot3_ws/src/main/build/main/install.log --single-version-externally-managed install_data --force
[2.056s] running egg_info
[2.057s] writing build/main/main.egg-info/PKG-INFO
[2.057s] writing dependency_links to build/main/main.egg-info/dependency_links.txt
[2.057s] writing entry points to build/main/main.egg-info/entry_points.txt
[2.058s] writing requirements to build/main/main.egg-info/requires.txt
[2.058s] writing top-level names to build/main/main.egg-info/top_level.txt
[2.061s] reading manifest file 'build/main/main.egg-info/SOURCES.txt'
[2.062s] writing manifest file 'build/main/main.egg-info/SOURCES.txt'
[2.063s] running build
[2.063s] running build_py
[2.063s] copying giaodien.py -> /home/amr/turtlebot3_ws/src/main/build/main/build/lib
[2.063s] copying main_navi.py -> /home/amr/turtlebot3_ws/src/main/build/main/build/lib
[2.063s] copying Library/ezi_servo_controller.py -> /home/amr/turtlebot3_ws/src/main/build/main/build/lib/Library
[2.065s] running install
[2.065s] running install_lib
[2.066s] creating /home/amr/turtlebot3_ws/src/main/install/main/lib/python3.10/site-packages/Library
[2.067s] copying /home/amr/turtlebot3_ws/src/main/build/main/build/lib/Library/__init__.py -> /home/amr/turtlebot3_ws/src/main/install/main/lib/python3.10/site-packages/Library
[2.067s] copying /home/amr/turtlebot3_ws/src/main/build/main/build/lib/Library/ezi_servo_controller.py -> /home/amr/turtlebot3_ws/src/main/install/main/lib/python3.10/site-packages/Library
[2.067s] copying /home/amr/turtlebot3_ws/src/main/build/main/build/lib/main_navi.py -> /home/amr/turtlebot3_ws/src/main/install/main/lib/python3.10/site-packages
[2.067s] copying /home/amr/turtlebot3_ws/src/main/build/main/build/lib/giaodien.py -> /home/amr/turtlebot3_ws/src/main/install/main/lib/python3.10/site-packages
[2.067s] copying /home/amr/turtlebot3_ws/src/main/build/main/build/lib/main.py -> /home/amr/turtlebot3_ws/src/main/install/main/lib/python3.10/site-packages
[2.068s] creating /home/amr/turtlebot3_ws/src/main/install/main/lib/python3.10/site-packages/Design_Frame
[2.068s] copying /home/amr/turtlebot3_ws/src/main/build/main/build/lib/Design_Frame/wheel_widget.py -> /home/amr/turtlebot3_ws/src/main/install/main/lib/python3.10/site-packages/Design_Frame
[2.068s] copying /home/amr/turtlebot3_ws/src/main/build/main/build/lib/Design_Frame/speedometer.py -> /home/amr/turtlebot3_ws/src/main/install/main/lib/python3.10/site-packages/Design_Frame
[2.068s] copying /home/amr/turtlebot3_ws/src/main/build/main/build/lib/Design_Frame/__init__.py -> /home/amr/turtlebot3_ws/src/main/install/main/lib/python3.10/site-packages/Design_Frame
[2.068s] copying /home/amr/turtlebot3_ws/src/main/build/main/build/lib/Design_Frame/motor_widget.py -> /home/amr/turtlebot3_ws/src/main/install/main/lib/python3.10/site-packages/Design_Frame
[2.069s] copying /home/amr/turtlebot3_ws/src/main/build/main/build/lib/Design_Frame/realtime_chart.py -> /home/amr/turtlebot3_ws/src/main/install/main/lib/python3.10/site-packages/Design_Frame
[2.069s] creating /home/amr/turtlebot3_ws/src/main/install/main/lib/python3.10/site-packages/UI
[2.069s] copying /home/amr/turtlebot3_ws/src/main/build/main/build/lib/UI/test.py -> /home/amr/turtlebot3_ws/src/main/install/main/lib/python3.10/site-packages/UI
[2.070s] copying /home/amr/turtlebot3_ws/src/main/build/main/build/lib/UI/__init__.py -> /home/amr/turtlebot3_ws/src/main/install/main/lib/python3.10/site-packages/UI
[2.070s] byte-compiling /home/amr/turtlebot3_ws/src/main/install/main/lib/python3.10/site-packages/Library/__init__.py to __init__.cpython-310.pyc
[2.071s] byte-compiling /home/amr/turtlebot3_ws/src/main/install/main/lib/python3.10/site-packages/Library/ezi_servo_controller.py to ezi_servo_controller.cpython-310.pyc
[2.073s] byte-compiling /home/amr/turtlebot3_ws/src/main/install/main/lib/python3.10/site-packages/main_navi.py to main_navi.cpython-310.pyc
[2.074s] byte-compiling /home/amr/turtlebot3_ws/src/main/install/main/lib/python3.10/site-packages/giaodien.py to giaodien.cpython-310.pyc
[2.078s] byte-compiling /home/amr/turtlebot3_ws/src/main/install/main/lib/python3.10/site-packages/main.py to main.cpython-310.pyc
[2.080s] byte-compiling /home/amr/turtlebot3_ws/src/main/install/main/lib/python3.10/site-packages/Design_Frame/wheel_widget.py to wheel_widget.cpython-310.pyc
[2.081s] byte-compiling /home/amr/turtlebot3_ws/src/main/install/main/lib/python3.10/site-packages/Design_Frame/speedometer.py to speedometer.cpython-310.pyc
[2.082s] byte-compiling /home/amr/turtlebot3_ws/src/main/install/main/lib/python3.10/site-packages/Design_Frame/__init__.py to __init__.cpython-310.pyc
[2.082s] byte-compiling /home/amr/turtlebot3_ws/src/main/install/main/lib/python3.10/site-packages/Design_Frame/motor_widget.py to motor_widget.cpython-310.pyc
[2.083s] byte-compiling /home/amr/turtlebot3_ws/src/main/install/main/lib/python3.10/site-packages/Design_Frame/realtime_chart.py to realtime_chart.cpython-310.pyc
[2.085s] byte-compiling /home/amr/turtlebot3_ws/src/main/install/main/lib/python3.10/site-packages/UI/test.py to test.cpython-310.pyc
[2.087s] byte-compiling /home/amr/turtlebot3_ws/src/main/install/main/lib/python3.10/site-packages/UI/__init__.py to __init__.cpython-310.pyc
[2.087s] running install_data
[2.087s] copying resource/main -> /home/amr/turtlebot3_ws/src/main/install/main/share/ament_index/resource_index/packages
[2.088s] copying package.xml -> /home/amr/turtlebot3_ws/src/main/install/main/share/main
[2.088s] running install_egg_info
[2.091s] Copying build/main/main.egg-info to /home/amr/turtlebot3_ws/src/main/install/main/lib/python3.10/site-packages/main-0.0.1-py3.10.egg-info
[2.092s] running install_scripts
[2.120s] Installing cmd_vel_publisher script to /home/amr/turtlebot3_ws/src/main/install/main/lib/main
[2.120s] Installing encoder_joint_state_publisher script to /home/amr/turtlebot3_ws/src/main/install/main/lib/main
[2.121s] Installing main script to /home/amr/turtlebot3_ws/src/main/install/main/lib/main
[2.121s] Installing odom_publisher script to /home/amr/turtlebot3_ws/src/main/install/main/lib/main
[2.121s] Installing odom_tf_broadcaster script to /home/amr/turtlebot3_ws/src/main/install/main/lib/main
[2.122s] writing list of installed files to '/home/amr/turtlebot3_ws/src/main/build/main/install.log'
[2.159s] Invoked command in '/home/amr/turtlebot3_ws/src/main' returned '0': PYTHONPATH=/home/amr/turtlebot3_ws/src/main/build/main/prefix_override:/usr/lib/python3/dist-packages/colcon_core/task/python/colcon_distutils_commands:/home/amr/turtlebot3_ws/src/main/install/main/lib/python3.10/site-packages:${PYTHONPATH} /usr/bin/python3 -W ignore:setup.py install is deprecated -W ignore:easy_install command is deprecated setup.py egg_info --egg-base build/main build --build-base /home/amr/turtlebot3_ws/src/main/build/main/build install --record /home/amr/turtlebot3_ws/src/main/build/main/install.log --single-version-externally-managed install_data --force
