[1.973s] Invoking command in '/home/amr/turtlebot3_ws/build/main': PYTHONPATH=/home/amr/turtlebot3_ws/build/main/prefix_override:/usr/lib/python3/dist-packages/colcon_core/task/python/colcon_distutils_commands:/home/amr/turtlebot3_ws/install/main/lib/python3.10/site-packages:${PYTHONPATH} /usr/bin/python3 -W ignore:setup.py install is deprecated -W ignore:easy_install command is deprecated setup.py develop --editable --build-directory /home/amr/turtlebot3_ws/build/main/build --no-deps symlink_data
[2.752s] /usr/lib/python3/dist-packages/setuptools/dist.py:723: UserWarning: Usage of dash-separated 'script-dir' will not be supported in future versions. Please use the underscore name 'script_dir' instead
[2.752s]   warnings.warn(
[2.880s] running develop
[3.475s] running egg_info
[3.478s] writing main.egg-info/PKG-INFO
[3.479s] writing dependency_links to main.egg-info/dependency_links.txt
[3.479s] writing entry points to main.egg-info/entry_points.txt
[3.479s] writing requirements to main.egg-info/requires.txt
[3.480s] writing top-level names to main.egg-info/top_level.txt
[3.483s] reading manifest file 'main.egg-info/SOURCES.txt'
[3.484s] writing manifest file 'main.egg-info/SOURCES.txt'
[3.488s] running build_ext
[3.490s] Creating /home/amr/turtlebot3_ws/install/main/lib/python3.10/site-packages/main.egg-link (link to .)
[3.492s] Installing ROS2Publisher script to /home/amr/turtlebot3_ws/install/main/lib/main
[3.493s] Installing encoder_joint_state_publisher script to /home/amr/turtlebot3_ws/install/main/lib/main
[3.494s] Installing main script to /home/amr/turtlebot3_ws/install/main/lib/main
[3.494s] Installing odom_tf_broadcaster script to /home/amr/turtlebot3_ws/install/main/lib/main
[3.494s] 
[3.494s] Installed /home/amr/turtlebot3_ws/build/main
[3.494s] running symlink_data
[3.564s] Invoked command in '/home/amr/turtlebot3_ws/build/main' returned '0': PYTHONPATH=/home/amr/turtlebot3_ws/build/main/prefix_override:/usr/lib/python3/dist-packages/colcon_core/task/python/colcon_distutils_commands:/home/amr/turtlebot3_ws/install/main/lib/python3.10/site-packages:${PYTHONPATH} /usr/bin/python3 -W ignore:setup.py install is deprecated -W ignore:easy_install command is deprecated setup.py develop --editable --build-directory /home/amr/turtlebot3_ws/build/main/build --no-deps symlink_data
