[1.095s] Invoking command in '/home/amr/turtlebot3_ws/src/main/build/main': PYTHONPATH=/home/amr/turtlebot3_ws/src/main/build/main/prefix_override:/usr/lib/python3/dist-packages/colcon_core/task/python/colcon_distutils_commands:/home/amr/turtlebot3_ws/src/main/install/main/lib/python3.10/site-packages:${PYTHONPATH} /usr/bin/python3 -W ignore:setup.py install is deprecated -W ignore:easy_install command is deprecated setup.py develop --editable --build-directory /home/amr/turtlebot3_ws/src/main/build/main/build --no-deps symlink_data
[1.503s] running develop
[1.768s] running egg_info
[1.768s] writing main.egg-info/PKG-INFO
[1.768s] writing dependency_links to main.egg-info/dependency_links.txt
[1.769s] writing entry points to main.egg-info/entry_points.txt
[1.769s] writing requirements to main.egg-info/requires.txt
[1.769s] writing top-level names to main.egg-info/top_level.txt
[1.772s] reading manifest file 'main.egg-info/SOURCES.txt'
[1.773s] writing manifest file 'main.egg-info/SOURCES.txt'
[1.776s] running build_ext
[1.776s] Creating /home/amr/turtlebot3_ws/src/main/install/main/lib/python3.10/site-packages/main.egg-link (link to .)
[1.777s] Installing cmd_vel_publisher script to /home/amr/turtlebot3_ws/src/main/install/main/lib/main
[1.779s] Installing encoder_joint_state_publisher script to /home/amr/turtlebot3_ws/src/main/install/main/lib/main
[1.779s] Installing main script to /home/amr/turtlebot3_ws/src/main/install/main/lib/main
[1.780s] Installing odom_publisher script to /home/amr/turtlebot3_ws/src/main/install/main/lib/main
[1.780s] Installing odom_tf_broadcaster script to /home/amr/turtlebot3_ws/src/main/install/main/lib/main
[1.780s] 
[1.780s] Installed /home/amr/turtlebot3_ws/src/main/build/main
[1.780s] running symlink_data
[1.821s] Invoked command in '/home/amr/turtlebot3_ws/src/main/build/main' returned '0': PYTHONPATH=/home/amr/turtlebot3_ws/src/main/build/main/prefix_override:/usr/lib/python3/dist-packages/colcon_core/task/python/colcon_distutils_commands:/home/amr/turtlebot3_ws/src/main/install/main/lib/python3.10/site-packages:${PYTHONPATH} /usr/bin/python3 -W ignore:setup.py install is deprecated -W ignore:easy_install command is deprecated setup.py develop --editable --build-directory /home/amr/turtlebot3_ws/src/main/build/main/build --no-deps symlink_data
