[1.106s] Invoking command in '/home/amr/turtlebot3_ws/src/main/build/main': PYTHONPATH=/home/amr/turtlebot3_ws/src/main/build/main/prefix_override:/usr/lib/python3/dist-packages/colcon_core/task/python/colcon_distutils_commands:/home/amr/turtlebot3_ws/src/main/install/main/lib/python3.10/site-packages:${PYTHONPATH} /usr/bin/python3 -W ignore:setup.py install is deprecated -W ignore:easy_install command is deprecated setup.py develop --editable --build-directory /home/amr/turtlebot3_ws/src/main/build/main/build --no-deps symlink_data
[1.490s] /usr/lib/python3/dist-packages/setuptools/dist.py:723: UserWarning: Usage of dash-separated 'script-dir' will not be supported in future versions. Please use the underscore name 'script_dir' instead
[1.490s]   warnings.warn(
[1.532s] running develop
[1.808s] running egg_info
[1.808s] writing main.egg-info/PKG-INFO
[1.809s] writing dependency_links to main.egg-info/dependency_links.txt
[1.809s] writing entry points to main.egg-info/entry_points.txt
[1.809s] writing requirements to main.egg-info/requires.txt
[1.809s] writing top-level names to main.egg-info/top_level.txt
[1.811s] reading manifest file 'main.egg-info/SOURCES.txt'
[1.812s] writing manifest file 'main.egg-info/SOURCES.txt'
[1.814s] running build_ext
[1.816s] Creating /home/amr/turtlebot3_ws/src/main/install/main/lib/python3.10/site-packages/main.egg-link (link to .)
[1.817s] Installing ROS2Publisher script to /home/amr/turtlebot3_ws/src/main/install/main/lib/main
[1.817s] Installing encoder_joint_state_publisher script to /home/amr/turtlebot3_ws/src/main/install/main/lib/main
[1.817s] Installing main script to /home/amr/turtlebot3_ws/src/main/install/main/lib/main
[1.817s] Installing odom_tf_broadcaster script to /home/amr/turtlebot3_ws/src/main/install/main/lib/main
[1.818s] 
[1.818s] Installed /home/amr/turtlebot3_ws/src/main/build/main
[1.818s] running symlink_data
[1.863s] Invoked command in '/home/amr/turtlebot3_ws/src/main/build/main' returned '0': PYTHONPATH=/home/amr/turtlebot3_ws/src/main/build/main/prefix_override:/usr/lib/python3/dist-packages/colcon_core/task/python/colcon_distutils_commands:/home/amr/turtlebot3_ws/src/main/install/main/lib/python3.10/site-packages:${PYTHONPATH} /usr/bin/python3 -W ignore:setup.py install is deprecated -W ignore:easy_install command is deprecated setup.py develop --editable --build-directory /home/amr/turtlebot3_ws/src/main/build/main/build --no-deps symlink_data
