[0.056s] Invoking command in '/home/amr/turtlebot3_ws/src/build/turtlebot3_node': AMENT_PREFIX_PATH=/home/amr/turtlebot3_ws/src/install/turtlebot3_msgs:/home/amr/turtlebot3_ws/src/install/dynamixel_sdk:${AMENT_PREFIX_PATH} CMAKE_PREFIX_PATH=/home/amr/turtlebot3_ws/src/install/turtlebot3_msgs:/home/amr/turtlebot3_ws/src/install/dynamixel_sdk:/home/amr/turtlebot3_ws/install/turtlebot3:/home/amr/turtlebot3_ws/install/turtlebot3_bringup:/home/amr/turtlebot3_ws/install/turtlebot3_node:/home/amr/turtlebot3_ws/install/turtlebot3_navigation2:/home/amr/turtlebot3_ws/install/turtlebot3_msgs:/home/amr/turtlebot3_ws/install/turtlebot3_description:/home/amr/turtlebot3_ws/install/turtlebot3_cartographer:/home/amr/turtlebot3_ws/install/rplidar_ros:/home/amr/turtlebot3_ws/install/dynamixel_sdk_examples:/home/amr/turtlebot3_ws/install/dynamixel_sdk_custom_interfaces:/home/amr/turtlebot3_ws/install/dynamixel_sdk:/home/amr/turtlebot3_ws/install/turtlebot3_teleop:/home/amr/turtlebot3_ws/install/turtlebot3_example:/home/amr/turtlebot3_ws/install/main:/opt/ros/humble LD_LIBRARY_PATH=/home/amr/turtlebot3_ws/src/install/turtlebot3_msgs/lib:/home/amr/turtlebot3_ws/src/install/dynamixel_sdk/lib:/home/amr/turtlebot3_ws/install/turtlebot3_msgs/lib:/home/amr/turtlebot3_ws/install/dynamixel_sdk_custom_interfaces/lib:/home/amr/turtlebot3_ws/install/dynamixel_sdk/lib:/usr/lib/x86_64-linux-gnu/gazebo-11/plugins:/opt/ros/humble/opt/rviz_ogre_vendor/lib:/opt/ros/humble/lib/x86_64-linux-gnu:/opt/ros/humble/lib:/usr/lib/x86_64-linux-gnu/gazebo-11/plugins PYTHONPATH=/home/amr/turtlebot3_ws/src/install/turtlebot3_msgs/local/lib/python3.10/dist-packages:/home/amr/turtlebot3_ws/src/install/dynamixel_sdk/local/lib/python3.10/dist-packages:${PYTHONPATH} /usr/bin/cmake --build /home/amr/turtlebot3_ws/src/build/turtlebot3_node -- -j4 -l4
[0.984s] [35m[1mConsolidate compiler generated dependencies of target turtlebot3_node_lib[0m
[0.985s] [  7%] [32mBuilding CXX object CMakeFiles/turtlebot3_node_lib.dir/src/diff_drive_controller.cpp.o[0m
[0.985s] [ 14%] [32mBuilding CXX object CMakeFiles/turtlebot3_node_lib.dir/src/turtlebot3.cpp.o[0m
[0.985s] [ 21%] [32mBuilding CXX object CMakeFiles/turtlebot3_node_lib.dir/src/odometry.cpp.o[0m
[10.514s] [01m[K/home/amr/turtlebot3_ws/src/turtlebot3/turtlebot3_node/src/turtlebot3.cpp:[m[K In constructor ‘[01m[Krobotis::turtlebot3::TurtleBot3::TurtleBot3(const string&)[m[K’:
[10.514s] [01m[K/home/amr/turtlebot3_ws/src/turtlebot3/turtlebot3_node/src/turtlebot3.cpp:25:44:[m[K [01;35m[Kwarning: [m[Kunused parameter ‘[01m[Kusb_port[m[K’ [[01;35m[K]8;;https://gcc.gnu.org/onlinedocs/gcc/Warning-Options.html#index-Wunused-parameter-Wunused-parameter]8;;[m[K]
[10.515s]    25 | TurtleBot3::TurtleBot3([01;35m[Kconst std::string & usb_port[m[K)
[10.515s]       |                        [01;35m[K~~~~~~~~~~~~~~~~~~~~^~~~~~~~[m[K
[28.054s] [ 28%] [32m[1mLinking CXX static library libturtlebot3_node_lib.a[0m
[28.826s] [ 85%] Built target turtlebot3_node_lib
[28.842s] [35m[1mConsolidate compiler generated dependencies of target turtlebot3_ros[0m
[28.867s] [ 92%] [32m[1mLinking CXX executable turtlebot3_ros[0m
[31.474s] [100%] Built target turtlebot3_ros
[31.489s] Invoked command in '/home/amr/turtlebot3_ws/src/build/turtlebot3_node' returned '0': AMENT_PREFIX_PATH=/home/amr/turtlebot3_ws/src/install/turtlebot3_msgs:/home/amr/turtlebot3_ws/src/install/dynamixel_sdk:${AMENT_PREFIX_PATH} CMAKE_PREFIX_PATH=/home/amr/turtlebot3_ws/src/install/turtlebot3_msgs:/home/amr/turtlebot3_ws/src/install/dynamixel_sdk:/home/amr/turtlebot3_ws/install/turtlebot3:/home/amr/turtlebot3_ws/install/turtlebot3_bringup:/home/amr/turtlebot3_ws/install/turtlebot3_node:/home/amr/turtlebot3_ws/install/turtlebot3_navigation2:/home/amr/turtlebot3_ws/install/turtlebot3_msgs:/home/amr/turtlebot3_ws/install/turtlebot3_description:/home/amr/turtlebot3_ws/install/turtlebot3_cartographer:/home/amr/turtlebot3_ws/install/rplidar_ros:/home/amr/turtlebot3_ws/install/dynamixel_sdk_examples:/home/amr/turtlebot3_ws/install/dynamixel_sdk_custom_interfaces:/home/amr/turtlebot3_ws/install/dynamixel_sdk:/home/amr/turtlebot3_ws/install/turtlebot3_teleop:/home/amr/turtlebot3_ws/install/turtlebot3_example:/home/amr/turtlebot3_ws/install/main:/opt/ros/humble LD_LIBRARY_PATH=/home/amr/turtlebot3_ws/src/install/turtlebot3_msgs/lib:/home/amr/turtlebot3_ws/src/install/dynamixel_sdk/lib:/home/amr/turtlebot3_ws/install/turtlebot3_msgs/lib:/home/amr/turtlebot3_ws/install/dynamixel_sdk_custom_interfaces/lib:/home/amr/turtlebot3_ws/install/dynamixel_sdk/lib:/usr/lib/x86_64-linux-gnu/gazebo-11/plugins:/opt/ros/humble/opt/rviz_ogre_vendor/lib:/opt/ros/humble/lib/x86_64-linux-gnu:/opt/ros/humble/lib:/usr/lib/x86_64-linux-gnu/gazebo-11/plugins PYTHONPATH=/home/amr/turtlebot3_ws/src/install/turtlebot3_msgs/local/lib/python3.10/dist-packages:/home/amr/turtlebot3_ws/src/install/dynamixel_sdk/local/lib/python3.10/dist-packages:${PYTHONPATH} /usr/bin/cmake --build /home/amr/turtlebot3_ws/src/build/turtlebot3_node -- -j4 -l4
[31.491s] Invoking command in '/home/amr/turtlebot3_ws/src/build/turtlebot3_node': AMENT_PREFIX_PATH=/home/amr/turtlebot3_ws/src/install/turtlebot3_msgs:/home/amr/turtlebot3_ws/src/install/dynamixel_sdk:${AMENT_PREFIX_PATH} CMAKE_PREFIX_PATH=/home/amr/turtlebot3_ws/src/install/turtlebot3_msgs:/home/amr/turtlebot3_ws/src/install/dynamixel_sdk:/home/amr/turtlebot3_ws/install/turtlebot3:/home/amr/turtlebot3_ws/install/turtlebot3_bringup:/home/amr/turtlebot3_ws/install/turtlebot3_node:/home/amr/turtlebot3_ws/install/turtlebot3_navigation2:/home/amr/turtlebot3_ws/install/turtlebot3_msgs:/home/amr/turtlebot3_ws/install/turtlebot3_description:/home/amr/turtlebot3_ws/install/turtlebot3_cartographer:/home/amr/turtlebot3_ws/install/rplidar_ros:/home/amr/turtlebot3_ws/install/dynamixel_sdk_examples:/home/amr/turtlebot3_ws/install/dynamixel_sdk_custom_interfaces:/home/amr/turtlebot3_ws/install/dynamixel_sdk:/home/amr/turtlebot3_ws/install/turtlebot3_teleop:/home/amr/turtlebot3_ws/install/turtlebot3_example:/home/amr/turtlebot3_ws/install/main:/opt/ros/humble LD_LIBRARY_PATH=/home/amr/turtlebot3_ws/src/install/turtlebot3_msgs/lib:/home/amr/turtlebot3_ws/src/install/dynamixel_sdk/lib:/home/amr/turtlebot3_ws/install/turtlebot3_msgs/lib:/home/amr/turtlebot3_ws/install/dynamixel_sdk_custom_interfaces/lib:/home/amr/turtlebot3_ws/install/dynamixel_sdk/lib:/usr/lib/x86_64-linux-gnu/gazebo-11/plugins:/opt/ros/humble/opt/rviz_ogre_vendor/lib:/opt/ros/humble/lib/x86_64-linux-gnu:/opt/ros/humble/lib:/usr/lib/x86_64-linux-gnu/gazebo-11/plugins PYTHONPATH=/home/amr/turtlebot3_ws/src/install/turtlebot3_msgs/local/lib/python3.10/dist-packages:/home/amr/turtlebot3_ws/src/install/dynamixel_sdk/local/lib/python3.10/dist-packages:${PYTHONPATH} /usr/bin/cmake --install /home/amr/turtlebot3_ws/src/build/turtlebot3_node
[31.501s] -- Install configuration: ""
[31.502s] -- Execute custom install script
[31.502s] -- Up-to-date symlink: /home/amr/turtlebot3_ws/src/install/turtlebot3_node/share/turtlebot3_node/param/burger.yaml
[31.502s] -- Up-to-date symlink: /home/amr/turtlebot3_ws/src/install/turtlebot3_node/share/turtlebot3_node/param/waffle.yaml
[31.502s] -- Up-to-date symlink: /home/amr/turtlebot3_ws/src/install/turtlebot3_node/share/turtlebot3_node/param/waffle_pi.yaml
[31.503s] -- Up-to-date symlink: /home/amr/turtlebot3_ws/src/install/turtlebot3_node/lib/turtlebot3_node/turtlebot3_ros
[31.503s] -- Up-to-date symlink: /home/amr/turtlebot3_ws/src/install/turtlebot3_node/share/ament_index/resource_index/package_run_dependencies/turtlebot3_node
[31.503s] -- Up-to-date symlink: /home/amr/turtlebot3_ws/src/install/turtlebot3_node/share/ament_index/resource_index/parent_prefix_path/turtlebot3_node
[31.504s] -- Up-to-date symlink: /home/amr/turtlebot3_ws/src/install/turtlebot3_node/share/turtlebot3_node/environment/ament_prefix_path.sh
[31.504s] -- Up-to-date symlink: /home/amr/turtlebot3_ws/src/install/turtlebot3_node/share/turtlebot3_node/environment/ament_prefix_path.dsv
[31.504s] -- Up-to-date symlink: /home/amr/turtlebot3_ws/src/install/turtlebot3_node/share/turtlebot3_node/environment/path.sh
[31.504s] -- Up-to-date symlink: /home/amr/turtlebot3_ws/src/install/turtlebot3_node/share/turtlebot3_node/environment/path.dsv
[31.504s] -- Up-to-date symlink: /home/amr/turtlebot3_ws/src/install/turtlebot3_node/share/turtlebot3_node/local_setup.bash
[31.505s] -- Up-to-date symlink: /home/amr/turtlebot3_ws/src/install/turtlebot3_node/share/turtlebot3_node/local_setup.sh
[31.505s] -- Up-to-date symlink: /home/amr/turtlebot3_ws/src/install/turtlebot3_node/share/turtlebot3_node/local_setup.zsh
[31.505s] -- Up-to-date symlink: /home/amr/turtlebot3_ws/src/install/turtlebot3_node/share/turtlebot3_node/local_setup.dsv
[31.505s] -- Symlinking: /home/amr/turtlebot3_ws/src/install/turtlebot3_node/share/turtlebot3_node/package.dsv
[31.517s] -- Up-to-date symlink: /home/amr/turtlebot3_ws/src/install/turtlebot3_node/share/ament_index/resource_index/packages/turtlebot3_node
[31.518s] -- Up-to-date symlink: /home/amr/turtlebot3_ws/src/install/turtlebot3_node/share/turtlebot3_node/cmake/ament_cmake_export_dependencies-extras.cmake
[31.518s] -- Up-to-date symlink: /home/amr/turtlebot3_ws/src/install/turtlebot3_node/share/turtlebot3_node/cmake/ament_cmake_export_include_directories-extras.cmake
[31.518s] -- Up-to-date symlink: /home/amr/turtlebot3_ws/src/install/turtlebot3_node/share/turtlebot3_node/cmake/turtlebot3_nodeConfig.cmake
[31.518s] -- Up-to-date symlink: /home/amr/turtlebot3_ws/src/install/turtlebot3_node/share/turtlebot3_node/cmake/turtlebot3_nodeConfig-version.cmake
[31.518s] -- Up-to-date symlink: /home/amr/turtlebot3_ws/src/install/turtlebot3_node/share/turtlebot3_node/package.xml
[31.521s] Invoked command in '/home/amr/turtlebot3_ws/src/build/turtlebot3_node' returned '0': AMENT_PREFIX_PATH=/home/amr/turtlebot3_ws/src/install/turtlebot3_msgs:/home/amr/turtlebot3_ws/src/install/dynamixel_sdk:${AMENT_PREFIX_PATH} CMAKE_PREFIX_PATH=/home/amr/turtlebot3_ws/src/install/turtlebot3_msgs:/home/amr/turtlebot3_ws/src/install/dynamixel_sdk:/home/amr/turtlebot3_ws/install/turtlebot3:/home/amr/turtlebot3_ws/install/turtlebot3_bringup:/home/amr/turtlebot3_ws/install/turtlebot3_node:/home/amr/turtlebot3_ws/install/turtlebot3_navigation2:/home/amr/turtlebot3_ws/install/turtlebot3_msgs:/home/amr/turtlebot3_ws/install/turtlebot3_description:/home/amr/turtlebot3_ws/install/turtlebot3_cartographer:/home/amr/turtlebot3_ws/install/rplidar_ros:/home/amr/turtlebot3_ws/install/dynamixel_sdk_examples:/home/amr/turtlebot3_ws/install/dynamixel_sdk_custom_interfaces:/home/amr/turtlebot3_ws/install/dynamixel_sdk:/home/amr/turtlebot3_ws/install/turtlebot3_teleop:/home/amr/turtlebot3_ws/install/turtlebot3_example:/home/amr/turtlebot3_ws/install/main:/opt/ros/humble LD_LIBRARY_PATH=/home/amr/turtlebot3_ws/src/install/turtlebot3_msgs/lib:/home/amr/turtlebot3_ws/src/install/dynamixel_sdk/lib:/home/amr/turtlebot3_ws/install/turtlebot3_msgs/lib:/home/amr/turtlebot3_ws/install/dynamixel_sdk_custom_interfaces/lib:/home/amr/turtlebot3_ws/install/dynamixel_sdk/lib:/usr/lib/x86_64-linux-gnu/gazebo-11/plugins:/opt/ros/humble/opt/rviz_ogre_vendor/lib:/opt/ros/humble/lib/x86_64-linux-gnu:/opt/ros/humble/lib:/usr/lib/x86_64-linux-gnu/gazebo-11/plugins PYTHONPATH=/home/amr/turtlebot3_ws/src/install/turtlebot3_msgs/local/lib/python3.10/dist-packages:/home/amr/turtlebot3_ws/src/install/dynamixel_sdk/local/lib/python3.10/dist-packages:${PYTHONPATH} /usr/bin/cmake --install /home/amr/turtlebot3_ws/src/build/turtlebot3_node
