[1.033s] Invoking command in '/home/amr/turtlebot3_ws/src/main/build/main': PYTHONPATH=/home/amr/turtlebot3_ws/src/main/build/main/prefix_override:/usr/lib/python3/dist-packages/colcon_core/task/python/colcon_distutils_commands:/home/amr/turtlebot3_ws/src/main/install/main/lib/python3.10/site-packages:${PYTHONPATH} /usr/bin/python3 -W ignore:setup.py install is deprecated -W ignore:easy_install command is deprecated setup.py develop --editable --build-directory /home/amr/turtlebot3_ws/src/main/build/main/build --no-deps symlink_data
[1.433s] running develop
[1.692s] running egg_info
[1.692s] writing main.egg-info/PKG-INFO
[1.693s] writing dependency_links to main.egg-info/dependency_links.txt
[1.693s] writing entry points to main.egg-info/entry_points.txt
[1.693s] writing requirements to main.egg-info/requires.txt
[1.693s] writing top-level names to main.egg-info/top_level.txt
[1.696s] reading manifest file 'main.egg-info/SOURCES.txt'
[1.697s] writing manifest file 'main.egg-info/SOURCES.txt'
[1.700s] running build_ext
[1.700s] Creating /home/amr/turtlebot3_ws/src/main/install/main/lib/python3.10/site-packages/main.egg-link (link to .)
[1.701s] Installing cmd_vel_publisher script to /home/amr/turtlebot3_ws/src/main/install/main/lib/main
[1.703s] Installing encoder_joint_state_publisher script to /home/amr/turtlebot3_ws/src/main/install/main/lib/main
[1.703s] Installing main script to /home/amr/turtlebot3_ws/src/main/install/main/lib/main
[1.703s] Installing odom_publisher script to /home/amr/turtlebot3_ws/src/main/install/main/lib/main
[1.703s] Installing odom_tf_broadcaster script to /home/amr/turtlebot3_ws/src/main/install/main/lib/main
[1.703s] 
[1.704s] Installed /home/amr/turtlebot3_ws/src/main/build/main
[1.704s] running symlink_data
[1.747s] Invoked command in '/home/amr/turtlebot3_ws/src/main/build/main' returned '0': PYTHONPATH=/home/amr/turtlebot3_ws/src/main/build/main/prefix_override:/usr/lib/python3/dist-packages/colcon_core/task/python/colcon_distutils_commands:/home/amr/turtlebot3_ws/src/main/install/main/lib/python3.10/site-packages:${PYTHONPATH} /usr/bin/python3 -W ignore:setup.py install is deprecated -W ignore:easy_install command is deprecated setup.py develop --editable --build-directory /home/amr/turtlebot3_ws/src/main/build/main/build --no-deps symlink_data
