[0.043s] Invoking command in '/home/amr/turtlebot3_ws/src/build/dynamixel_sdk': CMAKE_PREFIX_PATH=${CMAKE_PREFIX_PATH}:/home/amr/turtlebot3_ws/install/turtlebot3_teleop:/home/amr/turtlebot3_ws/install/turtlebot3_example:/home/amr/turtlebot3_ws/install/main:/opt/ros/humble /usr/bin/cmake --build /home/amr/turtlebot3_ws/src/build/dynamixel_sdk -- -j4 -l4
[0.226s] [100%] Built target dynamixel_sdk
[0.226s] [100%] Built target ament_cmake_python_symlink_dynamixel_sdk
[0.979s] running egg_info
[0.979s] writing dynamixel_sdk.egg-info/PKG-INFO
[0.980s] writing dependency_links to dynamixel_sdk.egg-info/dependency_links.txt
[0.981s] writing top-level names to dynamixel_sdk.egg-info/top_level.txt
[0.986s] reading manifest file 'dynamixel_sdk.egg-info/SOURCES.txt'
[0.989s] writing manifest file 'dynamixel_sdk.egg-info/SOURCES.txt'
[1.057s] [100%] Built target ament_cmake_python_build_dynamixel_sdk_egg
[1.377s] Invoked command in '/home/amr/turtlebot3_ws/src/build/dynamixel_sdk' returned '0': CMAKE_PREFIX_PATH=${CMAKE_PREFIX_PATH}:/home/amr/turtlebot3_ws/install/turtlebot3_teleop:/home/amr/turtlebot3_ws/install/turtlebot3_example:/home/amr/turtlebot3_ws/install/main:/opt/ros/humble /usr/bin/cmake --build /home/amr/turtlebot3_ws/src/build/dynamixel_sdk -- -j4 -l4
[1.379s] Invoking command in '/home/amr/turtlebot3_ws/src/build/dynamixel_sdk': CMAKE_PREFIX_PATH=${CMAKE_PREFIX_PATH}:/home/amr/turtlebot3_ws/install/turtlebot3_teleop:/home/amr/turtlebot3_ws/install/turtlebot3_example:/home/amr/turtlebot3_ws/install/main:/opt/ros/humble /usr/bin/cmake --install /home/amr/turtlebot3_ws/src/build/dynamixel_sdk
[1.394s] -- Install configuration: ""
[1.395s] -- Execute custom install script
[1.395s] -- Up-to-date symlink: /home/amr/turtlebot3_ws/src/install/dynamixel_sdk/include//dynamixel_sdk/dynamixel_sdk.h
[1.395s] -- Up-to-date symlink: /home/amr/turtlebot3_ws/src/install/dynamixel_sdk/include//dynamixel_sdk/group_bulk_read.h
[1.395s] -- Up-to-date symlink: /home/amr/turtlebot3_ws/src/install/dynamixel_sdk/include//dynamixel_sdk/group_bulk_write.h
[1.396s] -- Up-to-date symlink: /home/amr/turtlebot3_ws/src/install/dynamixel_sdk/include//dynamixel_sdk/group_fast_bulk_read.h
[1.397s] -- Up-to-date symlink: /home/amr/turtlebot3_ws/src/install/dynamixel_sdk/include//dynamixel_sdk/group_fast_sync_read.h
[1.401s] -- Up-to-date symlink: /home/amr/turtlebot3_ws/src/install/dynamixel_sdk/include//dynamixel_sdk/group_handler.h
[1.401s] -- Up-to-date symlink: /home/amr/turtlebot3_ws/src/install/dynamixel_sdk/include//dynamixel_sdk/group_sync_read.h
[1.401s] -- Up-to-date symlink: /home/amr/turtlebot3_ws/src/install/dynamixel_sdk/include//dynamixel_sdk/group_sync_write.h
[1.401s] -- Up-to-date symlink: /home/amr/turtlebot3_ws/src/install/dynamixel_sdk/include//dynamixel_sdk/packet_handler.h
[1.402s] -- Up-to-date symlink: /home/amr/turtlebot3_ws/src/install/dynamixel_sdk/include//dynamixel_sdk/port_handler.h
[1.402s] -- Up-to-date symlink: /home/amr/turtlebot3_ws/src/install/dynamixel_sdk/include//dynamixel_sdk/port_handler_arduino.h
[1.403s] -- Up-to-date symlink: /home/amr/turtlebot3_ws/src/install/dynamixel_sdk/include//dynamixel_sdk/port_handler_linux.h
[1.403s] -- Up-to-date symlink: /home/amr/turtlebot3_ws/src/install/dynamixel_sdk/include//dynamixel_sdk/port_handler_mac.h
[1.404s] -- Up-to-date symlink: /home/amr/turtlebot3_ws/src/install/dynamixel_sdk/include//dynamixel_sdk/port_handler_windows.h
[1.404s] -- Up-to-date symlink: /home/amr/turtlebot3_ws/src/install/dynamixel_sdk/include//dynamixel_sdk/protocol1_packet_handler.h
[1.405s] -- Up-to-date symlink: /home/amr/turtlebot3_ws/src/install/dynamixel_sdk/include//dynamixel_sdk/protocol2_packet_handler.h
[1.405s] -- Up-to-date symlink: /home/amr/turtlebot3_ws/src/install/dynamixel_sdk/share/dynamixel_sdk/environment/pythonpath.sh
[1.406s] -- Up-to-date symlink: /home/amr/turtlebot3_ws/src/install/dynamixel_sdk/share/dynamixel_sdk/environment/pythonpath.dsv
[1.408s] -- Up-to-date symlink: /home/amr/turtlebot3_ws/src/install/dynamixel_sdk/local/lib/python3.10/dist-packages/dynamixel_sdk-3.8.4-py3.10.egg-info/PKG-INFO
[1.409s] -- Up-to-date symlink: /home/amr/turtlebot3_ws/src/install/dynamixel_sdk/local/lib/python3.10/dist-packages/dynamixel_sdk-3.8.4-py3.10.egg-info/SOURCES.txt
[1.409s] -- Up-to-date symlink: /home/amr/turtlebot3_ws/src/install/dynamixel_sdk/local/lib/python3.10/dist-packages/dynamixel_sdk-3.8.4-py3.10.egg-info/dependency_links.txt
[1.410s] -- Up-to-date symlink: /home/amr/turtlebot3_ws/src/install/dynamixel_sdk/local/lib/python3.10/dist-packages/dynamixel_sdk-3.8.4-py3.10.egg-info/top_level.txt
[1.411s] -- Up-to-date symlink: /home/amr/turtlebot3_ws/src/install/dynamixel_sdk/local/lib/python3.10/dist-packages/dynamixel_sdk/__init__.py
[1.411s] -- Up-to-date symlink: /home/amr/turtlebot3_ws/src/install/dynamixel_sdk/local/lib/python3.10/dist-packages/dynamixel_sdk/group_bulk_read.cpp
[1.411s] -- Up-to-date symlink: /home/amr/turtlebot3_ws/src/install/dynamixel_sdk/local/lib/python3.10/dist-packages/dynamixel_sdk/group_bulk_read.py
[1.411s] -- Up-to-date symlink: /home/amr/turtlebot3_ws/src/install/dynamixel_sdk/local/lib/python3.10/dist-packages/dynamixel_sdk/group_bulk_write.cpp
[1.412s] -- Up-to-date symlink: /home/amr/turtlebot3_ws/src/install/dynamixel_sdk/local/lib/python3.10/dist-packages/dynamixel_sdk/group_bulk_write.py
[1.412s] -- Up-to-date symlink: /home/amr/turtlebot3_ws/src/install/dynamixel_sdk/local/lib/python3.10/dist-packages/dynamixel_sdk/group_fast_bulk_read.cpp
[1.413s] -- Up-to-date symlink: /home/amr/turtlebot3_ws/src/install/dynamixel_sdk/local/lib/python3.10/dist-packages/dynamixel_sdk/group_fast_sync_read.cpp
[1.422s] -- Up-to-date symlink: /home/amr/turtlebot3_ws/src/install/dynamixel_sdk/local/lib/python3.10/dist-packages/dynamixel_sdk/group_handler.cpp
[1.422s] -- Up-to-date symlink: /home/amr/turtlebot3_ws/src/install/dynamixel_sdk/local/lib/python3.10/dist-packages/dynamixel_sdk/group_sync_read.cpp
[1.422s] -- Up-to-date symlink: /home/amr/turtlebot3_ws/src/install/dynamixel_sdk/local/lib/python3.10/dist-packages/dynamixel_sdk/group_sync_read.py
[1.422s] -- Up-to-date symlink: /home/amr/turtlebot3_ws/src/install/dynamixel_sdk/local/lib/python3.10/dist-packages/dynamixel_sdk/group_sync_write.cpp
[1.422s] -- Up-to-date symlink: /home/amr/turtlebot3_ws/src/install/dynamixel_sdk/local/lib/python3.10/dist-packages/dynamixel_sdk/group_sync_write.py
[1.422s] -- Up-to-date symlink: /home/amr/turtlebot3_ws/src/install/dynamixel_sdk/local/lib/python3.10/dist-packages/dynamixel_sdk/packet_handler.cpp
[1.423s] -- Up-to-date symlink: /home/amr/turtlebot3_ws/src/install/dynamixel_sdk/local/lib/python3.10/dist-packages/dynamixel_sdk/packet_handler.py
[1.423s] -- Up-to-date symlink: /home/amr/turtlebot3_ws/src/install/dynamixel_sdk/local/lib/python3.10/dist-packages/dynamixel_sdk/port_handler.cpp
[1.423s] -- Up-to-date symlink: /home/amr/turtlebot3_ws/src/install/dynamixel_sdk/local/lib/python3.10/dist-packages/dynamixel_sdk/port_handler.py
[1.423s] -- Up-to-date symlink: /home/amr/turtlebot3_ws/src/install/dynamixel_sdk/local/lib/python3.10/dist-packages/dynamixel_sdk/port_handler_arduino.cpp
[1.424s] -- Up-to-date symlink: /home/amr/turtlebot3_ws/src/install/dynamixel_sdk/local/lib/python3.10/dist-packages/dynamixel_sdk/port_handler_linux.cpp
[1.425s] -- Up-to-date symlink: /home/amr/turtlebot3_ws/src/install/dynamixel_sdk/local/lib/python3.10/dist-packages/dynamixel_sdk/port_handler_mac.cpp
[1.425s] -- Up-to-date symlink: /home/amr/turtlebot3_ws/src/install/dynamixel_sdk/local/lib/python3.10/dist-packages/dynamixel_sdk/port_handler_windows.cpp
[1.425s] -- Up-to-date symlink: /home/amr/turtlebot3_ws/src/install/dynamixel_sdk/local/lib/python3.10/dist-packages/dynamixel_sdk/protocol1_packet_handler.cpp
[1.425s] -- Up-to-date symlink: /home/amr/turtlebot3_ws/src/install/dynamixel_sdk/local/lib/python3.10/dist-packages/dynamixel_sdk/protocol1_packet_handler.py
[1.425s] -- Up-to-date symlink: /home/amr/turtlebot3_ws/src/install/dynamixel_sdk/local/lib/python3.10/dist-packages/dynamixel_sdk/protocol2_packet_handler.cpp
[1.427s] -- Up-to-date symlink: /home/amr/turtlebot3_ws/src/install/dynamixel_sdk/local/lib/python3.10/dist-packages/dynamixel_sdk/protocol2_packet_handler.py
[1.427s] -- Up-to-date symlink: /home/amr/turtlebot3_ws/src/install/dynamixel_sdk/local/lib/python3.10/dist-packages/dynamixel_sdk/robotis_def.py
[1.427s] -- Up-to-date symlink: /home/amr/turtlebot3_ws/src/install/dynamixel_sdk/share/dynamixel_sdk/environment/library_path.sh
[1.427s] -- Up-to-date symlink: /home/amr/turtlebot3_ws/src/install/dynamixel_sdk/share/dynamixel_sdk/environment/library_path.dsv
[1.428s] -- Up-to-date symlink: /home/amr/turtlebot3_ws/src/install/dynamixel_sdk/share/ament_index/resource_index/package_run_dependencies/dynamixel_sdk
[1.429s] -- Up-to-date symlink: /home/amr/turtlebot3_ws/src/install/dynamixel_sdk/share/ament_index/resource_index/parent_prefix_path/dynamixel_sdk
[1.429s] -- Up-to-date symlink: /home/amr/turtlebot3_ws/src/install/dynamixel_sdk/share/dynamixel_sdk/environment/ament_prefix_path.sh
[1.430s] -- Up-to-date symlink: /home/amr/turtlebot3_ws/src/install/dynamixel_sdk/share/dynamixel_sdk/environment/ament_prefix_path.dsv
[1.430s] -- Up-to-date symlink: /home/amr/turtlebot3_ws/src/install/dynamixel_sdk/share/dynamixel_sdk/environment/path.sh
[1.434s] -- Up-to-date symlink: /home/amr/turtlebot3_ws/src/install/dynamixel_sdk/share/dynamixel_sdk/environment/path.dsv
[1.434s] -- Up-to-date symlink: /home/amr/turtlebot3_ws/src/install/dynamixel_sdk/share/dynamixel_sdk/local_setup.bash
[1.434s] -- Up-to-date symlink: /home/amr/turtlebot3_ws/src/install/dynamixel_sdk/share/dynamixel_sdk/local_setup.sh
[1.434s] -- Up-to-date symlink: /home/amr/turtlebot3_ws/src/install/dynamixel_sdk/share/dynamixel_sdk/local_setup.zsh
[1.435s] -- Up-to-date symlink: /home/amr/turtlebot3_ws/src/install/dynamixel_sdk/share/dynamixel_sdk/local_setup.dsv
[1.435s] -- Symlinking: /home/amr/turtlebot3_ws/src/install/dynamixel_sdk/share/dynamixel_sdk/package.dsv
[1.443s] -- Up-to-date symlink: /home/amr/turtlebot3_ws/src/install/dynamixel_sdk/share/ament_index/resource_index/packages/dynamixel_sdk
[1.443s] -- Up-to-date symlink: /home/amr/turtlebot3_ws/src/install/dynamixel_sdk/share/dynamixel_sdk/cmake/ament_cmake_export_targets-extras.cmake
[1.444s] -- Up-to-date symlink: /home/amr/turtlebot3_ws/src/install/dynamixel_sdk/share/dynamixel_sdk/cmake/ament_cmake_export_include_directories-extras.cmake
[1.444s] -- Up-to-date symlink: /home/amr/turtlebot3_ws/src/install/dynamixel_sdk/share/dynamixel_sdk/cmake/ament_cmake_export_libraries-extras.cmake
[1.445s] -- Up-to-date symlink: /home/amr/turtlebot3_ws/src/install/dynamixel_sdk/share/dynamixel_sdk/cmake/dynamixel_sdkConfig.cmake
[1.445s] -- Up-to-date symlink: /home/amr/turtlebot3_ws/src/install/dynamixel_sdk/share/dynamixel_sdk/cmake/dynamixel_sdkConfig-version.cmake
[1.445s] -- Up-to-date symlink: /home/amr/turtlebot3_ws/src/install/dynamixel_sdk/share/dynamixel_sdk/package.xml
[1.445s] -- Up-to-date: /home/amr/turtlebot3_ws/src/install/dynamixel_sdk/lib/libdynamixel_sdk.so
[1.510s] Listing '/home/amr/turtlebot3_ws/src/install/dynamixel_sdk/local/lib/python3.10/dist-packages/dynamixel_sdk'...
[1.522s] -- Up-to-date: /home/amr/turtlebot3_ws/src/install/dynamixel_sdk/share/dynamixel_sdk/cmake/dynamixel_sdkExport.cmake
[1.522s] -- Up-to-date: /home/amr/turtlebot3_ws/src/install/dynamixel_sdk/share/dynamixel_sdk/cmake/dynamixel_sdkExport-noconfig.cmake
[1.524s] Invoked command in '/home/amr/turtlebot3_ws/src/build/dynamixel_sdk' returned '0': CMAKE_PREFIX_PATH=${CMAKE_PREFIX_PATH}:/home/amr/turtlebot3_ws/install/turtlebot3_teleop:/home/amr/turtlebot3_ws/install/turtlebot3_example:/home/amr/turtlebot3_ws/install/main:/opt/ros/humble /usr/bin/cmake --install /home/amr/turtlebot3_ws/src/build/dynamixel_sdk
