[0.530s] Invoking command in '/home/amr/turtlebot3_ws/build/turtlebot3_bringup': CMAKE_PREFIX_PATH=/home/amr/turtlebot3_ws/install/turtlebot3_node:/home/amr/turtlebot3_ws/install/turtlebot3_msgs:/home/amr/turtlebot3_ws/install/turtlebot3_description:/home/amr/turtlebot3_ws/install/dynamixel_sdk:/home/amr/turtlebot3_ws/install/turtlebot3:/home/amr/turtlebot3_ws/install/turtlebot3_bringup:/home/amr/turtlebot3_ws/install/turtlebot3_navigation2:/home/amr/turtlebot3_ws/install/turtlebot3_cartographer:/home/amr/turtlebot3_ws/install/rplidar_ros:/home/amr/turtlebot3_ws/install/dynamixel_sdk_examples:/home/amr/turtlebot3_ws/install/dynamixel_sdk_custom_interfaces:/home/amr/turtlebot3_ws/install/turtlebot3_teleop:/home/amr/turtlebot3_ws/install/turtlebot3_example:/home/amr/turtlebot3_ws/install/main:/opt/ros/humble LD_LIBRARY_PATH=/home/amr/turtlebot3_ws/install/turtlebot3_msgs/lib:/home/amr/turtlebot3_ws/install/dynamixel_sdk/lib:/home/amr/turtlebot3_ws/install/dynamixel_sdk_custom_interfaces/lib:/usr/lib/x86_64-linux-gnu/gazebo-11/plugins:/opt/ros/humble/opt/rviz_ogre_vendor/lib:/opt/ros/humble/lib/x86_64-linux-gnu:/opt/ros/humble/lib:/usr/lib/x86_64-linux-gnu/gazebo-11/plugins /usr/bin/cmake --build /home/amr/turtlebot3_ws/build/turtlebot3_bringup -- -j4 -l4
[0.599s] Invoked command in '/home/amr/turtlebot3_ws/build/turtlebot3_bringup' returned '0': CMAKE_PREFIX_PATH=/home/amr/turtlebot3_ws/install/turtlebot3_node:/home/amr/turtlebot3_ws/install/turtlebot3_msgs:/home/amr/turtlebot3_ws/install/turtlebot3_description:/home/amr/turtlebot3_ws/install/dynamixel_sdk:/home/amr/turtlebot3_ws/install/turtlebot3:/home/amr/turtlebot3_ws/install/turtlebot3_bringup:/home/amr/turtlebot3_ws/install/turtlebot3_navigation2:/home/amr/turtlebot3_ws/install/turtlebot3_cartographer:/home/amr/turtlebot3_ws/install/rplidar_ros:/home/amr/turtlebot3_ws/install/dynamixel_sdk_examples:/home/amr/turtlebot3_ws/install/dynamixel_sdk_custom_interfaces:/home/amr/turtlebot3_ws/install/turtlebot3_teleop:/home/amr/turtlebot3_ws/install/turtlebot3_example:/home/amr/turtlebot3_ws/install/main:/opt/ros/humble LD_LIBRARY_PATH=/home/amr/turtlebot3_ws/install/turtlebot3_msgs/lib:/home/amr/turtlebot3_ws/install/dynamixel_sdk/lib:/home/amr/turtlebot3_ws/install/dynamixel_sdk_custom_interfaces/lib:/usr/lib/x86_64-linux-gnu/gazebo-11/plugins:/opt/ros/humble/opt/rviz_ogre_vendor/lib:/opt/ros/humble/lib/x86_64-linux-gnu:/opt/ros/humble/lib:/usr/lib/x86_64-linux-gnu/gazebo-11/plugins /usr/bin/cmake --build /home/amr/turtlebot3_ws/build/turtlebot3_bringup -- -j4 -l4
[0.600s] Invoking command in '/home/amr/turtlebot3_ws/build/turtlebot3_bringup': CMAKE_PREFIX_PATH=/home/amr/turtlebot3_ws/install/turtlebot3_node:/home/amr/turtlebot3_ws/install/turtlebot3_msgs:/home/amr/turtlebot3_ws/install/turtlebot3_description:/home/amr/turtlebot3_ws/install/dynamixel_sdk:/home/amr/turtlebot3_ws/install/turtlebot3:/home/amr/turtlebot3_ws/install/turtlebot3_bringup:/home/amr/turtlebot3_ws/install/turtlebot3_navigation2:/home/amr/turtlebot3_ws/install/turtlebot3_cartographer:/home/amr/turtlebot3_ws/install/rplidar_ros:/home/amr/turtlebot3_ws/install/dynamixel_sdk_examples:/home/amr/turtlebot3_ws/install/dynamixel_sdk_custom_interfaces:/home/amr/turtlebot3_ws/install/turtlebot3_teleop:/home/amr/turtlebot3_ws/install/turtlebot3_example:/home/amr/turtlebot3_ws/install/main:/opt/ros/humble LD_LIBRARY_PATH=/home/amr/turtlebot3_ws/install/turtlebot3_msgs/lib:/home/amr/turtlebot3_ws/install/dynamixel_sdk/lib:/home/amr/turtlebot3_ws/install/dynamixel_sdk_custom_interfaces/lib:/usr/lib/x86_64-linux-gnu/gazebo-11/plugins:/opt/ros/humble/opt/rviz_ogre_vendor/lib:/opt/ros/humble/lib/x86_64-linux-gnu:/opt/ros/humble/lib:/usr/lib/x86_64-linux-gnu/gazebo-11/plugins /usr/bin/cmake --install /home/amr/turtlebot3_ws/build/turtlebot3_bringup
[0.618s] -- Install configuration: ""
[0.618s] -- Execute custom install script
[0.618s] -- Up-to-date symlink: /home/amr/turtlebot3_ws/install/turtlebot3_bringup/share/turtlebot3_bringup/launch/camera.launch.py
[0.619s] -- Up-to-date symlink: /home/amr/turtlebot3_ws/install/turtlebot3_bringup/share/turtlebot3_bringup/launch/robot.launch.py
[0.619s] -- Up-to-date symlink: /home/amr/turtlebot3_ws/install/turtlebot3_bringup/share/turtlebot3_bringup/launch/rviz2.launch.py
[0.619s] -- Up-to-date symlink: /home/amr/turtlebot3_ws/install/turtlebot3_bringup/share/turtlebot3_bringup/launch/turtlebot3_state_publisher.launch.py
[0.619s] -- Up-to-date symlink: /home/amr/turtlebot3_ws/install/turtlebot3_bringup/share/turtlebot3_bringup/param/burger.yaml
[0.620s] -- Up-to-date symlink: /home/amr/turtlebot3_ws/install/turtlebot3_bringup/share/turtlebot3_bringup/param/humble/burger.yaml
[0.620s] -- Up-to-date symlink: /home/amr/turtlebot3_ws/install/turtlebot3_bringup/share/turtlebot3_bringup/param/humble/waffle.yaml
[0.621s] -- Up-to-date symlink: /home/amr/turtlebot3_ws/install/turtlebot3_bringup/share/turtlebot3_bringup/param/humble/waffle_pi.yaml
[0.621s] -- Up-to-date symlink: /home/amr/turtlebot3_ws/install/turtlebot3_bringup/share/turtlebot3_bringup/param/waffle.yaml
[0.622s] -- Up-to-date symlink: /home/amr/turtlebot3_ws/install/turtlebot3_bringup/share/turtlebot3_bringup/param/waffle_pi.yaml
[0.622s] -- Up-to-date symlink: /home/amr/turtlebot3_ws/install/turtlebot3_bringup/share/turtlebot3_bringup/script/99-turtlebot3-cdc.rules
[0.624s] -- Up-to-date symlink: /home/amr/turtlebot3_ws/install/turtlebot3_bringup/share/turtlebot3_bringup/script/create_udev_rules
[0.624s] -- Up-to-date symlink: /home/amr/turtlebot3_ws/install/turtlebot3_bringup/share/ament_index/resource_index/package_run_dependencies/turtlebot3_bringup
[0.625s] -- Up-to-date symlink: /home/amr/turtlebot3_ws/install/turtlebot3_bringup/share/ament_index/resource_index/parent_prefix_path/turtlebot3_bringup
[0.627s] -- Up-to-date symlink: /home/amr/turtlebot3_ws/install/turtlebot3_bringup/share/turtlebot3_bringup/environment/ament_prefix_path.sh
[0.627s] -- Up-to-date symlink: /home/amr/turtlebot3_ws/install/turtlebot3_bringup/share/turtlebot3_bringup/environment/ament_prefix_path.dsv
[0.627s] -- Up-to-date symlink: /home/amr/turtlebot3_ws/install/turtlebot3_bringup/share/turtlebot3_bringup/environment/path.sh
[0.627s] -- Up-to-date symlink: /home/amr/turtlebot3_ws/install/turtlebot3_bringup/share/turtlebot3_bringup/environment/path.dsv
[0.628s] -- Up-to-date symlink: /home/amr/turtlebot3_ws/install/turtlebot3_bringup/share/turtlebot3_bringup/local_setup.bash
[0.628s] -- Up-to-date symlink: /home/amr/turtlebot3_ws/install/turtlebot3_bringup/share/turtlebot3_bringup/local_setup.sh
[0.628s] -- Up-to-date symlink: /home/amr/turtlebot3_ws/install/turtlebot3_bringup/share/turtlebot3_bringup/local_setup.zsh
[0.629s] -- Up-to-date symlink: /home/amr/turtlebot3_ws/install/turtlebot3_bringup/share/turtlebot3_bringup/local_setup.dsv
[0.631s] -- Symlinking: /home/amr/turtlebot3_ws/install/turtlebot3_bringup/share/turtlebot3_bringup/package.dsv
[0.646s] -- Up-to-date symlink: /home/amr/turtlebot3_ws/install/turtlebot3_bringup/share/ament_index/resource_index/packages/turtlebot3_bringup
[0.646s] -- Up-to-date symlink: /home/amr/turtlebot3_ws/install/turtlebot3_bringup/share/turtlebot3_bringup/cmake/turtlebot3_bringupConfig.cmake
[0.647s] -- Up-to-date symlink: /home/amr/turtlebot3_ws/install/turtlebot3_bringup/share/turtlebot3_bringup/cmake/turtlebot3_bringupConfig-version.cmake
[0.650s] -- Up-to-date symlink: /home/amr/turtlebot3_ws/install/turtlebot3_bringup/share/turtlebot3_bringup/package.xml
[0.653s] Invoked command in '/home/amr/turtlebot3_ws/build/turtlebot3_bringup' returned '0': CMAKE_PREFIX_PATH=/home/amr/turtlebot3_ws/install/turtlebot3_node:/home/amr/turtlebot3_ws/install/turtlebot3_msgs:/home/amr/turtlebot3_ws/install/turtlebot3_description:/home/amr/turtlebot3_ws/install/dynamixel_sdk:/home/amr/turtlebot3_ws/install/turtlebot3:/home/amr/turtlebot3_ws/install/turtlebot3_bringup:/home/amr/turtlebot3_ws/install/turtlebot3_navigation2:/home/amr/turtlebot3_ws/install/turtlebot3_cartographer:/home/amr/turtlebot3_ws/install/rplidar_ros:/home/amr/turtlebot3_ws/install/dynamixel_sdk_examples:/home/amr/turtlebot3_ws/install/dynamixel_sdk_custom_interfaces:/home/amr/turtlebot3_ws/install/turtlebot3_teleop:/home/amr/turtlebot3_ws/install/turtlebot3_example:/home/amr/turtlebot3_ws/install/main:/opt/ros/humble LD_LIBRARY_PATH=/home/amr/turtlebot3_ws/install/turtlebot3_msgs/lib:/home/amr/turtlebot3_ws/install/dynamixel_sdk/lib:/home/amr/turtlebot3_ws/install/dynamixel_sdk_custom_interfaces/lib:/usr/lib/x86_64-linux-gnu/gazebo-11/plugins:/opt/ros/humble/opt/rviz_ogre_vendor/lib:/opt/ros/humble/lib/x86_64-linux-gnu:/opt/ros/humble/lib:/usr/lib/x86_64-linux-gnu/gazebo-11/plugins /usr/bin/cmake --install /home/amr/turtlebot3_ws/build/turtlebot3_bringup
