[1.705s] Invoking command in '/home/amr/turtlebot3_ws/build/main': PYTHONPATH=/home/amr/turtlebot3_ws/build/main/prefix_override:/usr/lib/python3/dist-packages/colcon_core/task/python/colcon_distutils_commands:/home/amr/turtlebot3_ws/install/main/lib/python3.10/site-packages:${PYTHONPATH} /usr/bin/python3 -W ignore:setup.py install is deprecated -W ignore:easy_install command is deprecated setup.py develop --editable --build-directory /home/amr/turtlebot3_ws/build/main/build --no-deps symlink_data
[2.402s] /usr/lib/python3/dist-packages/setuptools/dist.py:723: UserWarning: Usage of dash-separated 'script-dir' will not be supported in future versions. Please use the underscore name 'script_dir' instead
[2.402s]   warnings.warn(
[2.465s] running develop
[2.938s] running egg_info
[2.939s] creating main.egg-info
[2.939s] writing main.egg-info/PKG-INFO
[2.939s] writing dependency_links to main.egg-info/dependency_links.txt
[2.939s] writing entry points to main.egg-info/entry_points.txt
[2.942s] writing requirements to main.egg-info/requires.txt
[2.943s] writing top-level names to main.egg-info/top_level.txt
[2.943s] writing manifest file 'main.egg-info/SOURCES.txt'
[2.943s] reading manifest file 'main.egg-info/SOURCES.txt'
[2.944s] writing manifest file 'main.egg-info/SOURCES.txt'
[2.947s] running build_ext
[2.951s] Creating /home/amr/turtlebot3_ws/install/main/lib/python3.10/site-packages/main.egg-link (link to .)
[2.951s] Installing ROS2Publisher script to /home/amr/turtlebot3_ws/install/main/lib/main
[2.952s] Installing encoder_joint_state_publisher script to /home/amr/turtlebot3_ws/install/main/lib/main
[2.952s] Installing main script to /home/amr/turtlebot3_ws/install/main/lib/main
[2.952s] Installing odom_tf_broadcaster script to /home/amr/turtlebot3_ws/install/main/lib/main
[2.955s] 
[2.956s] Installed /home/amr/turtlebot3_ws/build/main
[2.956s] running symlink_data
[2.956s] creating /home/amr/turtlebot3_ws/install/main/share/ament_index
[2.956s] creating /home/amr/turtlebot3_ws/install/main/share/ament_index/resource_index
[2.956s] creating /home/amr/turtlebot3_ws/install/main/share/ament_index/resource_index/packages
[2.956s] symbolically linking /home/amr/turtlebot3_ws/build/main/resource/main -> /home/amr/turtlebot3_ws/install/main/share/ament_index/resource_index/packages
[2.957s] symbolically linking /home/amr/turtlebot3_ws/build/main/package.xml -> /home/amr/turtlebot3_ws/install/main/share/main
[3.029s] Invoked command in '/home/amr/turtlebot3_ws/build/main' returned '0': PYTHONPATH=/home/amr/turtlebot3_ws/build/main/prefix_override:/usr/lib/python3/dist-packages/colcon_core/task/python/colcon_distutils_commands:/home/amr/turtlebot3_ws/install/main/lib/python3.10/site-packages:${PYTHONPATH} /usr/bin/python3 -W ignore:setup.py install is deprecated -W ignore:easy_install command is deprecated setup.py develop --editable --build-directory /home/amr/turtlebot3_ws/build/main/build --no-deps symlink_data
