[1.147s] Invoking command in '/home/amr/turtlebot3_ws/src/main': PYTHONPATH=/home/amr/turtlebot3_ws/src/main/build/main/prefix_override:/usr/lib/python3/dist-packages/colcon_core/task/python/colcon_distutils_commands:/home/amr/turtlebot3_ws/src/main/install/main/lib/python3.10/site-packages:${PYTHONPATH} /usr/bin/python3 -W ignore:setup.py install is deprecated -W ignore:easy_install command is deprecated setup.py egg_info --egg-base build/main build --build-base /home/amr/turtlebot3_ws/src/main/build/main/build install --record /home/amr/turtlebot3_ws/src/main/build/main/install.log --single-version-externally-managed install_data
[1.560s] running egg_info
[1.562s] writing build/main/main.egg-info/PKG-INFO
[1.562s] writing dependency_links to build/main/main.egg-info/dependency_links.txt
[1.562s] writing entry points to build/main/main.egg-info/entry_points.txt
[1.562s] writing requirements to build/main/main.egg-info/requires.txt
[1.563s] writing top-level names to build/main/main.egg-info/top_level.txt
[1.566s] reading manifest file 'build/main/main.egg-info/SOURCES.txt'
[1.567s] writing manifest file 'build/main/main.egg-info/SOURCES.txt'
[1.567s] running build
[1.567s] running build_py
[1.569s] running install
[1.569s] running install_lib
[1.573s] running install_data
[1.574s] creating /home/amr/turtlebot3_ws/src/main/install/main/share/main/launch
[1.574s] copying launch/my_slam_toolbox.launch.py -> /home/amr/turtlebot3_ws/src/main/install/main/share/main/launch
[1.574s] running install_egg_info
[1.576s] removing '/home/amr/turtlebot3_ws/src/main/install/main/lib/python3.10/site-packages/main-0.0.1-py3.10.egg-info' (and everything under it)
[1.578s] Copying build/main/main.egg-info to /home/amr/turtlebot3_ws/src/main/install/main/lib/python3.10/site-packages/main-0.0.1-py3.10.egg-info
[1.582s] running install_scripts
[1.611s] Installing cmd_vel_publisher script to /home/amr/turtlebot3_ws/src/main/install/main/lib/main
[1.612s] Installing encoder_joint_state_publisher script to /home/amr/turtlebot3_ws/src/main/install/main/lib/main
[1.612s] Installing main script to /home/amr/turtlebot3_ws/src/main/install/main/lib/main
[1.612s] Installing odom_publisher script to /home/amr/turtlebot3_ws/src/main/install/main/lib/main
[1.612s] Installing odom_tf_broadcaster script to /home/amr/turtlebot3_ws/src/main/install/main/lib/main
[1.613s] writing list of installed files to '/home/amr/turtlebot3_ws/src/main/build/main/install.log'
[1.650s] Invoked command in '/home/amr/turtlebot3_ws/src/main' returned '0': PYTHONPATH=/home/amr/turtlebot3_ws/src/main/build/main/prefix_override:/usr/lib/python3/dist-packages/colcon_core/task/python/colcon_distutils_commands:/home/amr/turtlebot3_ws/src/main/install/main/lib/python3.10/site-packages:${PYTHONPATH} /usr/bin/python3 -W ignore:setup.py install is deprecated -W ignore:easy_install command is deprecated setup.py egg_info --egg-base build/main build --build-base /home/amr/turtlebot3_ws/src/main/build/main/build install --record /home/amr/turtlebot3_ws/src/main/build/main/install.log --single-version-externally-managed install_data
