[2.805s] Invoking command in '/home/amr/turtlebot3_ws/build/main': PYTHONPATH=/home/amr/turtlebot3_ws/build/main/prefix_override:/usr/lib/python3/dist-packages/colcon_core/task/python/colcon_distutils_commands:/home/amr/turtlebot3_ws/install/main/lib/python3.10/site-packages:${PYTHONPATH} /usr/bin/python3 -W ignore:setup.py install is deprecated -W ignore:easy_install command is deprecated setup.py develop --editable --build-directory /home/amr/turtlebot3_ws/build/main/build --no-deps symlink_data
[3.841s] /usr/lib/python3/dist-packages/setuptools/dist.py:723: UserWarning: Usage of dash-separated 'script-dir' will not be supported in future versions. Please use the underscore name 'script_dir' instead
[3.841s]   warnings.warn(
[3.906s] running develop
[4.341s] running egg_info
[4.343s] writing main.egg-info/PKG-INFO
[4.343s] writing dependency_links to main.egg-info/dependency_links.txt
[4.343s] writing entry points to main.egg-info/entry_points.txt
[4.343s] writing requirements to main.egg-info/requires.txt
[4.343s] writing top-level names to main.egg-info/top_level.txt
[4.345s] reading manifest file 'main.egg-info/SOURCES.txt'
[4.347s] writing manifest file 'main.egg-info/SOURCES.txt'
[4.349s] running build_ext
[4.351s] Creating /home/amr/turtlebot3_ws/install/main/lib/python3.10/site-packages/main.egg-link (link to .)
[4.353s] Installing ROS2Publisher script to /home/amr/turtlebot3_ws/install/main/lib/main
[4.354s] Installing encoder_joint_state_publisher script to /home/amr/turtlebot3_ws/install/main/lib/main
[4.354s] Installing main script to /home/amr/turtlebot3_ws/install/main/lib/main
[4.354s] Installing odom_tf_broadcaster script to /home/amr/turtlebot3_ws/install/main/lib/main
[4.354s] 
[4.354s] Installed /home/amr/turtlebot3_ws/build/main
[4.355s] running symlink_data
[4.424s] Invoked command in '/home/amr/turtlebot3_ws/build/main' returned '0': PYTHONPATH=/home/amr/turtlebot3_ws/build/main/prefix_override:/usr/lib/python3/dist-packages/colcon_core/task/python/colcon_distutils_commands:/home/amr/turtlebot3_ws/install/main/lib/python3.10/site-packages:${PYTHONPATH} /usr/bin/python3 -W ignore:setup.py install is deprecated -W ignore:easy_install command is deprecated setup.py develop --editable --build-directory /home/amr/turtlebot3_ws/build/main/build --no-deps symlink_data
