[1.396s] Invoking command in '/home/amr/turtlebot3_ws/build/main': PYTHONPATH=/home/amr/turtlebot3_ws/build/main/prefix_override:/usr/lib/python3/dist-packages/colcon_core/task/python/colcon_distutils_commands:/home/amr/turtlebot3_ws/install/main/lib/python3.10/site-packages:${PYTHONPATH} /usr/bin/python3 -W ignore:setup.py install is deprecated -W ignore:easy_install command is deprecated setup.py develop --editable --build-directory /home/amr/turtlebot3_ws/build/main/build --no-deps symlink_data
[1.876s] /usr/lib/python3/dist-packages/setuptools/dist.py:723: UserWarning: Usage of dash-separated 'script-dir' will not be supported in future versions. Please use the underscore name 'script_dir' instead
[1.876s]   warnings.warn(
[1.920s] running develop
[2.229s] running egg_info
[2.229s] writing main.egg-info/PKG-INFO
[2.230s] writing dependency_links to main.egg-info/dependency_links.txt
[2.230s] writing entry points to main.egg-info/entry_points.txt
[2.230s] writing requirements to main.egg-info/requires.txt
[2.230s] writing top-level names to main.egg-info/top_level.txt
[2.232s] reading manifest file 'main.egg-info/SOURCES.txt'
[2.233s] writing manifest file 'main.egg-info/SOURCES.txt'
[2.235s] running build_ext
[2.237s] Creating /home/amr/turtlebot3_ws/install/main/lib/python3.10/site-packages/main.egg-link (link to .)
[2.238s] Installing ROS2Publisher script to /home/amr/turtlebot3_ws/install/main/lib/main
[2.238s] Installing encoder_joint_state_publisher script to /home/amr/turtlebot3_ws/install/main/lib/main
[2.238s] Installing main script to /home/amr/turtlebot3_ws/install/main/lib/main
[2.239s] Installing odom_tf_broadcaster script to /home/amr/turtlebot3_ws/install/main/lib/main
[2.239s] 
[2.239s] Installed /home/amr/turtlebot3_ws/build/main
[2.239s] running symlink_data
[2.287s] Invoked command in '/home/amr/turtlebot3_ws/build/main' returned '0': PYTHONPATH=/home/amr/turtlebot3_ws/build/main/prefix_override:/usr/lib/python3/dist-packages/colcon_core/task/python/colcon_distutils_commands:/home/amr/turtlebot3_ws/install/main/lib/python3.10/site-packages:${PYTHONPATH} /usr/bin/python3 -W ignore:setup.py install is deprecated -W ignore:easy_install command is deprecated setup.py develop --editable --build-directory /home/amr/turtlebot3_ws/build/main/build --no-deps symlink_data
