[4.652s] Invoking command in '/home/amr/turtlebot3_ws/src/build/turtlebot3_example': AMENT_PREFIX_PATH=/home/amr/turtlebot3_ws/src/install/turtlebot3_msgs:${AMENT_PREFIX_PATH} CMAKE_PREFIX_PATH=/home/amr/turtlebot3_ws/src/install/turtlebot3_msgs:${CMAKE_PREFIX_PATH} LD_LIBRARY_PATH=/home/amr/turtlebot3_ws/src/install/turtlebot3_msgs/lib:/home/amr/turtlebot3_ws/install/turtlebot3_msgs/lib:/home/amr/turtlebot3_ws/install/dynamixel_sdk_custom_interfaces/lib:/home/amr/turtlebot3_ws/install/dynamixel_sdk/lib:/usr/lib/x86_64-linux-gnu/gazebo-11/plugins:/opt/ros/humble/opt/rviz_ogre_vendor/lib:/opt/ros/humble/lib/x86_64-linux-gnu:/opt/ros/humble/lib:/usr/lib/x86_64-linux-gnu/gazebo-11/plugins PYTHONPATH=/home/amr/turtlebot3_ws/src/build/turtlebot3_example/prefix_override:/usr/lib/python3/dist-packages/colcon_core/task/python/colcon_distutils_commands:/home/amr/turtlebot3_ws/src/install/turtlebot3_example/lib/python3.10/site-packages:/home/amr/turtlebot3_ws/src/install/turtlebot3_msgs/local/lib/python3.10/dist-packages:${PYTHONPATH} /usr/bin/python3 -W ignore:setup.py install is deprecated -W ignore:easy_install command is deprecated setup.py develop --editable --build-directory /home/amr/turtlebot3_ws/src/build/turtlebot3_example/build --no-deps symlink_data
[5.909s] running develop
[6.499s] running egg_info
[6.501s] writing turtlebot3_example.egg-info/PKG-INFO
[6.502s] writing dependency_links to turtlebot3_example.egg-info/dependency_links.txt
[6.503s] writing entry points to turtlebot3_example.egg-info/entry_points.txt
[6.503s] writing requirements to turtlebot3_example.egg-info/requires.txt
[6.503s] writing top-level names to turtlebot3_example.egg-info/top_level.txt
[6.506s] reading manifest file 'turtlebot3_example.egg-info/SOURCES.txt'
[6.507s] writing manifest file 'turtlebot3_example.egg-info/SOURCES.txt'
[6.511s] running build_ext
[6.513s] Creating /home/amr/turtlebot3_ws/src/install/turtlebot3_example/lib/python3.10/site-packages/turtlebot3-example.egg-link (link to .)
[6.516s] Installing turtlebot3_absolute_move script to /home/amr/turtlebot3_ws/src/install/turtlebot3_example/lib/turtlebot3_example
[6.517s] Installing turtlebot3_interactive_marker script to /home/amr/turtlebot3_ws/src/install/turtlebot3_example/lib/turtlebot3_example
[6.518s] Installing turtlebot3_obstacle_detection script to /home/amr/turtlebot3_ws/src/install/turtlebot3_example/lib/turtlebot3_example
[6.519s] Installing turtlebot3_patrol_client script to /home/amr/turtlebot3_ws/src/install/turtlebot3_example/lib/turtlebot3_example
[6.520s] Installing turtlebot3_patrol_server script to /home/amr/turtlebot3_ws/src/install/turtlebot3_example/lib/turtlebot3_example
[6.521s] Installing turtlebot3_relative_move script to /home/amr/turtlebot3_ws/src/install/turtlebot3_example/lib/turtlebot3_example
[6.522s] 
[6.522s] Installed /home/amr/turtlebot3_ws/src/build/turtlebot3_example
[6.524s] running symlink_data
[6.600s] Invoked command in '/home/amr/turtlebot3_ws/src/build/turtlebot3_example' returned '0': AMENT_PREFIX_PATH=/home/amr/turtlebot3_ws/src/install/turtlebot3_msgs:${AMENT_PREFIX_PATH} CMAKE_PREFIX_PATH=/home/amr/turtlebot3_ws/src/install/turtlebot3_msgs:${CMAKE_PREFIX_PATH} LD_LIBRARY_PATH=/home/amr/turtlebot3_ws/src/install/turtlebot3_msgs/lib:/home/amr/turtlebot3_ws/install/turtlebot3_msgs/lib:/home/amr/turtlebot3_ws/install/dynamixel_sdk_custom_interfaces/lib:/home/amr/turtlebot3_ws/install/dynamixel_sdk/lib:/usr/lib/x86_64-linux-gnu/gazebo-11/plugins:/opt/ros/humble/opt/rviz_ogre_vendor/lib:/opt/ros/humble/lib/x86_64-linux-gnu:/opt/ros/humble/lib:/usr/lib/x86_64-linux-gnu/gazebo-11/plugins PYTHONPATH=/home/amr/turtlebot3_ws/src/build/turtlebot3_example/prefix_override:/usr/lib/python3/dist-packages/colcon_core/task/python/colcon_distutils_commands:/home/amr/turtlebot3_ws/src/install/turtlebot3_example/lib/python3.10/site-packages:/home/amr/turtlebot3_ws/src/install/turtlebot3_msgs/local/lib/python3.10/dist-packages:${PYTHONPATH} /usr/bin/python3 -W ignore:setup.py install is deprecated -W ignore:easy_install command is deprecated setup.py develop --editable --build-directory /home/amr/turtlebot3_ws/src/build/turtlebot3_example/build --no-deps symlink_data
