[1.405s] Invoking command in '/home/amr/turtlebot3_ws/build/main': PYTHONPATH=/home/amr/turtlebot3_ws/build/main/prefix_override:/usr/lib/python3/dist-packages/colcon_core/task/python/colcon_distutils_commands:/home/amr/turtlebot3_ws/install/main/lib/python3.10/site-packages:${PYTHONPATH} /usr/bin/python3 -W ignore:setup.py install is deprecated -W ignore:easy_install command is deprecated setup.py develop --editable --build-directory /home/amr/turtlebot3_ws/build/main/build --no-deps symlink_data
[1.987s] /usr/lib/python3/dist-packages/setuptools/dist.py:723: UserWarning: Usage of dash-separated 'script-dir' will not be supported in future versions. Please use the underscore name 'script_dir' instead
[1.988s]   warnings.warn(
[2.041s] running develop
[2.557s] running egg_info
[2.557s] writing main.egg-info/PKG-INFO
[2.557s] writing dependency_links to main.egg-info/dependency_links.txt
[2.558s] writing entry points to main.egg-info/entry_points.txt
[2.559s] writing requirements to main.egg-info/requires.txt
[2.565s] writing top-level names to main.egg-info/top_level.txt
[2.565s] reading manifest file 'main.egg-info/SOURCES.txt'
[2.569s] writing manifest file 'main.egg-info/SOURCES.txt'
[2.578s] running build_ext
[2.583s] Creating /home/amr/turtlebot3_ws/install/main/lib/python3.10/site-packages/main.egg-link (link to .)
[2.583s] Installing ROS2Publisher script to /home/amr/turtlebot3_ws/install/main/lib/main
[2.585s] Installing encoder_joint_state_publisher script to /home/amr/turtlebot3_ws/install/main/lib/main
[2.585s] Installing main script to /home/amr/turtlebot3_ws/install/main/lib/main
[2.585s] Installing odom_tf_broadcaster script to /home/amr/turtlebot3_ws/install/main/lib/main
[2.586s] 
[2.591s] Installed /home/amr/turtlebot3_ws/build/main
[2.591s] running symlink_data
[2.660s] Invoked command in '/home/amr/turtlebot3_ws/build/main' returned '0': PYTHONPATH=/home/amr/turtlebot3_ws/build/main/prefix_override:/usr/lib/python3/dist-packages/colcon_core/task/python/colcon_distutils_commands:/home/amr/turtlebot3_ws/install/main/lib/python3.10/site-packages:${PYTHONPATH} /usr/bin/python3 -W ignore:setup.py install is deprecated -W ignore:easy_install command is deprecated setup.py develop --editable --build-directory /home/amr/turtlebot3_ws/build/main/build --no-deps symlink_data
