[2.040s] Invoking command in '/home/amr/turtlebot3_ws/build/main': PYTHONPATH=/home/amr/turtlebot3_ws/build/main/prefix_override:/usr/lib/python3/dist-packages/colcon_core/task/python/colcon_distutils_commands:/home/amr/turtlebot3_ws/install/main/lib/python3.10/site-packages:${PYTHONPATH} /usr/bin/python3 -W ignore:setup.py install is deprecated -W ignore:easy_install command is deprecated setup.py develop --editable --build-directory /home/amr/turtlebot3_ws/build/main/build --no-deps symlink_data
[2.564s] /usr/lib/python3/dist-packages/setuptools/dist.py:723: UserWarning: Usage of dash-separated 'script-dir' will not be supported in future versions. Please use the underscore name 'script_dir' instead
[2.565s]   warnings.warn(
[2.610s] running develop
[2.917s] running egg_info
[2.918s] writing main.egg-info/PKG-INFO
[2.918s] writing dependency_links to main.egg-info/dependency_links.txt
[2.919s] writing entry points to main.egg-info/entry_points.txt
[2.919s] writing requirements to main.egg-info/requires.txt
[2.919s] writing top-level names to main.egg-info/top_level.txt
[2.920s] reading manifest file 'main.egg-info/SOURCES.txt'
[2.921s] writing manifest file 'main.egg-info/SOURCES.txt'
[2.925s] running build_ext
[2.926s] Creating /home/amr/turtlebot3_ws/install/main/lib/python3.10/site-packages/main.egg-link (link to .)
[2.927s] Installing ROS2Publisher script to /home/amr/turtlebot3_ws/install/main/lib/main
[2.929s] Installing encoder_joint_state_publisher script to /home/amr/turtlebot3_ws/install/main/lib/main
[2.929s] Installing fake_robot script to /home/amr/turtlebot3_ws/install/main/lib/main
[2.929s] Installing main script to /home/amr/turtlebot3_ws/install/main/lib/main
[2.930s] Installing odom_tf_broadcaster script to /home/amr/turtlebot3_ws/install/main/lib/main
[2.930s] 
[2.930s] Installed /home/amr/turtlebot3_ws/build/main
[2.930s] running symlink_data
[2.982s] Invoked command in '/home/amr/turtlebot3_ws/build/main' returned '0': PYTHONPATH=/home/amr/turtlebot3_ws/build/main/prefix_override:/usr/lib/python3/dist-packages/colcon_core/task/python/colcon_distutils_commands:/home/amr/turtlebot3_ws/install/main/lib/python3.10/site-packages:${PYTHONPATH} /usr/bin/python3 -W ignore:setup.py install is deprecated -W ignore:easy_install command is deprecated setup.py develop --editable --build-directory /home/amr/turtlebot3_ws/build/main/build --no-deps symlink_data
