[1.330s] Invoking command in '/home/amr/turtlebot3_ws/build/main': PYTHONPATH=/home/amr/turtlebot3_ws/build/main/prefix_override:/usr/lib/python3/dist-packages/colcon_core/task/python/colcon_distutils_commands:/home/amr/turtlebot3_ws/install/main/lib/python3.10/site-packages:${PYTHONPATH} /usr/bin/python3 -W ignore:setup.py install is deprecated -W ignore:easy_install command is deprecated setup.py develop --editable --build-directory /home/amr/turtlebot3_ws/build/main/build --no-deps symlink_data
[1.846s] /usr/lib/python3/dist-packages/setuptools/dist.py:723: UserWarning: Usage of dash-separated 'script-dir' will not be supported in future versions. Please use the underscore name 'script_dir' instead
[1.847s]   warnings.warn(
[1.890s] running develop
[2.207s] running egg_info
[2.207s] writing main.egg-info/PKG-INFO
[2.208s] writing dependency_links to main.egg-info/dependency_links.txt
[2.208s] writing entry points to main.egg-info/entry_points.txt
[2.208s] writing requirements to main.egg-info/requires.txt
[2.209s] writing top-level names to main.egg-info/top_level.txt
[2.210s] reading manifest file 'main.egg-info/SOURCES.txt'
[2.211s] writing manifest file 'main.egg-info/SOURCES.txt'
[2.213s] running build_ext
[2.214s] Creating /home/amr/turtlebot3_ws/install/main/lib/python3.10/site-packages/main.egg-link (link to .)
[2.216s] Installing ROS2Publisher script to /home/amr/turtlebot3_ws/install/main/lib/main
[2.216s] Installing encoder_joint_state_publisher script to /home/amr/turtlebot3_ws/install/main/lib/main
[2.216s] Installing main script to /home/amr/turtlebot3_ws/install/main/lib/main
[2.216s] Installing odom_tf_broadcaster script to /home/amr/turtlebot3_ws/install/main/lib/main
[2.217s] 
[2.217s] Installed /home/amr/turtlebot3_ws/build/main
[2.217s] running symlink_data
[2.266s] Invoked command in '/home/amr/turtlebot3_ws/build/main' returned '0': PYTHONPATH=/home/amr/turtlebot3_ws/build/main/prefix_override:/usr/lib/python3/dist-packages/colcon_core/task/python/colcon_distutils_commands:/home/amr/turtlebot3_ws/install/main/lib/python3.10/site-packages:${PYTHONPATH} /usr/bin/python3 -W ignore:setup.py install is deprecated -W ignore:easy_install command is deprecated setup.py develop --editable --build-directory /home/amr/turtlebot3_ws/build/main/build --no-deps symlink_data
