[0.154s] DEBUG:colcon:Command line arguments: ['/usr/bin/colcon', 'build', '--symlink-install']
[0.154s] DEBUG:colcon:Parsed command line arguments: Namespace(log_base=None, log_level=None, verb_name='build', build_base='build', install_base='install', merge_install=False, symlink_install=True, test_result_base=None, continue_on_error=False, executor='parallel', parallel_workers=4, event_handlers=None, ignore_user_meta=False, metas=['./colcon.meta'], base_paths=['.'], packages_ignore=None, packages_ignore_regex=None, paths=None, packages_up_to=None, packages_up_to_regex=None, packages_above=None, packages_above_and_dependencies=None, packages_above_depth=None, packages_select_by_dep=None, packages_skip_by_dep=None, packages_skip_up_to=None, packages_select_build_failed=False, packages_skip_build_finished=False, packages_select_test_failures=False, packages_skip_test_passed=False, packages_select=None, packages_skip=None, packages_select_regex=None, packages_skip_regex=None, packages_start=None, packages_end=None, allow_overriding=[], cmake_args=None, cmake_target=None, cmake_target_skip_unavailable=False, cmake_clean_cache=False, cmake_clean_first=False, cmake_force_configure=False, ament_cmake_args=None, catkin_cmake_args=None, catkin_skip_building_tests=False, verb_parser=<colcon_defaults.argument_parser.defaults.DefaultArgumentsDecorator object at 0x7047b5650400>, verb_extension=<colcon_core.verb.build.BuildVerb object at 0x7047b561feb0>, main=<bound method BuildVerb.main of <colcon_core.verb.build.BuildVerb object at 0x7047b561feb0>>)
[0.420s] Level 1:colcon.colcon_core.package_discovery:discover_packages(colcon_meta) check parameters
[0.420s] Level 1:colcon.colcon_core.package_discovery:discover_packages(recursive) check parameters
[0.421s] Level 1:colcon.colcon_core.package_discovery:discover_packages(ignore) check parameters
[0.421s] Level 1:colcon.colcon_core.package_discovery:discover_packages(path) check parameters
[0.421s] Level 1:colcon.colcon_core.package_discovery:discover_packages(colcon_meta) discover
[0.421s] Level 1:colcon.colcon_core.package_discovery:discover_packages(recursive) discover
[0.421s] INFO:colcon.colcon_core.package_discovery:Crawling recursively for packages in '/home/amr/turtlebot3_ws/src/main'
[0.421s] Level 1:colcon.colcon_core.package_identification:_identify(.) by extensions ['ignore', 'ignore_ament_install']
[0.421s] Level 1:colcon.colcon_core.package_identification:_identify(.) by extension 'ignore'
[0.421s] Level 1:colcon.colcon_core.package_identification:_identify(.) by extension 'ignore_ament_install'
[0.421s] Level 1:colcon.colcon_core.package_identification:_identify(.) by extensions ['colcon_pkg']
[0.421s] Level 1:colcon.colcon_core.package_identification:_identify(.) by extension 'colcon_pkg'
[0.421s] Level 1:colcon.colcon_core.package_identification:_identify(.) by extensions ['colcon_meta']
[0.421s] Level 1:colcon.colcon_core.package_identification:_identify(.) by extension 'colcon_meta'
[0.422s] Level 1:colcon.colcon_core.package_identification:_identify(.) by extensions ['ros']
[0.422s] Level 1:colcon.colcon_core.package_identification:_identify(.) by extension 'ros'
[0.440s] DEBUG:colcon.colcon_core.package_identification:Package '.' with type 'ros.ament_python' and name 'main'
[0.440s] Level 1:colcon.colcon_core.package_discovery:discover_packages(recursive) using defaults
[0.440s] Level 1:colcon.colcon_core.package_discovery:discover_packages(ignore) discover
[0.440s] Level 1:colcon.colcon_core.package_discovery:discover_packages(ignore) using defaults
[0.440s] Level 1:colcon.colcon_core.package_discovery:discover_packages(path) discover
[0.440s] Level 1:colcon.colcon_core.package_discovery:discover_packages(path) using defaults
[0.484s] Level 1:colcon.colcon_core.package_discovery:discover_packages(prefix_path) check parameters
[0.484s] Level 1:colcon.colcon_core.package_discovery:discover_packages(prefix_path) discover
[0.489s] DEBUG:colcon.colcon_installed_package_information.package_discovery:Found 18 installed packages in /home/amr/turtlebot3_ws/install
[0.490s] DEBUG:colcon.colcon_installed_package_information.package_discovery:Found 1 installed packages in /home/amr/turtlebot3_ws/src/main/install
[0.491s] DEBUG:colcon.colcon_installed_package_information.package_discovery:Found 18 installed packages in /home/amr/install
[0.495s] DEBUG:colcon.colcon_installed_package_information.package_discovery:Found 453 installed packages in /opt/ros/humble
[0.500s] Level 1:colcon.colcon_core.package_discovery:discover_packages(prefix_path) using defaults
[0.586s] Level 5:colcon.colcon_core.verb:set package 'main' build argument 'cmake_args' from command line to 'None'
[0.586s] Level 5:colcon.colcon_core.verb:set package 'main' build argument 'cmake_target' from command line to 'None'
[0.586s] Level 5:colcon.colcon_core.verb:set package 'main' build argument 'cmake_target_skip_unavailable' from command line to 'False'
[0.586s] Level 5:colcon.colcon_core.verb:set package 'main' build argument 'cmake_clean_cache' from command line to 'False'
[0.586s] Level 5:colcon.colcon_core.verb:set package 'main' build argument 'cmake_clean_first' from command line to 'False'
[0.586s] Level 5:colcon.colcon_core.verb:set package 'main' build argument 'cmake_force_configure' from command line to 'False'
[0.586s] Level 5:colcon.colcon_core.verb:set package 'main' build argument 'ament_cmake_args' from command line to 'None'
[0.586s] Level 5:colcon.colcon_core.verb:set package 'main' build argument 'catkin_cmake_args' from command line to 'None'
[0.586s] Level 5:colcon.colcon_core.verb:set package 'main' build argument 'catkin_skip_building_tests' from command line to 'False'
[0.586s] DEBUG:colcon.colcon_core.verb:Building package 'main' with the following arguments: {'ament_cmake_args': None, 'build_base': '/home/amr/turtlebot3_ws/src/main/build/main', 'catkin_cmake_args': None, 'catkin_skip_building_tests': False, 'cmake_args': None, 'cmake_clean_cache': False, 'cmake_clean_first': False, 'cmake_force_configure': False, 'cmake_target': None, 'cmake_target_skip_unavailable': False, 'install_base': '/home/amr/turtlebot3_ws/src/main/install/main', 'merge_install': False, 'path': '/home/amr/turtlebot3_ws/src/main', 'symlink_install': True, 'test_result_base': None}
[0.587s] INFO:colcon.colcon_core.executor:Executing jobs using 'parallel' executor
[0.588s] DEBUG:colcon.colcon_parallel_executor.executor.parallel:run_until_complete
[0.589s] INFO:colcon.colcon_ros.task.ament_python.build:Building ROS package in '/home/amr/turtlebot3_ws/src/main' with build type 'ament_python'
[0.589s] Level 1:colcon.colcon_core.shell:create_environment_hook('main', 'ament_prefix_path')
[0.592s] INFO:colcon.colcon_core.plugin_system:Skipping extension 'colcon_core.shell.bat': Not used on non-Windows systems
[0.592s] INFO:colcon.colcon_core.shell:Creating environment hook '/home/amr/turtlebot3_ws/src/main/install/main/share/main/hook/ament_prefix_path.ps1'
[0.593s] INFO:colcon.colcon_core.shell:Creating environment descriptor '/home/amr/turtlebot3_ws/src/main/install/main/share/main/hook/ament_prefix_path.dsv'
[0.594s] INFO:colcon.colcon_core.shell:Creating environment hook '/home/amr/turtlebot3_ws/src/main/install/main/share/main/hook/ament_prefix_path.sh'
[0.595s] INFO:colcon.colcon_core.shell:Skip shell extension 'powershell' for command environment: Not usable outside of PowerShell
[0.595s] DEBUG:colcon.colcon_core.shell:Skip shell extension 'dsv' for command environment
[1.017s] INFO:colcon.colcon_core.task.python.build:Building Python package in '/home/amr/turtlebot3_ws/src/main'
[1.018s] INFO:colcon.colcon_core.shell:Skip shell extension 'powershell' for command environment: Not usable outside of PowerShell
[1.018s] DEBUG:colcon.colcon_core.shell:Skip shell extension 'dsv' for command environment
[1.644s] DEBUG:colcon.colcon_core.task.python.build:While undoing a previous installation files outside the Python library path are being ignored: /home/amr/turtlebot3_ws/src/main/install/main/share/ament_index/resource_index/packages/main
[1.644s] DEBUG:colcon.colcon_core.task.python.build:While undoing a previous installation files outside the Python library path are being ignored: /home/amr/turtlebot3_ws/src/main/install/main/share/main/package.xml
[1.644s] DEBUG:colcon.colcon_core.task.python.build:While undoing a previous installation files outside the Python library path are being ignored: /home/amr/turtlebot3_ws/src/main/install/main/share/main/launch/my_slam_toolbox.launch.py
[1.645s] DEBUG:colcon.colcon_core.task.python.build:While undoing a previous installation files outside the Python library path are being ignored: /home/amr/turtlebot3_ws/src/main/install/main/lib/main/cmd_vel_publisher
[1.645s] DEBUG:colcon.colcon_core.task.python.build:While undoing a previous installation files outside the Python library path are being ignored: /home/amr/turtlebot3_ws/src/main/install/main/lib/main/encoder_joint_state_publisher
[1.645s] DEBUG:colcon.colcon_core.task.python.build:While undoing a previous installation files outside the Python library path are being ignored: /home/amr/turtlebot3_ws/src/main/install/main/lib/main/main
[1.645s] DEBUG:colcon.colcon_core.task.python.build:While undoing a previous installation files outside the Python library path are being ignored: /home/amr/turtlebot3_ws/src/main/install/main/lib/main/odom_publisher
[1.645s] DEBUG:colcon.colcon_core.task.python.build:While undoing a previous installation files outside the Python library path are being ignored: /home/amr/turtlebot3_ws/src/main/install/main/lib/main/odom_tf_broadcaster
[1.647s] DEBUG:colcon.colcon_core.event_handler.log_command:Invoking command in '/home/amr/turtlebot3_ws/src/main/build/main': PYTHONPATH=/home/amr/turtlebot3_ws/src/main/build/main/prefix_override:/usr/lib/python3/dist-packages/colcon_core/task/python/colcon_distutils_commands:/home/amr/turtlebot3_ws/src/main/install/main/lib/python3.10/site-packages:${PYTHONPATH} /usr/bin/python3 -W ignore:setup.py install is deprecated -W ignore:easy_install command is deprecated setup.py develop --editable --build-directory /home/amr/turtlebot3_ws/src/main/build/main/build --no-deps symlink_data --force
[2.377s] DEBUG:colcon.colcon_core.event_handler.log_command:Invoked command in '/home/amr/turtlebot3_ws/src/main/build/main' returned '1': PYTHONPATH=/home/amr/turtlebot3_ws/src/main/build/main/prefix_override:/usr/lib/python3/dist-packages/colcon_core/task/python/colcon_distutils_commands:/home/amr/turtlebot3_ws/src/main/install/main/lib/python3.10/site-packages:${PYTHONPATH} /usr/bin/python3 -W ignore:setup.py install is deprecated -W ignore:easy_install command is deprecated setup.py develop --editable --build-directory /home/amr/turtlebot3_ws/src/main/build/main/build --no-deps symlink_data --force
[2.387s] DEBUG:colcon.colcon_parallel_executor.executor.parallel:closing loop
[2.387s] DEBUG:colcon.colcon_parallel_executor.executor.parallel:loop closed
[2.387s] DEBUG:colcon.colcon_parallel_executor.executor.parallel:run_until_complete finished with '1'
[2.387s] DEBUG:colcon.colcon_core.event_reactor:joining thread
[2.394s] INFO:colcon.colcon_core.plugin_system:Skipping extension 'colcon_notification.desktop_notification.terminal_notifier': Not used on non-Darwin systems
[2.394s] INFO:colcon.colcon_core.plugin_system:Skipping extension 'colcon_notification.desktop_notification.win32': Not used on non-Windows systems
[2.395s] INFO:colcon.colcon_notification.desktop_notification:Sending desktop notification using 'notify2'
[2.406s] DEBUG:colcon.colcon_core.event_reactor:joined thread
[2.407s] INFO:colcon.colcon_core.shell:Creating prefix script '/home/amr/turtlebot3_ws/src/main/install/local_setup.ps1'
[2.408s] INFO:colcon.colcon_core.shell:Creating prefix util module '/home/amr/turtlebot3_ws/src/main/install/_local_setup_util_ps1.py'
[2.410s] INFO:colcon.colcon_core.shell:Creating prefix chain script '/home/amr/turtlebot3_ws/src/main/install/setup.ps1'
[2.414s] INFO:colcon.colcon_core.shell:Creating prefix script '/home/amr/turtlebot3_ws/src/main/install/local_setup.sh'
[2.415s] INFO:colcon.colcon_core.shell:Creating prefix util module '/home/amr/turtlebot3_ws/src/main/install/_local_setup_util_sh.py'
[2.416s] INFO:colcon.colcon_core.shell:Creating prefix chain script '/home/amr/turtlebot3_ws/src/main/install/setup.sh'
[2.419s] INFO:colcon.colcon_core.shell:Creating prefix script '/home/amr/turtlebot3_ws/src/main/install/local_setup.bash'
[2.420s] INFO:colcon.colcon_core.shell:Creating prefix chain script '/home/amr/turtlebot3_ws/src/main/install/setup.bash'
[2.423s] INFO:colcon.colcon_core.shell:Creating prefix script '/home/amr/turtlebot3_ws/src/main/install/local_setup.zsh'
[2.424s] INFO:colcon.colcon_core.shell:Creating prefix chain script '/home/amr/turtlebot3_ws/src/main/install/setup.zsh'
