[0.035s] Invoking command in '/home/amr/turtlebot3_ws/build/turtlebot3_cartographer': CMAKE_PREFIX_PATH=/opt/ros/humble /usr/bin/cmake /home/amr/turtlebot3_ws/src/turtlebot3/turtlebot3_cartographer -DAMENT_CMAKE_SYMLINK_INSTALL=1 -DCMAKE_INSTALL_PREFIX=/home/amr/turtlebot3_ws/install/turtlebot3_cartographer
[0.244s] -- The C compiler identification is GNU 11.4.0
[0.457s] -- The CXX compiler identification is GNU 11.4.0
[0.482s] -- Detecting C compiler ABI info
[0.752s] -- Detecting C compiler ABI info - done
[0.786s] -- Check for working C compiler: /usr/bin/cc - skipped
[0.787s] -- Detecting C compile features
[0.787s] -- Detecting C compile features - done
[0.800s] -- Detecting CXX compiler ABI info
[1.132s] -- Detecting CXX compiler ABI info - done
[1.166s] -- Check for working CXX compiler: /usr/bin/c++ - skipped
[1.166s] -- Detecting CXX compile features
[1.167s] -- Detecting CXX compile features - done
[1.179s] -- Found ament_cmake: 1.3.12 (/opt/ros/humble/share/ament_cmake/cmake)
[1.902s] -- Found Python3: /usr/bin/python3 (found version "3.10.12") found components: Interpreter 
[2.280s] -- Override CMake install command with custom implementation using symlinks instead of copying resources
[2.549s] -- Configuring done
[2.560s] -- Generating done
[2.564s] -- Build files have been written to: /home/amr/turtlebot3_ws/build/turtlebot3_cartographer
[2.576s] Invoked command in '/home/amr/turtlebot3_ws/build/turtlebot3_cartographer' returned '0': CMAKE_PREFIX_PATH=/opt/ros/humble /usr/bin/cmake /home/amr/turtlebot3_ws/src/turtlebot3/turtlebot3_cartographer -DAMENT_CMAKE_SYMLINK_INSTALL=1 -DCMAKE_INSTALL_PREFIX=/home/amr/turtlebot3_ws/install/turtlebot3_cartographer
[2.577s] Invoking command in '/home/amr/turtlebot3_ws/build/turtlebot3_cartographer': CMAKE_PREFIX_PATH=/opt/ros/humble /usr/bin/cmake --build /home/amr/turtlebot3_ws/build/turtlebot3_cartographer -- -j4 -l4
[2.686s] Invoked command in '/home/amr/turtlebot3_ws/build/turtlebot3_cartographer' returned '0': CMAKE_PREFIX_PATH=/opt/ros/humble /usr/bin/cmake --build /home/amr/turtlebot3_ws/build/turtlebot3_cartographer -- -j4 -l4
[2.687s] Invoking command in '/home/amr/turtlebot3_ws/build/turtlebot3_cartographer': CMAKE_PREFIX_PATH=/opt/ros/humble /usr/bin/cmake --install /home/amr/turtlebot3_ws/build/turtlebot3_cartographer
[2.714s] -- Install configuration: ""
[2.716s] -- Execute custom install script
[2.717s] -- Symlinking: /home/amr/turtlebot3_ws/install/turtlebot3_cartographer/share/turtlebot3_cartographer/config/turtlebot3_lds_2d.lua
[2.737s] -- Symlinking: /home/amr/turtlebot3_ws/install/turtlebot3_cartographer/share/turtlebot3_cartographer/launch/cartographer.launch.py
[2.753s] -- Symlinking: /home/amr/turtlebot3_ws/install/turtlebot3_cartographer/share/turtlebot3_cartographer/launch/occupancy_grid.launch.py
[2.772s] -- Symlinking: /home/amr/turtlebot3_ws/install/turtlebot3_cartographer/share/turtlebot3_cartographer/rviz/tb3_cartographer.rviz
[2.793s] -- Symlinking: /home/amr/turtlebot3_ws/install/turtlebot3_cartographer/share/ament_index/resource_index/package_run_dependencies/turtlebot3_cartographer
[2.808s] -- Symlinking: /home/amr/turtlebot3_ws/install/turtlebot3_cartographer/share/ament_index/resource_index/parent_prefix_path/turtlebot3_cartographer
[2.824s] -- Symlinking: /home/amr/turtlebot3_ws/install/turtlebot3_cartographer/share/turtlebot3_cartographer/environment/ament_prefix_path.sh
[2.843s] -- Symlinking: /home/amr/turtlebot3_ws/install/turtlebot3_cartographer/share/turtlebot3_cartographer/environment/ament_prefix_path.dsv
[2.862s] -- Symlinking: /home/amr/turtlebot3_ws/install/turtlebot3_cartographer/share/turtlebot3_cartographer/environment/path.sh
[2.879s] -- Symlinking: /home/amr/turtlebot3_ws/install/turtlebot3_cartographer/share/turtlebot3_cartographer/environment/path.dsv
[2.907s] -- Symlinking: /home/amr/turtlebot3_ws/install/turtlebot3_cartographer/share/turtlebot3_cartographer/local_setup.bash
[2.940s] -- Symlinking: /home/amr/turtlebot3_ws/install/turtlebot3_cartographer/share/turtlebot3_cartographer/local_setup.sh
[2.974s] -- Symlinking: /home/amr/turtlebot3_ws/install/turtlebot3_cartographer/share/turtlebot3_cartographer/local_setup.zsh
[3.019s] -- Symlinking: /home/amr/turtlebot3_ws/install/turtlebot3_cartographer/share/turtlebot3_cartographer/local_setup.dsv
[3.044s] -- Symlinking: /home/amr/turtlebot3_ws/install/turtlebot3_cartographer/share/turtlebot3_cartographer/package.dsv
[3.085s] -- Symlinking: /home/amr/turtlebot3_ws/install/turtlebot3_cartographer/share/ament_index/resource_index/packages/turtlebot3_cartographer
[3.120s] -- Symlinking: /home/amr/turtlebot3_ws/install/turtlebot3_cartographer/share/turtlebot3_cartographer/cmake/turtlebot3_cartographerConfig.cmake
[3.164s] -- Symlinking: /home/amr/turtlebot3_ws/install/turtlebot3_cartographer/share/turtlebot3_cartographer/cmake/turtlebot3_cartographerConfig-version.cmake
[3.193s] -- Symlinking: /home/amr/turtlebot3_ws/install/turtlebot3_cartographer/share/turtlebot3_cartographer/package.xml
[3.236s] Invoked command in '/home/amr/turtlebot3_ws/build/turtlebot3_cartographer' returned '0': CMAKE_PREFIX_PATH=/opt/ros/humble /usr/bin/cmake --install /home/amr/turtlebot3_ws/build/turtlebot3_cartographer
