[0.998s] Invoking command in '/home/amr/turtlebot3_ws/src/main': PYTHONPATH=/home/amr/turtlebot3_ws/src/main/build/main/prefix_override:/usr/lib/python3/dist-packages/colcon_core/task/python/colcon_distutils_commands:/home/amr/turtlebot3_ws/src/main/install/main/lib/python3.10/site-packages:${PYTHONPATH} /usr/bin/python3 -W ignore:setup.py install is deprecated -W ignore:easy_install command is deprecated setup.py egg_info --egg-base build/main build --build-base /home/amr/turtlebot3_ws/src/main/build/main/build install --record /home/amr/turtlebot3_ws/src/main/build/main/install.log --single-version-externally-managed install_data
[1.357s] running egg_info
[1.358s] writing build/main/main.egg-info/PKG-INFO
[1.358s] writing dependency_links to build/main/main.egg-info/dependency_links.txt
[1.358s] writing entry points to build/main/main.egg-info/entry_points.txt
[1.358s] writing requirements to build/main/main.egg-info/requires.txt
[1.359s] writing top-level names to build/main/main.egg-info/top_level.txt
[1.361s] reading manifest file 'build/main/main.egg-info/SOURCES.txt'
[1.363s] writing manifest file 'build/main/main.egg-info/SOURCES.txt'
[1.363s] running build
[1.363s] running build_py
[1.363s] copying main.py -> /home/amr/turtlebot3_ws/src/main/build/main/build/lib
[1.365s] running install
[1.365s] running install_lib
[1.366s] copying /home/amr/turtlebot3_ws/src/main/build/main/build/lib/main.py -> /home/amr/turtlebot3_ws/src/main/install/main/lib/python3.10/site-packages
[1.368s] byte-compiling /home/amr/turtlebot3_ws/src/main/install/main/lib/python3.10/site-packages/main.py to main.cpython-310.pyc
[1.370s] running install_data
[1.370s] running install_egg_info
[1.372s] removing '/home/amr/turtlebot3_ws/src/main/install/main/lib/python3.10/site-packages/main-0.0.1-py3.10.egg-info' (and everything under it)
[1.373s] Copying build/main/main.egg-info to /home/amr/turtlebot3_ws/src/main/install/main/lib/python3.10/site-packages/main-0.0.1-py3.10.egg-info
[1.374s] running install_scripts
[1.401s] Installing main script to /home/amr/turtlebot3_ws/src/main/install/main/lib/main
[1.402s] writing list of installed files to '/home/amr/turtlebot3_ws/src/main/build/main/install.log'
[1.442s] Invoked command in '/home/amr/turtlebot3_ws/src/main' returned '0': PYTHONPATH=/home/amr/turtlebot3_ws/src/main/build/main/prefix_override:/usr/lib/python3/dist-packages/colcon_core/task/python/colcon_distutils_commands:/home/amr/turtlebot3_ws/src/main/install/main/lib/python3.10/site-packages:${PYTHONPATH} /usr/bin/python3 -W ignore:setup.py install is deprecated -W ignore:easy_install command is deprecated setup.py egg_info --egg-base build/main build --build-base /home/amr/turtlebot3_ws/src/main/build/main/build install --record /home/amr/turtlebot3_ws/src/main/build/main/install.log --single-version-externally-managed install_data
