/usr/lib/python3/dist-packages/setuptools/dist.py:723: UserWarning: Usage of dash-separated 'script-dir' will not be supported in future versions. Please use the underscore name 'script_dir' instead
  warnings.warn(
running develop
Removing /home/amr/turtlebot3_ws/src/main/install/main/lib/python3.10/site-packages/main.egg-link (link to .)
/usr/lib/python3/dist-packages/setuptools/dist.py:723: UserWarning: Usage of dash-separated 'script-dir' will not be supported in future versions. Please use the underscore name 'script_dir' instead
  warnings.warn(
running egg_info
writing build/main/main.egg-info/PKG-INFO
writing dependency_links to build/main/main.egg-info/dependency_links.txt
writing entry points to build/main/main.egg-info/entry_points.txt
writing requirements to build/main/main.egg-info/requires.txt
writing top-level names to build/main/main.egg-info/top_level.txt
reading manifest file 'build/main/main.egg-info/SOURCES.txt'
writing manifest file 'build/main/main.egg-info/SOURCES.txt'
running build
running install
running install_data
copying resource/main -> /home/amr/turtlebot3_ws/src/main/install/main/share/ament_index/resource_index/packages
copying package.xml -> /home/amr/turtlebot3_ws/src/main/install/main/share/main
copying launch/occupancy_grid.launch.py -> /home/amr/turtlebot3_ws/src/main/install/main/share/main/launch
copying launch/my_slam_toolbox.launch.py -> /home/amr/turtlebot3_ws/src/main/install/main/share/main/launch
running install_egg_info
Copying build/main/main.egg-info to /home/amr/turtlebot3_ws/src/main/install/main/lib/python3.10/site-packages/main-0.0.1-py3.10.egg-info
running install_scripts
Installing ROS2Publisher script to /home/amr/turtlebot3_ws/src/main/install/main/lib/main
Installing encoder_joint_state_publisher script to /home/amr/turtlebot3_ws/src/main/install/main/lib/main
Installing main script to /home/amr/turtlebot3_ws/src/main/install/main/lib/main
Installing odom_tf_broadcaster script to /home/amr/turtlebot3_ws/src/main/install/main/lib/main
writing list of installed files to '/home/amr/turtlebot3_ws/src/main/build/main/install.log'
