[INFO] [launch]: All log files can be found below /home/amr/.ros/log/2025-10-30-16-32-41-740254-hoan-11858
[INFO] [launch]: Default logging verbosity is set to INFO
urdf_file_name : turtlebot3_burger.urdf
[INFO] [robot_state_publisher-1]: process started with pid [11870]
[INFO] [rplidar_node-2]: process started with pid [11872]
[rplidar_node-2] [INFO] [1761816762.074370733] [rplidar_node]: RPLidar running on ROS2 package rplidar_ros. RPLIDAR SDK Version:2.1.0
[robot_state_publisher-1] [INFO] [1761816762.075726184] [robot_state_publisher]: got segment base_footprint
[robot_state_publisher-1] [INFO] [1761816762.075897547] [robot_state_publisher]: got segment base_link
[robot_state_publisher-1] [INFO] [1761816762.075917260] [robot_state_publisher]: got segment base_scan
[robot_state_publisher-1] [INFO] [1761816762.075928744] [robot_state_publisher]: got segment caster_back_link
[robot_state_publisher-1] [INFO] [1761816762.075939768] [robot_state_publisher]: got segment imu_link
[robot_state_publisher-1] [INFO] [1761816762.075949847] [robot_state_publisher]: got segment wheel_left_link
[robot_state_publisher-1] [INFO] [1761816762.075959763] [robot_state_publisher]: got segment wheel_right_link
[rplidar_node-2] [INFO] [1761816762.084537208] [rplidar_node]: RPLidar S/N: D3BAEE8BC8E792D8B1E39BF35A6C4C61
[rplidar_node-2] [INFO] [1761816762.084601736] [rplidar_node]: Firmware Ver: 1.28
[rplidar_node-2] [INFO] [1761816762.084614049] [rplidar_node]: Hardware Rev: 6
[rplidar_node-2] [INFO] [1761816762.086366991] [rplidar_node]: RPLidar health status : 0
[rplidar_node-2] [INFO] [1761816762.086412247] [rplidar_node]: RPLidar health status : OK.
[rplidar_node-2] [INFO] [1761816762.099813544] [rplidar_node]: Start
[rplidar_node-2] [INFO] [1761816762.347701392] [rplidar_node]: current scan mode: Sensitivity, sample rate: 8 Khz, max_distance: 12.0 m, scan frequency:10.0 Hz, 
