[0.050s] Invoking command in '/home/amr/turtlebot3_ws/build/dynamixel_sdk': CMAKE_PREFIX_PATH=${CMAKE_PREFIX_PATH}:/home/amr/install/turtlebot3_teleop:/home/amr/install/turtlebot3_navigation2:/home/amr/install/turtlebot3_example:/home/amr/install/turtlebot3_description:/home/amr/install/main:/home/amr/turtlebot3_ws/install/turtlebot3_teleop:/home/amr/turtlebot3_ws/install/turtlebot3_example:/home/amr/turtlebot3_ws/install/main:/opt/ros/humble /usr/bin/cmake --build /home/amr/turtlebot3_ws/build/dynamixel_sdk -- -j4 -l4
[0.168s] [100%] Built target dynamixel_sdk
[0.199s] [100%] Built target ament_cmake_python_symlink_dynamixel_sdk
[1.098s] running egg_info
[1.100s] writing dynamixel_sdk.egg-info/PKG-INFO
[1.101s] writing dependency_links to dynamixel_sdk.egg-info/dependency_links.txt
[1.102s] writing top-level names to dynamixel_sdk.egg-info/top_level.txt
[1.108s] reading manifest file 'dynamixel_sdk.egg-info/SOURCES.txt'
[1.110s] writing manifest file 'dynamixel_sdk.egg-info/SOURCES.txt'
[1.209s] [100%] Built target ament_cmake_python_build_dynamixel_sdk_egg
[1.740s] Invoked command in '/home/amr/turtlebot3_ws/build/dynamixel_sdk' returned '0': CMAKE_PREFIX_PATH=${CMAKE_PREFIX_PATH}:/home/amr/install/turtlebot3_teleop:/home/amr/install/turtlebot3_navigation2:/home/amr/install/turtlebot3_example:/home/amr/install/turtlebot3_description:/home/amr/install/main:/home/amr/turtlebot3_ws/install/turtlebot3_teleop:/home/amr/turtlebot3_ws/install/turtlebot3_example:/home/amr/turtlebot3_ws/install/main:/opt/ros/humble /usr/bin/cmake --build /home/amr/turtlebot3_ws/build/dynamixel_sdk -- -j4 -l4
[1.744s] Invoking command in '/home/amr/turtlebot3_ws/build/dynamixel_sdk': CMAKE_PREFIX_PATH=${CMAKE_PREFIX_PATH}:/home/amr/install/turtlebot3_teleop:/home/amr/install/turtlebot3_navigation2:/home/amr/install/turtlebot3_example:/home/amr/install/turtlebot3_description:/home/amr/install/main:/home/amr/turtlebot3_ws/install/turtlebot3_teleop:/home/amr/turtlebot3_ws/install/turtlebot3_example:/home/amr/turtlebot3_ws/install/main:/opt/ros/humble /usr/bin/cmake --install /home/amr/turtlebot3_ws/build/dynamixel_sdk
[1.769s] -- Install configuration: ""
[1.769s] -- Execute custom install script
[1.769s] -- Up-to-date symlink: /home/amr/turtlebot3_ws/install/dynamixel_sdk/include//dynamixel_sdk/dynamixel_sdk.h
[1.770s] -- Up-to-date symlink: /home/amr/turtlebot3_ws/install/dynamixel_sdk/include//dynamixel_sdk/group_bulk_read.h
[1.770s] -- Up-to-date symlink: /home/amr/turtlebot3_ws/install/dynamixel_sdk/include//dynamixel_sdk/group_bulk_write.h
[1.770s] -- Up-to-date symlink: /home/amr/turtlebot3_ws/install/dynamixel_sdk/include//dynamixel_sdk/group_fast_bulk_read.h
[1.776s] -- Up-to-date symlink: /home/amr/turtlebot3_ws/install/dynamixel_sdk/include//dynamixel_sdk/group_fast_sync_read.h
[1.777s] -- Up-to-date symlink: /home/amr/turtlebot3_ws/install/dynamixel_sdk/include//dynamixel_sdk/group_handler.h
[1.777s] -- Up-to-date symlink: /home/amr/turtlebot3_ws/install/dynamixel_sdk/include//dynamixel_sdk/group_sync_read.h
[1.777s] -- Up-to-date symlink: /home/amr/turtlebot3_ws/install/dynamixel_sdk/include//dynamixel_sdk/group_sync_write.h
[1.778s] -- Up-to-date symlink: /home/amr/turtlebot3_ws/install/dynamixel_sdk/include//dynamixel_sdk/packet_handler.h
[1.778s] -- Up-to-date symlink: /home/amr/turtlebot3_ws/install/dynamixel_sdk/include//dynamixel_sdk/port_handler.h
[1.789s] -- Up-to-date symlink: /home/amr/turtlebot3_ws/install/dynamixel_sdk/include//dynamixel_sdk/port_handler_arduino.h
[1.789s] -- Up-to-date symlink: /home/amr/turtlebot3_ws/install/dynamixel_sdk/include//dynamixel_sdk/port_handler_linux.h
[1.789s] -- Up-to-date symlink: /home/amr/turtlebot3_ws/install/dynamixel_sdk/include//dynamixel_sdk/port_handler_mac.h
[1.790s] -- Up-to-date symlink: /home/amr/turtlebot3_ws/install/dynamixel_sdk/include//dynamixel_sdk/port_handler_windows.h
[1.791s] -- Up-to-date symlink: /home/amr/turtlebot3_ws/install/dynamixel_sdk/include//dynamixel_sdk/protocol1_packet_handler.h
[1.791s] -- Up-to-date symlink: /home/amr/turtlebot3_ws/install/dynamixel_sdk/include//dynamixel_sdk/protocol2_packet_handler.h
[1.793s] -- Up-to-date symlink: /home/amr/turtlebot3_ws/install/dynamixel_sdk/share/dynamixel_sdk/environment/pythonpath.sh
[1.794s] -- Up-to-date symlink: /home/amr/turtlebot3_ws/install/dynamixel_sdk/share/dynamixel_sdk/environment/pythonpath.dsv
[1.795s] -- Up-to-date symlink: /home/amr/turtlebot3_ws/install/dynamixel_sdk/local/lib/python3.10/dist-packages/dynamixel_sdk-3.8.4-py3.10.egg-info/PKG-INFO
[1.795s] -- Up-to-date symlink: /home/amr/turtlebot3_ws/install/dynamixel_sdk/local/lib/python3.10/dist-packages/dynamixel_sdk-3.8.4-py3.10.egg-info/SOURCES.txt
[1.795s] -- Up-to-date symlink: /home/amr/turtlebot3_ws/install/dynamixel_sdk/local/lib/python3.10/dist-packages/dynamixel_sdk-3.8.4-py3.10.egg-info/dependency_links.txt
[1.800s] -- Up-to-date symlink: /home/amr/turtlebot3_ws/install/dynamixel_sdk/local/lib/python3.10/dist-packages/dynamixel_sdk-3.8.4-py3.10.egg-info/top_level.txt
[1.801s] -- Up-to-date symlink: /home/amr/turtlebot3_ws/install/dynamixel_sdk/local/lib/python3.10/dist-packages/dynamixel_sdk/__init__.py
[1.801s] -- Up-to-date symlink: /home/amr/turtlebot3_ws/install/dynamixel_sdk/local/lib/python3.10/dist-packages/dynamixel_sdk/group_bulk_read.cpp
[1.801s] -- Up-to-date symlink: /home/amr/turtlebot3_ws/install/dynamixel_sdk/local/lib/python3.10/dist-packages/dynamixel_sdk/group_bulk_read.py
[1.801s] -- Up-to-date symlink: /home/amr/turtlebot3_ws/install/dynamixel_sdk/local/lib/python3.10/dist-packages/dynamixel_sdk/group_bulk_write.cpp
[1.801s] -- Up-to-date symlink: /home/amr/turtlebot3_ws/install/dynamixel_sdk/local/lib/python3.10/dist-packages/dynamixel_sdk/group_bulk_write.py
[1.806s] -- Up-to-date symlink: /home/amr/turtlebot3_ws/install/dynamixel_sdk/local/lib/python3.10/dist-packages/dynamixel_sdk/group_fast_bulk_read.cpp
[1.806s] -- Up-to-date symlink: /home/amr/turtlebot3_ws/install/dynamixel_sdk/local/lib/python3.10/dist-packages/dynamixel_sdk/group_fast_sync_read.cpp
[1.807s] -- Up-to-date symlink: /home/amr/turtlebot3_ws/install/dynamixel_sdk/local/lib/python3.10/dist-packages/dynamixel_sdk/group_handler.cpp
[1.807s] -- Up-to-date symlink: /home/amr/turtlebot3_ws/install/dynamixel_sdk/local/lib/python3.10/dist-packages/dynamixel_sdk/group_sync_read.cpp
[1.807s] -- Up-to-date symlink: /home/amr/turtlebot3_ws/install/dynamixel_sdk/local/lib/python3.10/dist-packages/dynamixel_sdk/group_sync_read.py
[1.807s] -- Up-to-date symlink: /home/amr/turtlebot3_ws/install/dynamixel_sdk/local/lib/python3.10/dist-packages/dynamixel_sdk/group_sync_write.cpp
[1.809s] -- Up-to-date symlink: /home/amr/turtlebot3_ws/install/dynamixel_sdk/local/lib/python3.10/dist-packages/dynamixel_sdk/group_sync_write.py
[1.809s] -- Up-to-date symlink: /home/amr/turtlebot3_ws/install/dynamixel_sdk/local/lib/python3.10/dist-packages/dynamixel_sdk/packet_handler.cpp
[1.809s] -- Up-to-date symlink: /home/amr/turtlebot3_ws/install/dynamixel_sdk/local/lib/python3.10/dist-packages/dynamixel_sdk/packet_handler.py
[1.809s] -- Up-to-date symlink: /home/amr/turtlebot3_ws/install/dynamixel_sdk/local/lib/python3.10/dist-packages/dynamixel_sdk/port_handler.cpp
[1.810s] -- Up-to-date symlink: /home/amr/turtlebot3_ws/install/dynamixel_sdk/local/lib/python3.10/dist-packages/dynamixel_sdk/port_handler.py
[1.810s] -- Up-to-date symlink: /home/amr/turtlebot3_ws/install/dynamixel_sdk/local/lib/python3.10/dist-packages/dynamixel_sdk/port_handler_arduino.cpp
[1.810s] -- Up-to-date symlink: /home/amr/turtlebot3_ws/install/dynamixel_sdk/local/lib/python3.10/dist-packages/dynamixel_sdk/port_handler_linux.cpp
[1.810s] -- Up-to-date symlink: /home/amr/turtlebot3_ws/install/dynamixel_sdk/local/lib/python3.10/dist-packages/dynamixel_sdk/port_handler_mac.cpp
[1.810s] -- Up-to-date symlink: /home/amr/turtlebot3_ws/install/dynamixel_sdk/local/lib/python3.10/dist-packages/dynamixel_sdk/port_handler_windows.cpp
[1.810s] -- Up-to-date symlink: /home/amr/turtlebot3_ws/install/dynamixel_sdk/local/lib/python3.10/dist-packages/dynamixel_sdk/protocol1_packet_handler.cpp
[1.811s] -- Up-to-date symlink: /home/amr/turtlebot3_ws/install/dynamixel_sdk/local/lib/python3.10/dist-packages/dynamixel_sdk/protocol1_packet_handler.py
[1.811s] -- Up-to-date symlink: /home/amr/turtlebot3_ws/install/dynamixel_sdk/local/lib/python3.10/dist-packages/dynamixel_sdk/protocol2_packet_handler.cpp
[1.811s] -- Up-to-date symlink: /home/amr/turtlebot3_ws/install/dynamixel_sdk/local/lib/python3.10/dist-packages/dynamixel_sdk/protocol2_packet_handler.py
[1.811s] -- Up-to-date symlink: /home/amr/turtlebot3_ws/install/dynamixel_sdk/local/lib/python3.10/dist-packages/dynamixel_sdk/robotis_def.py
[1.811s] -- Up-to-date symlink: /home/amr/turtlebot3_ws/install/dynamixel_sdk/share/dynamixel_sdk/environment/library_path.sh
[1.811s] -- Up-to-date symlink: /home/amr/turtlebot3_ws/install/dynamixel_sdk/share/dynamixel_sdk/environment/library_path.dsv
[1.811s] -- Up-to-date symlink: /home/amr/turtlebot3_ws/install/dynamixel_sdk/share/ament_index/resource_index/package_run_dependencies/dynamixel_sdk
[1.812s] -- Up-to-date symlink: /home/amr/turtlebot3_ws/install/dynamixel_sdk/share/ament_index/resource_index/parent_prefix_path/dynamixel_sdk
[1.812s] -- Up-to-date symlink: /home/amr/turtlebot3_ws/install/dynamixel_sdk/share/dynamixel_sdk/environment/ament_prefix_path.sh
[1.818s] -- Up-to-date symlink: /home/amr/turtlebot3_ws/install/dynamixel_sdk/share/dynamixel_sdk/environment/ament_prefix_path.dsv
[1.819s] -- Up-to-date symlink: /home/amr/turtlebot3_ws/install/dynamixel_sdk/share/dynamixel_sdk/environment/path.sh
[1.819s] -- Up-to-date symlink: /home/amr/turtlebot3_ws/install/dynamixel_sdk/share/dynamixel_sdk/environment/path.dsv
[1.819s] -- Up-to-date symlink: /home/amr/turtlebot3_ws/install/dynamixel_sdk/share/dynamixel_sdk/local_setup.bash
[1.819s] -- Up-to-date symlink: /home/amr/turtlebot3_ws/install/dynamixel_sdk/share/dynamixel_sdk/local_setup.sh
[1.819s] -- Up-to-date symlink: /home/amr/turtlebot3_ws/install/dynamixel_sdk/share/dynamixel_sdk/local_setup.zsh
[1.819s] -- Up-to-date symlink: /home/amr/turtlebot3_ws/install/dynamixel_sdk/share/dynamixel_sdk/local_setup.dsv
[1.819s] -- Symlinking: /home/amr/turtlebot3_ws/install/dynamixel_sdk/share/dynamixel_sdk/package.dsv
[1.857s] -- Up-to-date symlink: /home/amr/turtlebot3_ws/install/dynamixel_sdk/share/ament_index/resource_index/packages/dynamixel_sdk
[1.858s] -- Up-to-date symlink: /home/amr/turtlebot3_ws/install/dynamixel_sdk/share/dynamixel_sdk/cmake/ament_cmake_export_targets-extras.cmake
[1.858s] -- Up-to-date symlink: /home/amr/turtlebot3_ws/install/dynamixel_sdk/share/dynamixel_sdk/cmake/ament_cmake_export_include_directories-extras.cmake
[1.858s] -- Up-to-date symlink: /home/amr/turtlebot3_ws/install/dynamixel_sdk/share/dynamixel_sdk/cmake/ament_cmake_export_libraries-extras.cmake
[1.862s] -- Up-to-date symlink: /home/amr/turtlebot3_ws/install/dynamixel_sdk/share/dynamixel_sdk/cmake/dynamixel_sdkConfig.cmake
[1.863s] -- Up-to-date symlink: /home/amr/turtlebot3_ws/install/dynamixel_sdk/share/dynamixel_sdk/cmake/dynamixel_sdkConfig-version.cmake
[1.863s] -- Up-to-date symlink: /home/amr/turtlebot3_ws/install/dynamixel_sdk/share/dynamixel_sdk/package.xml
[1.863s] -- Up-to-date: /home/amr/turtlebot3_ws/install/dynamixel_sdk/lib/libdynamixel_sdk.so
[1.966s] Listing '/home/amr/turtlebot3_ws/install/dynamixel_sdk/local/lib/python3.10/dist-packages/dynamixel_sdk'...
[1.985s] -- Up-to-date: /home/amr/turtlebot3_ws/install/dynamixel_sdk/share/dynamixel_sdk/cmake/dynamixel_sdkExport.cmake
[1.985s] -- Up-to-date: /home/amr/turtlebot3_ws/install/dynamixel_sdk/share/dynamixel_sdk/cmake/dynamixel_sdkExport-noconfig.cmake
[1.985s] Invoked command in '/home/amr/turtlebot3_ws/build/dynamixel_sdk' returned '0': CMAKE_PREFIX_PATH=${CMAKE_PREFIX_PATH}:/home/amr/install/turtlebot3_teleop:/home/amr/install/turtlebot3_navigation2:/home/amr/install/turtlebot3_example:/home/amr/install/turtlebot3_description:/home/amr/install/main:/home/amr/turtlebot3_ws/install/turtlebot3_teleop:/home/amr/turtlebot3_ws/install/turtlebot3_example:/home/amr/turtlebot3_ws/install/main:/opt/ros/humble /usr/bin/cmake --install /home/amr/turtlebot3_ws/build/dynamixel_sdk
