[0.501s] Invoking command in '/home/amr/turtlebot3_ws/build/turtlebot3_node': CMAKE_PREFIX_PATH=/home/amr/turtlebot3_ws/install/turtlebot3_msgs:/home/amr/turtlebot3_ws/install/dynamixel_sdk:/home/amr/turtlebot3_ws/install/turtlebot3:/home/amr/turtlebot3_ws/install/turtlebot3_bringup:/home/amr/turtlebot3_ws/install/turtlebot3_node:/home/amr/turtlebot3_ws/install/turtlebot3_navigation2:/home/amr/turtlebot3_ws/install/turtlebot3_description:/home/amr/turtlebot3_ws/install/turtlebot3_cartographer:/home/amr/turtlebot3_ws/install/rplidar_ros:/home/amr/turtlebot3_ws/install/dynamixel_sdk_examples:/home/amr/turtlebot3_ws/install/dynamixel_sdk_custom_interfaces:/home/amr/turtlebot3_ws/install/main:/home/amr/turtlebot3_ws/install/turtlebot3_teleop:/home/amr/turtlebot3_ws/install/turtlebot3_example:/opt/ros/humble LD_LIBRARY_PATH=/home/amr/turtlebot3_ws/install/turtlebot3_msgs/lib:/home/amr/turtlebot3_ws/install/dynamixel_sdk/lib:/home/amr/turtlebot3_ws/install/dynamixel_sdk_custom_interfaces/lib:/usr/lib/x86_64-linux-gnu/gazebo-11/plugins:/opt/ros/humble/opt/rviz_ogre_vendor/lib:/opt/ros/humble/lib/x86_64-linux-gnu:/opt/ros/humble/lib:/usr/lib/x86_64-linux-gnu/gazebo-11/plugins:/usr/lib/x86_64-linux-gnu/gazebo-11/plugins:/usr/lib/x86_64-linux-gnu/gazebo-11/plugins:/usr/lib/x86_64-linux-gnu/gazebo-11/plugins:/usr/lib/x86_64-linux-gnu/gazebo-11/plugins:/usr/lib/x86_64-linux-gnu/gazebo-11/plugins /usr/bin/cmake --build /home/amr/turtlebot3_ws/build/turtlebot3_node -- -j4 -l4
[0.594s] [ 14%] [32mBuilding CXX object CMakeFiles/turtlebot3_node_lib.dir/src/odometry.cpp.o[0m
[0.595s] [ 14%] [32mBuilding CXX object CMakeFiles/turtlebot3_node_lib.dir/src/diff_drive_controller.cpp.o[0m
[0.600s] [ 21%] [32mBuilding CXX object CMakeFiles/turtlebot3_node_lib.dir/src/turtlebot3.cpp.o[0m
[7.418s] [01m[K/home/amr/turtlebot3_ws/src/turtlebot3/turtlebot3_node/src/turtlebot3.cpp:[m[K In constructor ‘[01m[Krobotis::turtlebot3::TurtleBot3::TurtleBot3(const string&)[m[K’:
[7.418s] [01m[K/home/amr/turtlebot3_ws/src/turtlebot3/turtlebot3_node/src/turtlebot3.cpp:25:44:[m[K [01;35m[Kwarning: [m[Kunused parameter ‘[01m[Kusb_port[m[K’ [[01;35m[K]8;;https://gcc.gnu.org/onlinedocs/gcc/Warning-Options.html#index-Wunused-parameter-Wunused-parameter]8;;[m[K]
[7.418s]    25 | TurtleBot3::TurtleBot3([01;35m[Kconst std::string & usb_port[m[K)
[7.418s]       |                        [01;35m[K~~~~~~~~~~~~~~~~~~~~^~~~~~~~[m[K
[25.186s] [ 28%] [32m[1mLinking CXX static library libturtlebot3_node_lib.a[0m
[25.840s] [ 85%] Built target turtlebot3_node_lib
[25.876s] [ 92%] [32m[1mLinking CXX executable turtlebot3_ros[0m
[28.356s] [100%] Built target turtlebot3_ros
[28.370s] Invoked command in '/home/amr/turtlebot3_ws/build/turtlebot3_node' returned '0': CMAKE_PREFIX_PATH=/home/amr/turtlebot3_ws/install/turtlebot3_msgs:/home/amr/turtlebot3_ws/install/dynamixel_sdk:/home/amr/turtlebot3_ws/install/turtlebot3:/home/amr/turtlebot3_ws/install/turtlebot3_bringup:/home/amr/turtlebot3_ws/install/turtlebot3_node:/home/amr/turtlebot3_ws/install/turtlebot3_navigation2:/home/amr/turtlebot3_ws/install/turtlebot3_description:/home/amr/turtlebot3_ws/install/turtlebot3_cartographer:/home/amr/turtlebot3_ws/install/rplidar_ros:/home/amr/turtlebot3_ws/install/dynamixel_sdk_examples:/home/amr/turtlebot3_ws/install/dynamixel_sdk_custom_interfaces:/home/amr/turtlebot3_ws/install/main:/home/amr/turtlebot3_ws/install/turtlebot3_teleop:/home/amr/turtlebot3_ws/install/turtlebot3_example:/opt/ros/humble LD_LIBRARY_PATH=/home/amr/turtlebot3_ws/install/turtlebot3_msgs/lib:/home/amr/turtlebot3_ws/install/dynamixel_sdk/lib:/home/amr/turtlebot3_ws/install/dynamixel_sdk_custom_interfaces/lib:/usr/lib/x86_64-linux-gnu/gazebo-11/plugins:/opt/ros/humble/opt/rviz_ogre_vendor/lib:/opt/ros/humble/lib/x86_64-linux-gnu:/opt/ros/humble/lib:/usr/lib/x86_64-linux-gnu/gazebo-11/plugins:/usr/lib/x86_64-linux-gnu/gazebo-11/plugins:/usr/lib/x86_64-linux-gnu/gazebo-11/plugins:/usr/lib/x86_64-linux-gnu/gazebo-11/plugins:/usr/lib/x86_64-linux-gnu/gazebo-11/plugins:/usr/lib/x86_64-linux-gnu/gazebo-11/plugins /usr/bin/cmake --build /home/amr/turtlebot3_ws/build/turtlebot3_node -- -j4 -l4
[28.372s] Invoking command in '/home/amr/turtlebot3_ws/build/turtlebot3_node': CMAKE_PREFIX_PATH=/home/amr/turtlebot3_ws/install/turtlebot3_msgs:/home/amr/turtlebot3_ws/install/dynamixel_sdk:/home/amr/turtlebot3_ws/install/turtlebot3:/home/amr/turtlebot3_ws/install/turtlebot3_bringup:/home/amr/turtlebot3_ws/install/turtlebot3_node:/home/amr/turtlebot3_ws/install/turtlebot3_navigation2:/home/amr/turtlebot3_ws/install/turtlebot3_description:/home/amr/turtlebot3_ws/install/turtlebot3_cartographer:/home/amr/turtlebot3_ws/install/rplidar_ros:/home/amr/turtlebot3_ws/install/dynamixel_sdk_examples:/home/amr/turtlebot3_ws/install/dynamixel_sdk_custom_interfaces:/home/amr/turtlebot3_ws/install/main:/home/amr/turtlebot3_ws/install/turtlebot3_teleop:/home/amr/turtlebot3_ws/install/turtlebot3_example:/opt/ros/humble LD_LIBRARY_PATH=/home/amr/turtlebot3_ws/install/turtlebot3_msgs/lib:/home/amr/turtlebot3_ws/install/dynamixel_sdk/lib:/home/amr/turtlebot3_ws/install/dynamixel_sdk_custom_interfaces/lib:/usr/lib/x86_64-linux-gnu/gazebo-11/plugins:/opt/ros/humble/opt/rviz_ogre_vendor/lib:/opt/ros/humble/lib/x86_64-linux-gnu:/opt/ros/humble/lib:/usr/lib/x86_64-linux-gnu/gazebo-11/plugins:/usr/lib/x86_64-linux-gnu/gazebo-11/plugins:/usr/lib/x86_64-linux-gnu/gazebo-11/plugins:/usr/lib/x86_64-linux-gnu/gazebo-11/plugins:/usr/lib/x86_64-linux-gnu/gazebo-11/plugins:/usr/lib/x86_64-linux-gnu/gazebo-11/plugins /usr/bin/cmake --install /home/amr/turtlebot3_ws/build/turtlebot3_node
[28.381s] -- Install configuration: ""
[28.382s] -- Execute custom install script
[28.382s] -- Up-to-date symlink: /home/amr/turtlebot3_ws/install/turtlebot3_node/share/turtlebot3_node/param/burger.yaml
[28.383s] -- Up-to-date symlink: /home/amr/turtlebot3_ws/install/turtlebot3_node/share/turtlebot3_node/param/waffle.yaml
[28.383s] -- Up-to-date symlink: /home/amr/turtlebot3_ws/install/turtlebot3_node/share/turtlebot3_node/param/waffle_pi.yaml
[28.383s] -- Up-to-date symlink: /home/amr/turtlebot3_ws/install/turtlebot3_node/lib/turtlebot3_node/turtlebot3_ros
[28.383s] -- Up-to-date symlink: /home/amr/turtlebot3_ws/install/turtlebot3_node/share/ament_index/resource_index/package_run_dependencies/turtlebot3_node
[28.384s] -- Up-to-date symlink: /home/amr/turtlebot3_ws/install/turtlebot3_node/share/ament_index/resource_index/parent_prefix_path/turtlebot3_node
[28.384s] -- Up-to-date symlink: /home/amr/turtlebot3_ws/install/turtlebot3_node/share/turtlebot3_node/environment/ament_prefix_path.sh
[28.384s] -- Up-to-date symlink: /home/amr/turtlebot3_ws/install/turtlebot3_node/share/turtlebot3_node/environment/ament_prefix_path.dsv
[28.384s] -- Up-to-date symlink: /home/amr/turtlebot3_ws/install/turtlebot3_node/share/turtlebot3_node/environment/path.sh
[28.384s] -- Up-to-date symlink: /home/amr/turtlebot3_ws/install/turtlebot3_node/share/turtlebot3_node/environment/path.dsv
[28.385s] -- Up-to-date symlink: /home/amr/turtlebot3_ws/install/turtlebot3_node/share/turtlebot3_node/local_setup.bash
[28.385s] -- Up-to-date symlink: /home/amr/turtlebot3_ws/install/turtlebot3_node/share/turtlebot3_node/local_setup.sh
[28.385s] -- Up-to-date symlink: /home/amr/turtlebot3_ws/install/turtlebot3_node/share/turtlebot3_node/local_setup.zsh
[28.385s] -- Up-to-date symlink: /home/amr/turtlebot3_ws/install/turtlebot3_node/share/turtlebot3_node/local_setup.dsv
[28.385s] -- Symlinking: /home/amr/turtlebot3_ws/install/turtlebot3_node/share/turtlebot3_node/package.dsv
[28.397s] -- Up-to-date symlink: /home/amr/turtlebot3_ws/install/turtlebot3_node/share/ament_index/resource_index/packages/turtlebot3_node
[28.397s] -- Up-to-date symlink: /home/amr/turtlebot3_ws/install/turtlebot3_node/share/turtlebot3_node/cmake/ament_cmake_export_dependencies-extras.cmake
[28.397s] -- Up-to-date symlink: /home/amr/turtlebot3_ws/install/turtlebot3_node/share/turtlebot3_node/cmake/ament_cmake_export_include_directories-extras.cmake
[28.398s] -- Up-to-date symlink: /home/amr/turtlebot3_ws/install/turtlebot3_node/share/turtlebot3_node/cmake/turtlebot3_nodeConfig.cmake
[28.398s] -- Up-to-date symlink: /home/amr/turtlebot3_ws/install/turtlebot3_node/share/turtlebot3_node/cmake/turtlebot3_nodeConfig-version.cmake
[28.398s] -- Up-to-date symlink: /home/amr/turtlebot3_ws/install/turtlebot3_node/share/turtlebot3_node/package.xml
[28.401s] Invoked command in '/home/amr/turtlebot3_ws/build/turtlebot3_node' returned '0': CMAKE_PREFIX_PATH=/home/amr/turtlebot3_ws/install/turtlebot3_msgs:/home/amr/turtlebot3_ws/install/dynamixel_sdk:/home/amr/turtlebot3_ws/install/turtlebot3:/home/amr/turtlebot3_ws/install/turtlebot3_bringup:/home/amr/turtlebot3_ws/install/turtlebot3_node:/home/amr/turtlebot3_ws/install/turtlebot3_navigation2:/home/amr/turtlebot3_ws/install/turtlebot3_description:/home/amr/turtlebot3_ws/install/turtlebot3_cartographer:/home/amr/turtlebot3_ws/install/rplidar_ros:/home/amr/turtlebot3_ws/install/dynamixel_sdk_examples:/home/amr/turtlebot3_ws/install/dynamixel_sdk_custom_interfaces:/home/amr/turtlebot3_ws/install/main:/home/amr/turtlebot3_ws/install/turtlebot3_teleop:/home/amr/turtlebot3_ws/install/turtlebot3_example:/opt/ros/humble LD_LIBRARY_PATH=/home/amr/turtlebot3_ws/install/turtlebot3_msgs/lib:/home/amr/turtlebot3_ws/install/dynamixel_sdk/lib:/home/amr/turtlebot3_ws/install/dynamixel_sdk_custom_interfaces/lib:/usr/lib/x86_64-linux-gnu/gazebo-11/plugins:/opt/ros/humble/opt/rviz_ogre_vendor/lib:/opt/ros/humble/lib/x86_64-linux-gnu:/opt/ros/humble/lib:/usr/lib/x86_64-linux-gnu/gazebo-11/plugins:/usr/lib/x86_64-linux-gnu/gazebo-11/plugins:/usr/lib/x86_64-linux-gnu/gazebo-11/plugins:/usr/lib/x86_64-linux-gnu/gazebo-11/plugins:/usr/lib/x86_64-linux-gnu/gazebo-11/plugins:/usr/lib/x86_64-linux-gnu/gazebo-11/plugins /usr/bin/cmake --install /home/amr/turtlebot3_ws/build/turtlebot3_node
