[0.028s] Invoking command in '/home/amr/turtlebot3_ws/build/turtlebot3_description': CMAKE_PREFIX_PATH=/opt/ros/humble /usr/bin/cmake /home/amr/turtlebot3_ws/src/turtlebot3/turtlebot3_description -DAMENT_CMAKE_SYMLINK_INSTALL=1 -DCMAKE_INSTALL_PREFIX=/home/amr/turtlebot3_ws/install/turtlebot3_description
[0.203s] -- The C compiler identification is GNU 11.4.0
[0.318s] -- The CXX compiler identification is GNU 11.4.0
[0.331s] -- Detecting C compiler ABI info
[0.452s] -- Detecting C compiler ABI info - done
[0.467s] -- Check for working C compiler: /usr/bin/cc - skipped
[0.467s] -- Detecting C compile features
[0.469s] -- Detecting C compile features - done
[0.472s] -- Detecting CXX compiler ABI info
[0.614s] -- Detecting CXX compiler ABI info - done
[0.633s] -- Check for working CXX compiler: /usr/bin/c++ - skipped
[0.633s] -- Detecting CXX compile features
[0.633s] -- Detecting CXX compile features - done
[0.645s] -- Found ament_cmake: 1.3.12 (/opt/ros/humble/share/ament_cmake/cmake)
[0.954s] -- Found Python3: /usr/bin/python3 (found version "3.10.12") found components: Interpreter 
[1.135s] -- Override CMake install command with custom implementation using symlinks instead of copying resources
[1.237s] -- Found urdf: 2.6.1 (/opt/ros/humble/share/urdf/cmake)
[1.499s] -- Configuring done
[1.505s] -- Generating done
[1.509s] -- Build files have been written to: /home/amr/turtlebot3_ws/build/turtlebot3_description
[1.527s] Invoked command in '/home/amr/turtlebot3_ws/build/turtlebot3_description' returned '0': CMAKE_PREFIX_PATH=/opt/ros/humble /usr/bin/cmake /home/amr/turtlebot3_ws/src/turtlebot3/turtlebot3_description -DAMENT_CMAKE_SYMLINK_INSTALL=1 -DCMAKE_INSTALL_PREFIX=/home/amr/turtlebot3_ws/install/turtlebot3_description
[1.531s] Invoking command in '/home/amr/turtlebot3_ws/build/turtlebot3_description': CMAKE_PREFIX_PATH=/opt/ros/humble /usr/bin/cmake --build /home/amr/turtlebot3_ws/build/turtlebot3_description -- -j4 -l4
[1.607s] Invoked command in '/home/amr/turtlebot3_ws/build/turtlebot3_description' returned '0': CMAKE_PREFIX_PATH=/opt/ros/humble /usr/bin/cmake --build /home/amr/turtlebot3_ws/build/turtlebot3_description -- -j4 -l4
[1.626s] Invoking command in '/home/amr/turtlebot3_ws/build/turtlebot3_description': CMAKE_PREFIX_PATH=/opt/ros/humble /usr/bin/cmake --install /home/amr/turtlebot3_ws/build/turtlebot3_description
[1.653s] -- Install configuration: ""
[1.653s] -- Execute custom install script
[1.655s] -- Symlinking: /home/amr/turtlebot3_ws/install/turtlebot3_description/share/turtlebot3_description/meshes/bases/burger_base.stl
[1.700s] -- Symlinking: /home/amr/turtlebot3_ws/install/turtlebot3_description/share/turtlebot3_description/meshes/bases/waffle_base.stl
[1.737s] -- Symlinking: /home/amr/turtlebot3_ws/install/turtlebot3_description/share/turtlebot3_description/meshes/bases/waffle_pi_base.stl
[1.778s] -- Symlinking: /home/amr/turtlebot3_ws/install/turtlebot3_description/share/turtlebot3_description/meshes/sensors/astra.dae
[1.810s] -- Symlinking: /home/amr/turtlebot3_ws/install/turtlebot3_description/share/turtlebot3_description/meshes/sensors/astra.jpg
[1.838s] -- Symlinking: /home/amr/turtlebot3_ws/install/turtlebot3_description/share/turtlebot3_description/meshes/sensors/lds.stl
[1.873s] -- Symlinking: /home/amr/turtlebot3_ws/install/turtlebot3_description/share/turtlebot3_description/meshes/sensors/r200.dae
[1.905s] -- Symlinking: /home/amr/turtlebot3_ws/install/turtlebot3_description/share/turtlebot3_description/meshes/sensors/r200.jpg
[1.941s] -- Symlinking: /home/amr/turtlebot3_ws/install/turtlebot3_description/share/turtlebot3_description/meshes/wheels/left_tire.stl
[1.982s] -- Symlinking: /home/amr/turtlebot3_ws/install/turtlebot3_description/share/turtlebot3_description/meshes/wheels/right_tire.stl
[2.020s] -- Symlinking: /home/amr/turtlebot3_ws/install/turtlebot3_description/share/turtlebot3_description/rviz/model.rviz
[2.060s] -- Symlinking: /home/amr/turtlebot3_ws/install/turtlebot3_description/share/turtlebot3_description/urdf/common_properties.urdf
[2.104s] -- Symlinking: /home/amr/turtlebot3_ws/install/turtlebot3_description/share/turtlebot3_description/urdf/turtlebot3_burger.urdf
[2.127s] -- Symlinking: /home/amr/turtlebot3_ws/install/turtlebot3_description/share/turtlebot3_description/urdf/turtlebot3_waffle.urdf
[2.152s] -- Symlinking: /home/amr/turtlebot3_ws/install/turtlebot3_description/share/turtlebot3_description/urdf/turtlebot3_waffle_pi.urdf
[2.174s] -- Symlinking: /home/amr/turtlebot3_ws/install/turtlebot3_description/share/ament_index/resource_index/package_run_dependencies/turtlebot3_description
[2.192s] -- Symlinking: /home/amr/turtlebot3_ws/install/turtlebot3_description/share/ament_index/resource_index/parent_prefix_path/turtlebot3_description
[2.211s] -- Symlinking: /home/amr/turtlebot3_ws/install/turtlebot3_description/share/turtlebot3_description/environment/ament_prefix_path.sh
[2.231s] -- Symlinking: /home/amr/turtlebot3_ws/install/turtlebot3_description/share/turtlebot3_description/environment/ament_prefix_path.dsv
[2.249s] -- Symlinking: /home/amr/turtlebot3_ws/install/turtlebot3_description/share/turtlebot3_description/environment/path.sh
[2.267s] -- Symlinking: /home/amr/turtlebot3_ws/install/turtlebot3_description/share/turtlebot3_description/environment/path.dsv
[2.285s] -- Symlinking: /home/amr/turtlebot3_ws/install/turtlebot3_description/share/turtlebot3_description/local_setup.bash
[2.304s] -- Symlinking: /home/amr/turtlebot3_ws/install/turtlebot3_description/share/turtlebot3_description/local_setup.sh
[2.341s] -- Symlinking: /home/amr/turtlebot3_ws/install/turtlebot3_description/share/turtlebot3_description/local_setup.zsh
[2.373s] -- Symlinking: /home/amr/turtlebot3_ws/install/turtlebot3_description/share/turtlebot3_description/local_setup.dsv
[2.404s] -- Symlinking: /home/amr/turtlebot3_ws/install/turtlebot3_description/share/turtlebot3_description/package.dsv
[2.440s] -- Symlinking: /home/amr/turtlebot3_ws/install/turtlebot3_description/share/ament_index/resource_index/packages/turtlebot3_description
[2.481s] -- Symlinking: /home/amr/turtlebot3_ws/install/turtlebot3_description/share/turtlebot3_description/cmake/turtlebot3_descriptionConfig.cmake
[2.513s] -- Symlinking: /home/amr/turtlebot3_ws/install/turtlebot3_description/share/turtlebot3_description/cmake/turtlebot3_descriptionConfig-version.cmake
[2.555s] -- Symlinking: /home/amr/turtlebot3_ws/install/turtlebot3_description/share/turtlebot3_description/package.xml
[2.601s] Invoked command in '/home/amr/turtlebot3_ws/build/turtlebot3_description' returned '0': CMAKE_PREFIX_PATH=/opt/ros/humble /usr/bin/cmake --install /home/amr/turtlebot3_ws/build/turtlebot3_description
