[0.163s] DEBUG:colcon:Command line arguments: ['/usr/bin/colcon', 'build', '--symlink-instal']
[0.163s] DEBUG:colcon:Parsed command line arguments: Namespace(log_base=None, log_level=None, verb_name='build', build_base='build', install_base='install', merge_install=False, symlink_install=True, test_result_base=None, continue_on_error=False, executor='parallel', parallel_workers=4, event_handlers=None, ignore_user_meta=False, metas=['./colcon.meta'], base_paths=['.'], packages_ignore=None, packages_ignore_regex=None, paths=None, packages_up_to=None, packages_up_to_regex=None, packages_above=None, packages_above_and_dependencies=None, packages_above_depth=None, packages_select_by_dep=None, packages_skip_by_dep=None, packages_skip_up_to=None, packages_select_build_failed=False, packages_skip_build_finished=False, packages_select_test_failures=False, packages_skip_test_passed=False, packages_select=None, packages_skip=None, packages_select_regex=None, packages_skip_regex=None, packages_start=None, packages_end=None, allow_overriding=[], cmake_args=None, cmake_target=None, cmake_target_skip_unavailable=False, cmake_clean_cache=False, cmake_clean_first=False, cmake_force_configure=False, ament_cmake_args=None, catkin_cmake_args=None, catkin_skip_building_tests=False, verb_parser=<colcon_defaults.argument_parser.defaults.DefaultArgumentsDecorator object at 0x7583bf0d55a0>, verb_extension=<colcon_core.verb.build.BuildVerb object at 0x7583bf0d5090>, main=<bound method BuildVerb.main of <colcon_core.verb.build.BuildVerb object at 0x7583bf0d5090>>)
[0.443s] Level 1:colcon.colcon_core.package_discovery:discover_packages(colcon_meta) check parameters
[0.444s] Level 1:colcon.colcon_core.package_discovery:discover_packages(recursive) check parameters
[0.444s] Level 1:colcon.colcon_core.package_discovery:discover_packages(ignore) check parameters
[0.444s] Level 1:colcon.colcon_core.package_discovery:discover_packages(path) check parameters
[0.444s] Level 1:colcon.colcon_core.package_discovery:discover_packages(colcon_meta) discover
[0.444s] Level 1:colcon.colcon_core.package_discovery:discover_packages(recursive) discover
[0.444s] INFO:colcon.colcon_core.package_discovery:Crawling recursively for packages in '/home/amr/turtlebot3_ws/src/main'
[0.444s] Level 1:colcon.colcon_core.package_identification:_identify(.) by extensions ['ignore', 'ignore_ament_install']
[0.444s] Level 1:colcon.colcon_core.package_identification:_identify(.) by extension 'ignore'
[0.444s] Level 1:colcon.colcon_core.package_identification:_identify(.) by extension 'ignore_ament_install'
[0.445s] Level 1:colcon.colcon_core.package_identification:_identify(.) by extensions ['colcon_pkg']
[0.445s] Level 1:colcon.colcon_core.package_identification:_identify(.) by extension 'colcon_pkg'
[0.445s] Level 1:colcon.colcon_core.package_identification:_identify(.) by extensions ['colcon_meta']
[0.445s] Level 1:colcon.colcon_core.package_identification:_identify(.) by extension 'colcon_meta'
[0.445s] Level 1:colcon.colcon_core.package_identification:_identify(.) by extensions ['ros']
[0.445s] Level 1:colcon.colcon_core.package_identification:_identify(.) by extension 'ros'
[0.463s] DEBUG:colcon.colcon_core.package_identification:Package '.' with type 'ros.ament_python' and name 'main'
[0.463s] Level 1:colcon.colcon_core.package_discovery:discover_packages(recursive) using defaults
[0.463s] Level 1:colcon.colcon_core.package_discovery:discover_packages(ignore) discover
[0.463s] Level 1:colcon.colcon_core.package_discovery:discover_packages(ignore) using defaults
[0.463s] Level 1:colcon.colcon_core.package_discovery:discover_packages(path) discover
[0.463s] Level 1:colcon.colcon_core.package_discovery:discover_packages(path) using defaults
[0.511s] Level 1:colcon.colcon_core.package_discovery:discover_packages(prefix_path) check parameters
[0.511s] Level 1:colcon.colcon_core.package_discovery:discover_packages(prefix_path) discover
[0.519s] DEBUG:colcon.colcon_installed_package_information.package_discovery:Found 18 installed packages in /home/amr/turtlebot3_ws/install
[0.520s] DEBUG:colcon.colcon_installed_package_information.package_discovery:Found 1 installed packages in /home/amr/turtlebot3_ws/src/main/install
[0.521s] DEBUG:colcon.colcon_installed_package_information.package_discovery:Found 18 installed packages in /home/amr/install
[0.524s] DEBUG:colcon.colcon_installed_package_information.package_discovery:Found 18 installed packages in /home/amr/turtlebot3_ws/src/install
[0.530s] DEBUG:colcon.colcon_installed_package_information.package_discovery:Found 453 installed packages in /opt/ros/humble
[0.535s] Level 1:colcon.colcon_core.package_discovery:discover_packages(prefix_path) using defaults
[0.622s] Level 5:colcon.colcon_core.verb:set package 'main' build argument 'cmake_args' from command line to 'None'
[0.623s] Level 5:colcon.colcon_core.verb:set package 'main' build argument 'cmake_target' from command line to 'None'
[0.623s] Level 5:colcon.colcon_core.verb:set package 'main' build argument 'cmake_target_skip_unavailable' from command line to 'False'
[0.623s] Level 5:colcon.colcon_core.verb:set package 'main' build argument 'cmake_clean_cache' from command line to 'False'
[0.623s] Level 5:colcon.colcon_core.verb:set package 'main' build argument 'cmake_clean_first' from command line to 'False'
[0.623s] Level 5:colcon.colcon_core.verb:set package 'main' build argument 'cmake_force_configure' from command line to 'False'
[0.623s] Level 5:colcon.colcon_core.verb:set package 'main' build argument 'ament_cmake_args' from command line to 'None'
[0.623s] Level 5:colcon.colcon_core.verb:set package 'main' build argument 'catkin_cmake_args' from command line to 'None'
[0.623s] Level 5:colcon.colcon_core.verb:set package 'main' build argument 'catkin_skip_building_tests' from command line to 'False'
[0.623s] DEBUG:colcon.colcon_core.verb:Building package 'main' with the following arguments: {'ament_cmake_args': None, 'build_base': '/home/amr/turtlebot3_ws/src/main/build/main', 'catkin_cmake_args': None, 'catkin_skip_building_tests': False, 'cmake_args': None, 'cmake_clean_cache': False, 'cmake_clean_first': False, 'cmake_force_configure': False, 'cmake_target': None, 'cmake_target_skip_unavailable': False, 'install_base': '/home/amr/turtlebot3_ws/src/main/install/main', 'merge_install': False, 'path': '/home/amr/turtlebot3_ws/src/main', 'symlink_install': True, 'test_result_base': None}
[0.623s] INFO:colcon.colcon_core.executor:Executing jobs using 'parallel' executor
[0.624s] DEBUG:colcon.colcon_parallel_executor.executor.parallel:run_until_complete
[0.625s] INFO:colcon.colcon_ros.task.ament_python.build:Building ROS package in '/home/amr/turtlebot3_ws/src/main' with build type 'ament_python'
[0.625s] Level 1:colcon.colcon_core.shell:create_environment_hook('main', 'ament_prefix_path')
[0.628s] INFO:colcon.colcon_core.plugin_system:Skipping extension 'colcon_core.shell.bat': Not used on non-Windows systems
[0.629s] INFO:colcon.colcon_core.shell:Creating environment hook '/home/amr/turtlebot3_ws/src/main/install/main/share/main/hook/ament_prefix_path.ps1'
[0.630s] INFO:colcon.colcon_core.shell:Creating environment descriptor '/home/amr/turtlebot3_ws/src/main/install/main/share/main/hook/ament_prefix_path.dsv'
[0.630s] INFO:colcon.colcon_core.shell:Creating environment hook '/home/amr/turtlebot3_ws/src/main/install/main/share/main/hook/ament_prefix_path.sh'
[0.632s] INFO:colcon.colcon_core.shell:Skip shell extension 'powershell' for command environment: Not usable outside of PowerShell
[0.632s] DEBUG:colcon.colcon_core.shell:Skip shell extension 'dsv' for command environment
[1.159s] INFO:colcon.colcon_core.task.python.build:Building Python package in '/home/amr/turtlebot3_ws/src/main'
[1.159s] INFO:colcon.colcon_core.shell:Skip shell extension 'powershell' for command environment: Not usable outside of PowerShell
[1.159s] DEBUG:colcon.colcon_core.shell:Skip shell extension 'dsv' for command environment
[1.758s] DEBUG:colcon.colcon_core.task.python.build:While undoing a previous installation files outside the Python library path are being ignored: /home/amr/turtlebot3_ws/src/main/install/main/share/ament_index/resource_index/packages/main
[1.758s] DEBUG:colcon.colcon_core.task.python.build:While undoing a previous installation files outside the Python library path are being ignored: /home/amr/turtlebot3_ws/src/main/install/main/share/main/package.xml
[1.758s] DEBUG:colcon.colcon_core.task.python.build:While undoing a previous installation files outside the Python library path are being ignored: /home/amr/turtlebot3_ws/src/main/install/main/share/main/launch/occupancy_grid.launch.py
[1.758s] DEBUG:colcon.colcon_core.task.python.build:While undoing a previous installation files outside the Python library path are being ignored: /home/amr/turtlebot3_ws/src/main/install/main/share/main/launch/my_slam_toolbox.launch.py
[1.760s] DEBUG:colcon.colcon_core.task.python.build:While undoing a previous installation files outside the Python library path are being ignored: /home/amr/turtlebot3_ws/src/main/install/main/lib/main/ROS2Publisher
[1.760s] DEBUG:colcon.colcon_core.task.python.build:While undoing a previous installation files outside the Python library path are being ignored: /home/amr/turtlebot3_ws/src/main/install/main/lib/main/encoder_joint_state_publisher
[1.760s] DEBUG:colcon.colcon_core.task.python.build:While undoing a previous installation files outside the Python library path are being ignored: /home/amr/turtlebot3_ws/src/main/install/main/lib/main/main
[1.760s] DEBUG:colcon.colcon_core.task.python.build:While undoing a previous installation files outside the Python library path are being ignored: /home/amr/turtlebot3_ws/src/main/install/main/lib/main/odom_tf_broadcaster
[1.763s] DEBUG:colcon.colcon_core.event_handler.log_command:Invoking command in '/home/amr/turtlebot3_ws/src/main/build/main': PYTHONPATH=/home/amr/turtlebot3_ws/src/main/build/main/prefix_override:/usr/lib/python3/dist-packages/colcon_core/task/python/colcon_distutils_commands:/home/amr/turtlebot3_ws/src/main/install/main/lib/python3.10/site-packages:${PYTHONPATH} /usr/bin/python3 -W ignore:setup.py install is deprecated -W ignore:easy_install command is deprecated setup.py develop --editable --build-directory /home/amr/turtlebot3_ws/src/main/build/main/build --no-deps symlink_data --force
[2.534s] Level 1:colcon.colcon_core.shell:create_environment_hook('main', 'pythonpath_develop')
[2.534s] INFO:colcon.colcon_core.shell:Creating environment hook '/home/amr/turtlebot3_ws/src/main/build/main/share/main/hook/pythonpath_develop.ps1'
[2.535s] DEBUG:colcon.colcon_core.event_handler.log_command:Invoked command in '/home/amr/turtlebot3_ws/src/main/build/main' returned '0': PYTHONPATH=/home/amr/turtlebot3_ws/src/main/build/main/prefix_override:/usr/lib/python3/dist-packages/colcon_core/task/python/colcon_distutils_commands:/home/amr/turtlebot3_ws/src/main/install/main/lib/python3.10/site-packages:${PYTHONPATH} /usr/bin/python3 -W ignore:setup.py install is deprecated -W ignore:easy_install command is deprecated setup.py develop --editable --build-directory /home/amr/turtlebot3_ws/src/main/build/main/build --no-deps symlink_data --force
[2.536s] INFO:colcon.colcon_core.shell:Creating environment descriptor '/home/amr/turtlebot3_ws/src/main/build/main/share/main/hook/pythonpath_develop.dsv'
[2.536s] INFO:colcon.colcon_core.shell:Creating environment hook '/home/amr/turtlebot3_ws/src/main/build/main/share/main/hook/pythonpath_develop.sh'
[2.540s] Level 1:colcon.colcon_core.environment:checking '/home/amr/turtlebot3_ws/src/main/install/main' for CMake module files
[2.541s] Level 1:colcon.colcon_core.environment:checking '/home/amr/turtlebot3_ws/src/main/install/main' for CMake config files
[2.542s] Level 1:colcon.colcon_core.environment:checking '/home/amr/turtlebot3_ws/src/main/install/main/lib'
[2.543s] Level 1:colcon.colcon_core.environment:checking '/home/amr/turtlebot3_ws/src/main/install/main/bin'
[2.543s] Level 1:colcon.colcon_core.environment:checking '/home/amr/turtlebot3_ws/src/main/install/main/lib/pkgconfig/main.pc'
[2.543s] Level 1:colcon.colcon_core.environment:checking '/home/amr/turtlebot3_ws/src/main/install/main/lib/python3.10/site-packages'
[2.543s] Level 1:colcon.colcon_core.shell:create_environment_hook('main', 'pythonpath')
[2.543s] INFO:colcon.colcon_core.shell:Creating environment hook '/home/amr/turtlebot3_ws/src/main/install/main/share/main/hook/pythonpath.ps1'
[2.544s] INFO:colcon.colcon_core.shell:Creating environment descriptor '/home/amr/turtlebot3_ws/src/main/install/main/share/main/hook/pythonpath.dsv'
[2.545s] INFO:colcon.colcon_core.shell:Creating environment hook '/home/amr/turtlebot3_ws/src/main/install/main/share/main/hook/pythonpath.sh'
[2.546s] Level 1:colcon.colcon_core.environment:checking '/home/amr/turtlebot3_ws/src/main/install/main/bin'
[2.546s] Level 1:colcon.colcon_core.environment:create_environment_scripts_only(main)
[2.546s] INFO:colcon.colcon_core.shell:Creating package script '/home/amr/turtlebot3_ws/src/main/install/main/share/main/package.ps1'
[2.548s] INFO:colcon.colcon_core.shell:Creating package descriptor '/home/amr/turtlebot3_ws/src/main/install/main/share/main/package.dsv'
[2.549s] INFO:colcon.colcon_core.shell:Creating package script '/home/amr/turtlebot3_ws/src/main/install/main/share/main/package.sh'
[2.550s] INFO:colcon.colcon_core.shell:Creating package script '/home/amr/turtlebot3_ws/src/main/install/main/share/main/package.bash'
[2.551s] INFO:colcon.colcon_core.shell:Creating package script '/home/amr/turtlebot3_ws/src/main/install/main/share/main/package.zsh'
[2.552s] Level 1:colcon.colcon_core.environment:create_file_with_runtime_dependencies(/home/amr/turtlebot3_ws/src/main/install/main/share/colcon-core/packages/main)
[2.552s] DEBUG:colcon.colcon_parallel_executor.executor.parallel:closing loop
[2.553s] DEBUG:colcon.colcon_parallel_executor.executor.parallel:loop closed
[2.553s] DEBUG:colcon.colcon_parallel_executor.executor.parallel:run_until_complete finished with '0'
[2.553s] DEBUG:colcon.colcon_core.event_reactor:joining thread
[2.562s] INFO:colcon.colcon_core.plugin_system:Skipping extension 'colcon_notification.desktop_notification.terminal_notifier': Not used on non-Darwin systems
[2.563s] INFO:colcon.colcon_core.plugin_system:Skipping extension 'colcon_notification.desktop_notification.win32': Not used on non-Windows systems
[2.563s] INFO:colcon.colcon_notification.desktop_notification:Sending desktop notification using 'notify2'
[2.585s] DEBUG:colcon.colcon_core.event_reactor:joined thread
[2.586s] INFO:colcon.colcon_core.shell:Creating prefix script '/home/amr/turtlebot3_ws/src/main/install/local_setup.ps1'
[2.587s] INFO:colcon.colcon_core.shell:Creating prefix util module '/home/amr/turtlebot3_ws/src/main/install/_local_setup_util_ps1.py'
[2.589s] INFO:colcon.colcon_core.shell:Creating prefix chain script '/home/amr/turtlebot3_ws/src/main/install/setup.ps1'
[2.597s] INFO:colcon.colcon_core.shell:Creating prefix script '/home/amr/turtlebot3_ws/src/main/install/local_setup.sh'
[2.598s] INFO:colcon.colcon_core.shell:Creating prefix util module '/home/amr/turtlebot3_ws/src/main/install/_local_setup_util_sh.py'
[2.599s] INFO:colcon.colcon_core.shell:Creating prefix chain script '/home/amr/turtlebot3_ws/src/main/install/setup.sh'
[2.604s] INFO:colcon.colcon_core.shell:Creating prefix script '/home/amr/turtlebot3_ws/src/main/install/local_setup.bash'
[2.605s] INFO:colcon.colcon_core.shell:Creating prefix chain script '/home/amr/turtlebot3_ws/src/main/install/setup.bash'
[2.610s] INFO:colcon.colcon_core.shell:Creating prefix script '/home/amr/turtlebot3_ws/src/main/install/local_setup.zsh'
[2.610s] INFO:colcon.colcon_core.shell:Creating prefix chain script '/home/amr/turtlebot3_ws/src/main/install/setup.zsh'
