[1.459s] Invoking command in '/home/amr/turtlebot3_ws/build/main': PYTHONPATH=/home/amr/turtlebot3_ws/build/main/prefix_override:/usr/lib/python3/dist-packages/colcon_core/task/python/colcon_distutils_commands:/home/amr/turtlebot3_ws/install/main/lib/python3.10/site-packages:${PYTHONPATH} /usr/bin/python3 -W ignore:setup.py install is deprecated -W ignore:easy_install command is deprecated setup.py develop --editable --build-directory /home/amr/turtlebot3_ws/build/main/build --no-deps symlink_data
[2.054s] /usr/lib/python3/dist-packages/setuptools/dist.py:723: UserWarning: Usage of dash-separated 'script-dir' will not be supported in future versions. Please use the underscore name 'script_dir' instead
[2.055s]   warnings.warn(
[2.111s] running develop
[2.516s] running egg_info
[2.517s] writing main.egg-info/PKG-INFO
[2.517s] writing dependency_links to main.egg-info/dependency_links.txt
[2.517s] writing entry points to main.egg-info/entry_points.txt
[2.518s] writing requirements to main.egg-info/requires.txt
[2.518s] writing top-level names to main.egg-info/top_level.txt
[2.519s] reading manifest file 'main.egg-info/SOURCES.txt'
[2.521s] writing manifest file 'main.egg-info/SOURCES.txt'
[2.523s] running build_ext
[2.525s] Creating /home/amr/turtlebot3_ws/install/main/lib/python3.10/site-packages/main.egg-link (link to .)
[2.527s] Installing ROS2Publisher script to /home/amr/turtlebot3_ws/install/main/lib/main
[2.527s] Installing encoder_joint_state_publisher script to /home/amr/turtlebot3_ws/install/main/lib/main
[2.527s] Installing main script to /home/amr/turtlebot3_ws/install/main/lib/main
[2.527s] Installing odom_tf_broadcaster script to /home/amr/turtlebot3_ws/install/main/lib/main
[2.528s] 
[2.528s] Installed /home/amr/turtlebot3_ws/build/main
[2.528s] running symlink_data
[2.591s] Invoked command in '/home/amr/turtlebot3_ws/build/main' returned '0': PYTHONPATH=/home/amr/turtlebot3_ws/build/main/prefix_override:/usr/lib/python3/dist-packages/colcon_core/task/python/colcon_distutils_commands:/home/amr/turtlebot3_ws/install/main/lib/python3.10/site-packages:${PYTHONPATH} /usr/bin/python3 -W ignore:setup.py install is deprecated -W ignore:easy_install command is deprecated setup.py develop --editable --build-directory /home/amr/turtlebot3_ws/build/main/build --no-deps symlink_data
