[0.060s] Invoking command in '/home/amr/turtlebot3_ws/src/build/dynamixel_sdk_examples': AMENT_PREFIX_PATH=/home/amr/turtlebot3_ws/src/install/dynamixel_sdk_custom_interfaces:/home/amr/turtlebot3_ws/src/install/dynamixel_sdk:${AMENT_PREFIX_PATH} CMAKE_PREFIX_PATH=/home/amr/turtlebot3_ws/src/install/dynamixel_sdk_custom_interfaces:/home/amr/turtlebot3_ws/src/install/dynamixel_sdk:/home/amr/turtlebot3_ws/install/turtlebot3:/home/amr/turtlebot3_ws/install/turtlebot3_bringup:/home/amr/turtlebot3_ws/install/turtlebot3_node:/home/amr/turtlebot3_ws/install/turtlebot3_navigation2:/home/amr/turtlebot3_ws/install/turtlebot3_msgs:/home/amr/turtlebot3_ws/install/turtlebot3_description:/home/amr/turtlebot3_ws/install/turtlebot3_cartographer:/home/amr/turtlebot3_ws/install/dynamixel_sdk_examples:/home/amr/turtlebot3_ws/install/dynamixel_sdk_custom_interfaces:/home/amr/turtlebot3_ws/install/dynamixel_sdk:/home/amr/turtlebot3_ws/install/turtlebot3_teleop:/home/amr/turtlebot3_ws/install/turtlebot3_example:/opt/ros/humble LD_LIBRARY_PATH=/home/amr/turtlebot3_ws/src/install/dynamixel_sdk_custom_interfaces/lib:/home/amr/turtlebot3_ws/src/install/dynamixel_sdk/lib:/home/amr/turtlebot3_ws/install/turtlebot3_msgs/lib:/home/amr/turtlebot3_ws/install/dynamixel_sdk_custom_interfaces/lib:/home/amr/turtlebot3_ws/install/dynamixel_sdk/lib:/usr/lib/x86_64-linux-gnu/gazebo-11/plugins:/opt/ros/humble/opt/rviz_ogre_vendor/lib:/opt/ros/humble/lib/x86_64-linux-gnu:/opt/ros/humble/lib:/usr/lib/x86_64-linux-gnu/gazebo-11/plugins PYTHONPATH=/home/amr/turtlebot3_ws/src/install/dynamixel_sdk_custom_interfaces/local/lib/python3.10/dist-packages:/home/amr/turtlebot3_ws/src/install/dynamixel_sdk/local/lib/python3.10/dist-packages:${PYTHONPATH} /usr/bin/cmake /home/amr/turtlebot3_ws/src/DynamixelSDK/ros/dynamixel_sdk_examples -DAMENT_CMAKE_SYMLINK_INSTALL=1 -DCMAKE_INSTALL_PREFIX=/home/amr/turtlebot3_ws/src/install/dynamixel_sdk_examples
[0.206s] -- The C compiler identification is GNU 11.4.0
[0.333s] -- The CXX compiler identification is GNU 11.4.0
[0.353s] -- Detecting C compiler ABI info
[0.607s] -- Detecting C compiler ABI info - done
[0.635s] -- Check for working C compiler: /usr/bin/cc - skipped
[0.637s] -- Detecting C compile features
[0.644s] -- Detecting C compile features - done
[0.650s] -- Detecting CXX compiler ABI info
[0.926s] -- Detecting CXX compiler ABI info - done
[0.953s] -- Check for working CXX compiler: /usr/bin/c++ - skipped
[0.956s] -- Detecting CXX compile features
[0.957s] -- Detecting CXX compile features - done
[0.973s] -- Found ament_cmake: 1.3.12 (/opt/ros/humble/share/ament_cmake/cmake)
[1.461s] -- Found Python3: /usr/bin/python3 (found version "3.10.12") found components: Interpreter 
[1.670s] -- Override CMake install command with custom implementation using symlinks instead of copying resources
[1.840s] -- Found dynamixel_sdk: 3.8.4 (/home/amr/turtlebot3_ws/src/install/dynamixel_sdk/share/dynamixel_sdk/cmake)
[1.843s] -- Found dynamixel_sdk_custom_interfaces: 3.8.4 (/home/amr/turtlebot3_ws/src/install/dynamixel_sdk_custom_interfaces/share/dynamixel_sdk_custom_interfaces/cmake)
[1.953s] -- Found rosidl_generator_c: 3.1.7 (/opt/ros/humble/share/rosidl_generator_c/cmake)
[1.975s] -- Found rosidl_adapter: 3.1.7 (/opt/ros/humble/share/rosidl_adapter/cmake)
[2.009s] -- Found rosidl_generator_cpp: 3.1.7 (/opt/ros/humble/share/rosidl_generator_cpp/cmake)
[2.061s] -- Using all available rosidl_typesupport_c: rosidl_typesupport_fastrtps_c;rosidl_typesupport_introspection_c
[2.109s] -- Using all available rosidl_typesupport_cpp: rosidl_typesupport_fastrtps_cpp;rosidl_typesupport_introspection_cpp
[2.205s] -- Found rclcpp: 16.0.15 (/opt/ros/humble/share/rclcpp/cmake)
[2.408s] -- Found rmw_implementation_cmake: 6.1.2 (/opt/ros/humble/share/rmw_implementation_cmake/cmake)
[2.429s] -- Found rmw_fastrtps_cpp: 6.2.8 (/opt/ros/humble/share/rmw_fastrtps_cpp/cmake)
[2.724s] -- Found OpenSSL: /usr/lib/x86_64-linux-gnu/libcrypto.so (found version "3.0.2")  
[2.790s] -- Found FastRTPS: /opt/ros/humble/include  
[2.918s] -- Using RMW implementation 'rmw_fastrtps_cpp' as default
[2.971s] -- Looking for pthread.h
[3.253s] -- Looking for pthread.h - found
[3.255s] -- Performing Test CMAKE_HAVE_LIBC_PTHREAD
[3.561s] -- Performing Test CMAKE_HAVE_LIBC_PTHREAD - Success
[3.568s] -- Found Threads: TRUE  
[3.814s] -- Found rclpy: 3.3.17 (/opt/ros/humble/share/rclpy/cmake)
[3.822s] -- Found ament_lint_auto: 0.12.14 (/opt/ros/humble/share/ament_lint_auto/cmake)
[4.133s] -- Added test 'copyright' to check source files copyright and LICENSE
[4.138s] -- Added test 'cppcheck' to perform static code analysis on C / C++ code
[4.139s] -- Configured cppcheck include dirs: /home/amr/turtlebot3_ws/src/DynamixelSDK/ros/dynamixel_sdk_examples/include
[4.143s] -- Configured cppcheck exclude dirs and/or files: 
[4.145s] -- Added test 'cpplint' to check C / C++ code against the Google style
[4.145s] -- Configured cpplint exclude dirs and/or files: 
[4.148s] -- Added test 'flake8' to check Python code syntax and style conventions
[4.152s] -- Added test 'lint_cmake' to check CMake code style
[4.156s] -- Added test 'pep257' to check Python code against some of the docstring style conventions in PEP 257
[4.159s] -- Added test 'uncrustify' to check C / C++ code style
[4.160s] -- Configured uncrustify additional arguments: 
[4.163s] -- Added test 'xmllint' to check XML markup files
[4.170s] -- Configuring done
[4.207s] -- Generating done
[4.218s] -- Build files have been written to: /home/amr/turtlebot3_ws/src/build/dynamixel_sdk_examples
[4.257s] Invoked command in '/home/amr/turtlebot3_ws/src/build/dynamixel_sdk_examples' returned '0': AMENT_PREFIX_PATH=/home/amr/turtlebot3_ws/src/install/dynamixel_sdk_custom_interfaces:/home/amr/turtlebot3_ws/src/install/dynamixel_sdk:${AMENT_PREFIX_PATH} CMAKE_PREFIX_PATH=/home/amr/turtlebot3_ws/src/install/dynamixel_sdk_custom_interfaces:/home/amr/turtlebot3_ws/src/install/dynamixel_sdk:/home/amr/turtlebot3_ws/install/turtlebot3:/home/amr/turtlebot3_ws/install/turtlebot3_bringup:/home/amr/turtlebot3_ws/install/turtlebot3_node:/home/amr/turtlebot3_ws/install/turtlebot3_navigation2:/home/amr/turtlebot3_ws/install/turtlebot3_msgs:/home/amr/turtlebot3_ws/install/turtlebot3_description:/home/amr/turtlebot3_ws/install/turtlebot3_cartographer:/home/amr/turtlebot3_ws/install/dynamixel_sdk_examples:/home/amr/turtlebot3_ws/install/dynamixel_sdk_custom_interfaces:/home/amr/turtlebot3_ws/install/dynamixel_sdk:/home/amr/turtlebot3_ws/install/turtlebot3_teleop:/home/amr/turtlebot3_ws/install/turtlebot3_example:/opt/ros/humble LD_LIBRARY_PATH=/home/amr/turtlebot3_ws/src/install/dynamixel_sdk_custom_interfaces/lib:/home/amr/turtlebot3_ws/src/install/dynamixel_sdk/lib:/home/amr/turtlebot3_ws/install/turtlebot3_msgs/lib:/home/amr/turtlebot3_ws/install/dynamixel_sdk_custom_interfaces/lib:/home/amr/turtlebot3_ws/install/dynamixel_sdk/lib:/usr/lib/x86_64-linux-gnu/gazebo-11/plugins:/opt/ros/humble/opt/rviz_ogre_vendor/lib:/opt/ros/humble/lib/x86_64-linux-gnu:/opt/ros/humble/lib:/usr/lib/x86_64-linux-gnu/gazebo-11/plugins PYTHONPATH=/home/amr/turtlebot3_ws/src/install/dynamixel_sdk_custom_interfaces/local/lib/python3.10/dist-packages:/home/amr/turtlebot3_ws/src/install/dynamixel_sdk/local/lib/python3.10/dist-packages:${PYTHONPATH} /usr/bin/cmake /home/amr/turtlebot3_ws/src/DynamixelSDK/ros/dynamixel_sdk_examples -DAMENT_CMAKE_SYMLINK_INSTALL=1 -DCMAKE_INSTALL_PREFIX=/home/amr/turtlebot3_ws/src/install/dynamixel_sdk_examples
[4.258s] Invoking command in '/home/amr/turtlebot3_ws/src/build/dynamixel_sdk_examples': AMENT_PREFIX_PATH=/home/amr/turtlebot3_ws/src/install/dynamixel_sdk_custom_interfaces:/home/amr/turtlebot3_ws/src/install/dynamixel_sdk:${AMENT_PREFIX_PATH} CMAKE_PREFIX_PATH=/home/amr/turtlebot3_ws/src/install/dynamixel_sdk_custom_interfaces:/home/amr/turtlebot3_ws/src/install/dynamixel_sdk:/home/amr/turtlebot3_ws/install/turtlebot3:/home/amr/turtlebot3_ws/install/turtlebot3_bringup:/home/amr/turtlebot3_ws/install/turtlebot3_node:/home/amr/turtlebot3_ws/install/turtlebot3_navigation2:/home/amr/turtlebot3_ws/install/turtlebot3_msgs:/home/amr/turtlebot3_ws/install/turtlebot3_description:/home/amr/turtlebot3_ws/install/turtlebot3_cartographer:/home/amr/turtlebot3_ws/install/dynamixel_sdk_examples:/home/amr/turtlebot3_ws/install/dynamixel_sdk_custom_interfaces:/home/amr/turtlebot3_ws/install/dynamixel_sdk:/home/amr/turtlebot3_ws/install/turtlebot3_teleop:/home/amr/turtlebot3_ws/install/turtlebot3_example:/opt/ros/humble LD_LIBRARY_PATH=/home/amr/turtlebot3_ws/src/install/dynamixel_sdk_custom_interfaces/lib:/home/amr/turtlebot3_ws/src/install/dynamixel_sdk/lib:/home/amr/turtlebot3_ws/install/turtlebot3_msgs/lib:/home/amr/turtlebot3_ws/install/dynamixel_sdk_custom_interfaces/lib:/home/amr/turtlebot3_ws/install/dynamixel_sdk/lib:/usr/lib/x86_64-linux-gnu/gazebo-11/plugins:/opt/ros/humble/opt/rviz_ogre_vendor/lib:/opt/ros/humble/lib/x86_64-linux-gnu:/opt/ros/humble/lib:/usr/lib/x86_64-linux-gnu/gazebo-11/plugins PYTHONPATH=/home/amr/turtlebot3_ws/src/install/dynamixel_sdk_custom_interfaces/local/lib/python3.10/dist-packages:/home/amr/turtlebot3_ws/src/install/dynamixel_sdk/local/lib/python3.10/dist-packages:${PYTHONPATH} /usr/bin/cmake --build /home/amr/turtlebot3_ws/src/build/dynamixel_sdk_examples -- -j4 -l4
[4.405s] [ 50%] [32mBuilding CXX object CMakeFiles/read_write_node.dir/src/read_write_node.cpp.o[0m
[28.555s] [100%] [32m[1mLinking CXX executable read_write_node[0m
[29.971s] [100%] Built target read_write_node
[29.997s] Invoked command in '/home/amr/turtlebot3_ws/src/build/dynamixel_sdk_examples' returned '0': AMENT_PREFIX_PATH=/home/amr/turtlebot3_ws/src/install/dynamixel_sdk_custom_interfaces:/home/amr/turtlebot3_ws/src/install/dynamixel_sdk:${AMENT_PREFIX_PATH} CMAKE_PREFIX_PATH=/home/amr/turtlebot3_ws/src/install/dynamixel_sdk_custom_interfaces:/home/amr/turtlebot3_ws/src/install/dynamixel_sdk:/home/amr/turtlebot3_ws/install/turtlebot3:/home/amr/turtlebot3_ws/install/turtlebot3_bringup:/home/amr/turtlebot3_ws/install/turtlebot3_node:/home/amr/turtlebot3_ws/install/turtlebot3_navigation2:/home/amr/turtlebot3_ws/install/turtlebot3_msgs:/home/amr/turtlebot3_ws/install/turtlebot3_description:/home/amr/turtlebot3_ws/install/turtlebot3_cartographer:/home/amr/turtlebot3_ws/install/dynamixel_sdk_examples:/home/amr/turtlebot3_ws/install/dynamixel_sdk_custom_interfaces:/home/amr/turtlebot3_ws/install/dynamixel_sdk:/home/amr/turtlebot3_ws/install/turtlebot3_teleop:/home/amr/turtlebot3_ws/install/turtlebot3_example:/opt/ros/humble LD_LIBRARY_PATH=/home/amr/turtlebot3_ws/src/install/dynamixel_sdk_custom_interfaces/lib:/home/amr/turtlebot3_ws/src/install/dynamixel_sdk/lib:/home/amr/turtlebot3_ws/install/turtlebot3_msgs/lib:/home/amr/turtlebot3_ws/install/dynamixel_sdk_custom_interfaces/lib:/home/amr/turtlebot3_ws/install/dynamixel_sdk/lib:/usr/lib/x86_64-linux-gnu/gazebo-11/plugins:/opt/ros/humble/opt/rviz_ogre_vendor/lib:/opt/ros/humble/lib/x86_64-linux-gnu:/opt/ros/humble/lib:/usr/lib/x86_64-linux-gnu/gazebo-11/plugins PYTHONPATH=/home/amr/turtlebot3_ws/src/install/dynamixel_sdk_custom_interfaces/local/lib/python3.10/dist-packages:/home/amr/turtlebot3_ws/src/install/dynamixel_sdk/local/lib/python3.10/dist-packages:${PYTHONPATH} /usr/bin/cmake --build /home/amr/turtlebot3_ws/src/build/dynamixel_sdk_examples -- -j4 -l4
[30.000s] Invoking command in '/home/amr/turtlebot3_ws/src/build/dynamixel_sdk_examples': AMENT_PREFIX_PATH=/home/amr/turtlebot3_ws/src/install/dynamixel_sdk_custom_interfaces:/home/amr/turtlebot3_ws/src/install/dynamixel_sdk:${AMENT_PREFIX_PATH} CMAKE_PREFIX_PATH=/home/amr/turtlebot3_ws/src/install/dynamixel_sdk_custom_interfaces:/home/amr/turtlebot3_ws/src/install/dynamixel_sdk:/home/amr/turtlebot3_ws/install/turtlebot3:/home/amr/turtlebot3_ws/install/turtlebot3_bringup:/home/amr/turtlebot3_ws/install/turtlebot3_node:/home/amr/turtlebot3_ws/install/turtlebot3_navigation2:/home/amr/turtlebot3_ws/install/turtlebot3_msgs:/home/amr/turtlebot3_ws/install/turtlebot3_description:/home/amr/turtlebot3_ws/install/turtlebot3_cartographer:/home/amr/turtlebot3_ws/install/dynamixel_sdk_examples:/home/amr/turtlebot3_ws/install/dynamixel_sdk_custom_interfaces:/home/amr/turtlebot3_ws/install/dynamixel_sdk:/home/amr/turtlebot3_ws/install/turtlebot3_teleop:/home/amr/turtlebot3_ws/install/turtlebot3_example:/opt/ros/humble LD_LIBRARY_PATH=/home/amr/turtlebot3_ws/src/install/dynamixel_sdk_custom_interfaces/lib:/home/amr/turtlebot3_ws/src/install/dynamixel_sdk/lib:/home/amr/turtlebot3_ws/install/turtlebot3_msgs/lib:/home/amr/turtlebot3_ws/install/dynamixel_sdk_custom_interfaces/lib:/home/amr/turtlebot3_ws/install/dynamixel_sdk/lib:/usr/lib/x86_64-linux-gnu/gazebo-11/plugins:/opt/ros/humble/opt/rviz_ogre_vendor/lib:/opt/ros/humble/lib/x86_64-linux-gnu:/opt/ros/humble/lib:/usr/lib/x86_64-linux-gnu/gazebo-11/plugins PYTHONPATH=/home/amr/turtlebot3_ws/src/install/dynamixel_sdk_custom_interfaces/local/lib/python3.10/dist-packages:/home/amr/turtlebot3_ws/src/install/dynamixel_sdk/local/lib/python3.10/dist-packages:${PYTHONPATH} /usr/bin/cmake --install /home/amr/turtlebot3_ws/src/build/dynamixel_sdk_examples
[30.027s] -- Install configuration: ""
[30.029s] -- Execute custom install script
[30.032s] -- Symlinking: /home/amr/turtlebot3_ws/src/install/dynamixel_sdk_examples/lib/dynamixel_sdk_examples/read_write_node
[30.058s] -- Symlinking: /home/amr/turtlebot3_ws/src/install/dynamixel_sdk_examples/lib/dynamixel_sdk_examples/read_write_node.py
[30.080s] -- Symlinking: /home/amr/turtlebot3_ws/src/install/dynamixel_sdk_examples/share/ament_index/resource_index/package_run_dependencies/dynamixel_sdk_examples
[30.100s] -- Symlinking: /home/amr/turtlebot3_ws/src/install/dynamixel_sdk_examples/share/ament_index/resource_index/parent_prefix_path/dynamixel_sdk_examples
[30.123s] -- Symlinking: /home/amr/turtlebot3_ws/src/install/dynamixel_sdk_examples/share/dynamixel_sdk_examples/environment/ament_prefix_path.sh
[30.148s] -- Symlinking: /home/amr/turtlebot3_ws/src/install/dynamixel_sdk_examples/share/dynamixel_sdk_examples/environment/ament_prefix_path.dsv
[30.174s] -- Symlinking: /home/amr/turtlebot3_ws/src/install/dynamixel_sdk_examples/share/dynamixel_sdk_examples/environment/path.sh
[30.196s] -- Symlinking: /home/amr/turtlebot3_ws/src/install/dynamixel_sdk_examples/share/dynamixel_sdk_examples/environment/path.dsv
[30.219s] -- Symlinking: /home/amr/turtlebot3_ws/src/install/dynamixel_sdk_examples/share/dynamixel_sdk_examples/local_setup.bash
[30.243s] -- Symlinking: /home/amr/turtlebot3_ws/src/install/dynamixel_sdk_examples/share/dynamixel_sdk_examples/local_setup.sh
[30.265s] -- Symlinking: /home/amr/turtlebot3_ws/src/install/dynamixel_sdk_examples/share/dynamixel_sdk_examples/local_setup.zsh
[30.284s] -- Symlinking: /home/amr/turtlebot3_ws/src/install/dynamixel_sdk_examples/share/dynamixel_sdk_examples/local_setup.dsv
[30.305s] -- Symlinking: /home/amr/turtlebot3_ws/src/install/dynamixel_sdk_examples/share/dynamixel_sdk_examples/package.dsv
[30.328s] -- Symlinking: /home/amr/turtlebot3_ws/src/install/dynamixel_sdk_examples/share/ament_index/resource_index/packages/dynamixel_sdk_examples
[30.349s] -- Symlinking: /home/amr/turtlebot3_ws/src/install/dynamixel_sdk_examples/share/dynamixel_sdk_examples/cmake/dynamixel_sdk_examplesConfig.cmake
[30.371s] -- Symlinking: /home/amr/turtlebot3_ws/src/install/dynamixel_sdk_examples/share/dynamixel_sdk_examples/cmake/dynamixel_sdk_examplesConfig-version.cmake
[30.393s] -- Symlinking: /home/amr/turtlebot3_ws/src/install/dynamixel_sdk_examples/share/dynamixel_sdk_examples/package.xml
[30.417s] Invoked command in '/home/amr/turtlebot3_ws/src/build/dynamixel_sdk_examples' returned '0': AMENT_PREFIX_PATH=/home/amr/turtlebot3_ws/src/install/dynamixel_sdk_custom_interfaces:/home/amr/turtlebot3_ws/src/install/dynamixel_sdk:${AMENT_PREFIX_PATH} CMAKE_PREFIX_PATH=/home/amr/turtlebot3_ws/src/install/dynamixel_sdk_custom_interfaces:/home/amr/turtlebot3_ws/src/install/dynamixel_sdk:/home/amr/turtlebot3_ws/install/turtlebot3:/home/amr/turtlebot3_ws/install/turtlebot3_bringup:/home/amr/turtlebot3_ws/install/turtlebot3_node:/home/amr/turtlebot3_ws/install/turtlebot3_navigation2:/home/amr/turtlebot3_ws/install/turtlebot3_msgs:/home/amr/turtlebot3_ws/install/turtlebot3_description:/home/amr/turtlebot3_ws/install/turtlebot3_cartographer:/home/amr/turtlebot3_ws/install/dynamixel_sdk_examples:/home/amr/turtlebot3_ws/install/dynamixel_sdk_custom_interfaces:/home/amr/turtlebot3_ws/install/dynamixel_sdk:/home/amr/turtlebot3_ws/install/turtlebot3_teleop:/home/amr/turtlebot3_ws/install/turtlebot3_example:/opt/ros/humble LD_LIBRARY_PATH=/home/amr/turtlebot3_ws/src/install/dynamixel_sdk_custom_interfaces/lib:/home/amr/turtlebot3_ws/src/install/dynamixel_sdk/lib:/home/amr/turtlebot3_ws/install/turtlebot3_msgs/lib:/home/amr/turtlebot3_ws/install/dynamixel_sdk_custom_interfaces/lib:/home/amr/turtlebot3_ws/install/dynamixel_sdk/lib:/usr/lib/x86_64-linux-gnu/gazebo-11/plugins:/opt/ros/humble/opt/rviz_ogre_vendor/lib:/opt/ros/humble/lib/x86_64-linux-gnu:/opt/ros/humble/lib:/usr/lib/x86_64-linux-gnu/gazebo-11/plugins PYTHONPATH=/home/amr/turtlebot3_ws/src/install/dynamixel_sdk_custom_interfaces/local/lib/python3.10/dist-packages:/home/amr/turtlebot3_ws/src/install/dynamixel_sdk/local/lib/python3.10/dist-packages:${PYTHONPATH} /usr/bin/cmake --install /home/amr/turtlebot3_ws/src/build/dynamixel_sdk_examples
