[0.063s] Invoking command in '/home/amr/turtlebot3_ws/src/build/turtlebot3_cartographer': CMAKE_PREFIX_PATH=${CMAKE_PREFIX_PATH}:/home/amr/turtlebot3_ws/install/turtlebot3_teleop:/home/amr/turtlebot3_ws/install/turtlebot3_example:/opt/ros/humble /usr/bin/cmake /home/amr/turtlebot3_ws/src/turtlebot3/turtlebot3_cartographer -DAMENT_CMAKE_SYMLINK_INSTALL=1 -DCMAKE_INSTALL_PREFIX=/home/amr/turtlebot3_ws/src/install/turtlebot3_cartographer
[0.412s] -- The C compiler identification is GNU 11.4.0
[0.827s] -- The CXX compiler identification is GNU 11.4.0
[0.878s] -- Detecting C compiler ABI info
[1.249s] -- Detecting C compiler ABI info - done
[1.366s] -- Check for working C compiler: /usr/bin/cc - skipped
[1.368s] -- Detecting C compile features
[1.368s] -- Detecting C compile features - done
[1.399s] -- Detecting CXX compiler ABI info
[2.190s] -- Detecting CXX compiler ABI info - done
[2.295s] -- Check for working CXX compiler: /usr/bin/c++ - skipped
[2.298s] -- Detecting CXX compile features
[2.320s] -- Detecting CXX compile features - done
[2.350s] -- Found ament_cmake: 1.3.12 (/opt/ros/humble/share/ament_cmake/cmake)
[3.523s] -- Found Python3: /usr/bin/python3 (found version "3.10.12") found components: Interpreter 
[4.381s] -- Override CMake install command with custom implementation using symlinks instead of copying resources
[5.756s] -- Configuring done
[5.824s] -- Generating done
[5.858s] -- Build files have been written to: /home/amr/turtlebot3_ws/src/build/turtlebot3_cartographer
[5.902s] Invoked command in '/home/amr/turtlebot3_ws/src/build/turtlebot3_cartographer' returned '0': CMAKE_PREFIX_PATH=${CMAKE_PREFIX_PATH}:/home/amr/turtlebot3_ws/install/turtlebot3_teleop:/home/amr/turtlebot3_ws/install/turtlebot3_example:/opt/ros/humble /usr/bin/cmake /home/amr/turtlebot3_ws/src/turtlebot3/turtlebot3_cartographer -DAMENT_CMAKE_SYMLINK_INSTALL=1 -DCMAKE_INSTALL_PREFIX=/home/amr/turtlebot3_ws/src/install/turtlebot3_cartographer
[5.903s] Invoking command in '/home/amr/turtlebot3_ws/src/build/turtlebot3_cartographer': CMAKE_PREFIX_PATH=${CMAKE_PREFIX_PATH}:/home/amr/turtlebot3_ws/install/turtlebot3_teleop:/home/amr/turtlebot3_ws/install/turtlebot3_example:/opt/ros/humble /usr/bin/cmake --build /home/amr/turtlebot3_ws/src/build/turtlebot3_cartographer -- -j4 -l4
[6.348s] Invoked command in '/home/amr/turtlebot3_ws/src/build/turtlebot3_cartographer' returned '0': CMAKE_PREFIX_PATH=${CMAKE_PREFIX_PATH}:/home/amr/turtlebot3_ws/install/turtlebot3_teleop:/home/amr/turtlebot3_ws/install/turtlebot3_example:/opt/ros/humble /usr/bin/cmake --build /home/amr/turtlebot3_ws/src/build/turtlebot3_cartographer -- -j4 -l4
[6.354s] Invoking command in '/home/amr/turtlebot3_ws/src/build/turtlebot3_cartographer': CMAKE_PREFIX_PATH=${CMAKE_PREFIX_PATH}:/home/amr/turtlebot3_ws/install/turtlebot3_teleop:/home/amr/turtlebot3_ws/install/turtlebot3_example:/opt/ros/humble /usr/bin/cmake --install /home/amr/turtlebot3_ws/src/build/turtlebot3_cartographer
[6.371s] -- Install configuration: ""
[6.375s] -- Execute custom install script
[6.378s] -- Symlinking: /home/amr/turtlebot3_ws/src/install/turtlebot3_cartographer/share/turtlebot3_cartographer/config/turtlebot3_lds_2d.lua
[6.406s] -- Symlinking: /home/amr/turtlebot3_ws/src/install/turtlebot3_cartographer/share/turtlebot3_cartographer/launch/cartographer.launch.py
[6.448s] -- Symlinking: /home/amr/turtlebot3_ws/src/install/turtlebot3_cartographer/share/turtlebot3_cartographer/launch/occupancy_grid.launch.py
[6.518s] -- Symlinking: /home/amr/turtlebot3_ws/src/install/turtlebot3_cartographer/share/turtlebot3_cartographer/rviz/tb3_cartographer.rviz
[6.590s] -- Symlinking: /home/amr/turtlebot3_ws/src/install/turtlebot3_cartographer/share/ament_index/resource_index/package_run_dependencies/turtlebot3_cartographer
[6.688s] -- Symlinking: /home/amr/turtlebot3_ws/src/install/turtlebot3_cartographer/share/ament_index/resource_index/parent_prefix_path/turtlebot3_cartographer
[6.742s] -- Symlinking: /home/amr/turtlebot3_ws/src/install/turtlebot3_cartographer/share/turtlebot3_cartographer/environment/ament_prefix_path.sh
[6.796s] -- Symlinking: /home/amr/turtlebot3_ws/src/install/turtlebot3_cartographer/share/turtlebot3_cartographer/environment/ament_prefix_path.dsv
[6.834s] -- Symlinking: /home/amr/turtlebot3_ws/src/install/turtlebot3_cartographer/share/turtlebot3_cartographer/environment/path.sh
[6.870s] -- Symlinking: /home/amr/turtlebot3_ws/src/install/turtlebot3_cartographer/share/turtlebot3_cartographer/environment/path.dsv
[6.905s] -- Symlinking: /home/amr/turtlebot3_ws/src/install/turtlebot3_cartographer/share/turtlebot3_cartographer/local_setup.bash
[6.954s] -- Symlinking: /home/amr/turtlebot3_ws/src/install/turtlebot3_cartographer/share/turtlebot3_cartographer/local_setup.sh
[6.989s] -- Symlinking: /home/amr/turtlebot3_ws/src/install/turtlebot3_cartographer/share/turtlebot3_cartographer/local_setup.zsh
[7.047s] -- Symlinking: /home/amr/turtlebot3_ws/src/install/turtlebot3_cartographer/share/turtlebot3_cartographer/local_setup.dsv
[7.119s] -- Symlinking: /home/amr/turtlebot3_ws/src/install/turtlebot3_cartographer/share/turtlebot3_cartographer/package.dsv
[7.174s] -- Symlinking: /home/amr/turtlebot3_ws/src/install/turtlebot3_cartographer/share/ament_index/resource_index/packages/turtlebot3_cartographer
[7.220s] -- Symlinking: /home/amr/turtlebot3_ws/src/install/turtlebot3_cartographer/share/turtlebot3_cartographer/cmake/turtlebot3_cartographerConfig.cmake
[7.268s] -- Symlinking: /home/amr/turtlebot3_ws/src/install/turtlebot3_cartographer/share/turtlebot3_cartographer/cmake/turtlebot3_cartographerConfig-version.cmake
[7.305s] -- Symlinking: /home/amr/turtlebot3_ws/src/install/turtlebot3_cartographer/share/turtlebot3_cartographer/package.xml
[7.355s] Invoked command in '/home/amr/turtlebot3_ws/src/build/turtlebot3_cartographer' returned '0': CMAKE_PREFIX_PATH=${CMAKE_PREFIX_PATH}:/home/amr/turtlebot3_ws/install/turtlebot3_teleop:/home/amr/turtlebot3_ws/install/turtlebot3_example:/opt/ros/humble /usr/bin/cmake --install /home/amr/turtlebot3_ws/src/build/turtlebot3_cartographer
