/usr/lib/python3/dist-packages/setuptools/dist.py:723: UserWarning: Usage of dash-separated 'script-dir' will not be supported in future versions. Please use the underscore name 'script_dir' instead
  warnings.warn(
running develop
running egg_info
writing main.egg-info/PKG-INFO
writing dependency_links to main.egg-info/dependency_links.txt
writing entry points to main.egg-info/entry_points.txt
writing requirements to main.egg-info/requires.txt
writing top-level names to main.egg-info/top_level.txt
reading manifest file 'main.egg-info/SOURCES.txt'
writing manifest file 'main.egg-info/SOURCES.txt'
running build_ext
Creating /home/amr/turtlebot3_ws/src/main/install/main/lib/python3.10/site-packages/main.egg-link (link to .)
Installing ROS2Publisher script to /home/amr/turtlebot3_ws/src/main/install/main/lib/main
Installing encoder_joint_state_publisher script to /home/amr/turtlebot3_ws/src/main/install/main/lib/main
Installing main script to /home/amr/turtlebot3_ws/src/main/install/main/lib/main
Installing odom_tf_broadcaster script to /home/amr/turtlebot3_ws/src/main/install/main/lib/main

Installed /home/amr/turtlebot3_ws/src/main/build/main
running symlink_data
symbolically linking /home/amr/turtlebot3_ws/src/main/build/main/resource/main -> /home/amr/turtlebot3_ws/src/main/install/main/share/ament_index/resource_index/packages
symbolically linking /home/amr/turtlebot3_ws/src/main/build/main/package.xml -> /home/amr/turtlebot3_ws/src/main/install/main/share/main
symbolically linking /home/amr/turtlebot3_ws/src/main/build/main/launch/navigation_with_tf.launch.py -> /home/amr/turtlebot3_ws/src/main/install/main/share/main/launch
symbolically linking /home/amr/turtlebot3_ws/src/main/build/main/launch/occupancy_grid.launch.py -> /home/amr/turtlebot3_ws/src/main/install/main/share/main/launch
error: [Errno 2] No such file or directory: '/home/amr/turtlebot3_ws/src/main/install/main/share/main/launch/my_slam_toolbox.launch.py'
