[0.037s] Invoking command in '/home/amr/turtlebot3_ws/build/dynamixel_sdk': CMAKE_PREFIX_PATH=${CMAKE_PREFIX_PATH}:/home/amr/turtlebot3_ws/install/main:/home/amr/turtlebot3_ws/install/turtlebot3_teleop:/home/amr/turtlebot3_ws/install/turtlebot3_example:/opt/ros/humble /usr/bin/cmake --build /home/amr/turtlebot3_ws/build/dynamixel_sdk -- -j4 -l4
[0.158s] [ 84%] Built target ament_cmake_python_symlink_dynamixel_sdk
[0.158s] [100%] Built target dynamixel_sdk
[0.848s] running egg_info
[0.849s] writing dynamixel_sdk.egg-info/PKG-INFO
[0.852s] writing dependency_links to dynamixel_sdk.egg-info/dependency_links.txt
[0.853s] writing top-level names to dynamixel_sdk.egg-info/top_level.txt
[0.855s] reading manifest file 'dynamixel_sdk.egg-info/SOURCES.txt'
[0.856s] writing manifest file 'dynamixel_sdk.egg-info/SOURCES.txt'
[0.915s] [100%] Built target ament_cmake_python_build_dynamixel_sdk_egg
[1.275s] Invoked command in '/home/amr/turtlebot3_ws/build/dynamixel_sdk' returned '0': CMAKE_PREFIX_PATH=${CMAKE_PREFIX_PATH}:/home/amr/turtlebot3_ws/install/main:/home/amr/turtlebot3_ws/install/turtlebot3_teleop:/home/amr/turtlebot3_ws/install/turtlebot3_example:/opt/ros/humble /usr/bin/cmake --build /home/amr/turtlebot3_ws/build/dynamixel_sdk -- -j4 -l4
[1.277s] Invoking command in '/home/amr/turtlebot3_ws/build/dynamixel_sdk': CMAKE_PREFIX_PATH=${CMAKE_PREFIX_PATH}:/home/amr/turtlebot3_ws/install/main:/home/amr/turtlebot3_ws/install/turtlebot3_teleop:/home/amr/turtlebot3_ws/install/turtlebot3_example:/opt/ros/humble /usr/bin/cmake --install /home/amr/turtlebot3_ws/build/dynamixel_sdk
[1.290s] -- Install configuration: ""
[1.292s] -- Execute custom install script
[1.293s] -- Up-to-date symlink: /home/amr/turtlebot3_ws/install/dynamixel_sdk/include//dynamixel_sdk/dynamixel_sdk.h
[1.293s] -- Up-to-date symlink: /home/amr/turtlebot3_ws/install/dynamixel_sdk/include//dynamixel_sdk/group_bulk_read.h
[1.293s] -- Up-to-date symlink: /home/amr/turtlebot3_ws/install/dynamixel_sdk/include//dynamixel_sdk/group_bulk_write.h
[1.293s] -- Up-to-date symlink: /home/amr/turtlebot3_ws/install/dynamixel_sdk/include//dynamixel_sdk/group_fast_bulk_read.h
[1.293s] -- Up-to-date symlink: /home/amr/turtlebot3_ws/install/dynamixel_sdk/include//dynamixel_sdk/group_fast_sync_read.h
[1.293s] -- Up-to-date symlink: /home/amr/turtlebot3_ws/install/dynamixel_sdk/include//dynamixel_sdk/group_handler.h
[1.293s] -- Up-to-date symlink: /home/amr/turtlebot3_ws/install/dynamixel_sdk/include//dynamixel_sdk/group_sync_read.h
[1.293s] -- Up-to-date symlink: /home/amr/turtlebot3_ws/install/dynamixel_sdk/include//dynamixel_sdk/group_sync_write.h
[1.293s] -- Up-to-date symlink: /home/amr/turtlebot3_ws/install/dynamixel_sdk/include//dynamixel_sdk/packet_handler.h
[1.294s] -- Up-to-date symlink: /home/amr/turtlebot3_ws/install/dynamixel_sdk/include//dynamixel_sdk/port_handler.h
[1.294s] -- Up-to-date symlink: /home/amr/turtlebot3_ws/install/dynamixel_sdk/include//dynamixel_sdk/port_handler_arduino.h
[1.294s] -- Up-to-date symlink: /home/amr/turtlebot3_ws/install/dynamixel_sdk/include//dynamixel_sdk/port_handler_linux.h
[1.298s] -- Up-to-date symlink: /home/amr/turtlebot3_ws/install/dynamixel_sdk/include//dynamixel_sdk/port_handler_mac.h
[1.298s] -- Up-to-date symlink: /home/amr/turtlebot3_ws/install/dynamixel_sdk/include//dynamixel_sdk/port_handler_windows.h
[1.298s] -- Up-to-date symlink: /home/amr/turtlebot3_ws/install/dynamixel_sdk/include//dynamixel_sdk/protocol1_packet_handler.h
[1.298s] -- Up-to-date symlink: /home/amr/turtlebot3_ws/install/dynamixel_sdk/include//dynamixel_sdk/protocol2_packet_handler.h
[1.298s] -- Up-to-date symlink: /home/amr/turtlebot3_ws/install/dynamixel_sdk/share/dynamixel_sdk/environment/pythonpath.sh
[1.298s] -- Up-to-date symlink: /home/amr/turtlebot3_ws/install/dynamixel_sdk/share/dynamixel_sdk/environment/pythonpath.dsv
[1.298s] -- Up-to-date symlink: /home/amr/turtlebot3_ws/install/dynamixel_sdk/local/lib/python3.10/dist-packages/dynamixel_sdk-3.8.4-py3.10.egg-info/PKG-INFO
[1.298s] -- Up-to-date symlink: /home/amr/turtlebot3_ws/install/dynamixel_sdk/local/lib/python3.10/dist-packages/dynamixel_sdk-3.8.4-py3.10.egg-info/SOURCES.txt
[1.298s] -- Up-to-date symlink: /home/amr/turtlebot3_ws/install/dynamixel_sdk/local/lib/python3.10/dist-packages/dynamixel_sdk-3.8.4-py3.10.egg-info/dependency_links.txt
[1.298s] -- Up-to-date symlink: /home/amr/turtlebot3_ws/install/dynamixel_sdk/local/lib/python3.10/dist-packages/dynamixel_sdk-3.8.4-py3.10.egg-info/top_level.txt
[1.302s] -- Up-to-date symlink: /home/amr/turtlebot3_ws/install/dynamixel_sdk/local/lib/python3.10/dist-packages/dynamixel_sdk/__init__.py
[1.313s] -- Up-to-date symlink: /home/amr/turtlebot3_ws/install/dynamixel_sdk/local/lib/python3.10/dist-packages/dynamixel_sdk/group_bulk_read.cpp
[1.313s] -- Up-to-date symlink: /home/amr/turtlebot3_ws/install/dynamixel_sdk/local/lib/python3.10/dist-packages/dynamixel_sdk/group_bulk_read.py
[1.313s] -- Up-to-date symlink: /home/amr/turtlebot3_ws/install/dynamixel_sdk/local/lib/python3.10/dist-packages/dynamixel_sdk/group_bulk_write.cpp
[1.313s] -- Up-to-date symlink: /home/amr/turtlebot3_ws/install/dynamixel_sdk/local/lib/python3.10/dist-packages/dynamixel_sdk/group_bulk_write.py
[1.313s] -- Up-to-date symlink: /home/amr/turtlebot3_ws/install/dynamixel_sdk/local/lib/python3.10/dist-packages/dynamixel_sdk/group_fast_bulk_read.cpp
[1.313s] -- Up-to-date symlink: /home/amr/turtlebot3_ws/install/dynamixel_sdk/local/lib/python3.10/dist-packages/dynamixel_sdk/group_fast_sync_read.cpp
[1.314s] -- Up-to-date symlink: /home/amr/turtlebot3_ws/install/dynamixel_sdk/local/lib/python3.10/dist-packages/dynamixel_sdk/group_handler.cpp
[1.314s] -- Up-to-date symlink: /home/amr/turtlebot3_ws/install/dynamixel_sdk/local/lib/python3.10/dist-packages/dynamixel_sdk/group_sync_read.cpp
[1.314s] -- Up-to-date symlink: /home/amr/turtlebot3_ws/install/dynamixel_sdk/local/lib/python3.10/dist-packages/dynamixel_sdk/group_sync_read.py
[1.314s] -- Up-to-date symlink: /home/amr/turtlebot3_ws/install/dynamixel_sdk/local/lib/python3.10/dist-packages/dynamixel_sdk/group_sync_write.cpp
[1.314s] -- Up-to-date symlink: /home/amr/turtlebot3_ws/install/dynamixel_sdk/local/lib/python3.10/dist-packages/dynamixel_sdk/group_sync_write.py
[1.314s] -- Up-to-date symlink: /home/amr/turtlebot3_ws/install/dynamixel_sdk/local/lib/python3.10/dist-packages/dynamixel_sdk/packet_handler.cpp
[1.314s] -- Up-to-date symlink: /home/amr/turtlebot3_ws/install/dynamixel_sdk/local/lib/python3.10/dist-packages/dynamixel_sdk/packet_handler.py
[1.314s] -- Up-to-date symlink: /home/amr/turtlebot3_ws/install/dynamixel_sdk/local/lib/python3.10/dist-packages/dynamixel_sdk/port_handler.cpp
[1.314s] -- Up-to-date symlink: /home/amr/turtlebot3_ws/install/dynamixel_sdk/local/lib/python3.10/dist-packages/dynamixel_sdk/port_handler.py
[1.315s] -- Up-to-date symlink: /home/amr/turtlebot3_ws/install/dynamixel_sdk/local/lib/python3.10/dist-packages/dynamixel_sdk/port_handler_arduino.cpp
[1.315s] -- Up-to-date symlink: /home/amr/turtlebot3_ws/install/dynamixel_sdk/local/lib/python3.10/dist-packages/dynamixel_sdk/port_handler_linux.cpp
[1.315s] -- Up-to-date symlink: /home/amr/turtlebot3_ws/install/dynamixel_sdk/local/lib/python3.10/dist-packages/dynamixel_sdk/port_handler_mac.cpp
[1.315s] -- Up-to-date symlink: /home/amr/turtlebot3_ws/install/dynamixel_sdk/local/lib/python3.10/dist-packages/dynamixel_sdk/port_handler_windows.cpp
[1.319s] -- Up-to-date symlink: /home/amr/turtlebot3_ws/install/dynamixel_sdk/local/lib/python3.10/dist-packages/dynamixel_sdk/protocol1_packet_handler.cpp
[1.319s] -- Up-to-date symlink: /home/amr/turtlebot3_ws/install/dynamixel_sdk/local/lib/python3.10/dist-packages/dynamixel_sdk/protocol1_packet_handler.py
[1.320s] -- Up-to-date symlink: /home/amr/turtlebot3_ws/install/dynamixel_sdk/local/lib/python3.10/dist-packages/dynamixel_sdk/protocol2_packet_handler.cpp
[1.320s] -- Up-to-date symlink: /home/amr/turtlebot3_ws/install/dynamixel_sdk/local/lib/python3.10/dist-packages/dynamixel_sdk/protocol2_packet_handler.py
[1.320s] -- Up-to-date symlink: /home/amr/turtlebot3_ws/install/dynamixel_sdk/local/lib/python3.10/dist-packages/dynamixel_sdk/robotis_def.py
[1.320s] -- Up-to-date symlink: /home/amr/turtlebot3_ws/install/dynamixel_sdk/share/dynamixel_sdk/environment/library_path.sh
[1.320s] -- Up-to-date symlink: /home/amr/turtlebot3_ws/install/dynamixel_sdk/share/dynamixel_sdk/environment/library_path.dsv
[1.320s] -- Up-to-date symlink: /home/amr/turtlebot3_ws/install/dynamixel_sdk/share/ament_index/resource_index/package_run_dependencies/dynamixel_sdk
[1.320s] -- Up-to-date symlink: /home/amr/turtlebot3_ws/install/dynamixel_sdk/share/ament_index/resource_index/parent_prefix_path/dynamixel_sdk
[1.320s] -- Up-to-date symlink: /home/amr/turtlebot3_ws/install/dynamixel_sdk/share/dynamixel_sdk/environment/ament_prefix_path.sh
[1.321s] -- Up-to-date symlink: /home/amr/turtlebot3_ws/install/dynamixel_sdk/share/dynamixel_sdk/environment/ament_prefix_path.dsv
[1.321s] -- Up-to-date symlink: /home/amr/turtlebot3_ws/install/dynamixel_sdk/share/dynamixel_sdk/environment/path.sh
[1.321s] -- Up-to-date symlink: /home/amr/turtlebot3_ws/install/dynamixel_sdk/share/dynamixel_sdk/environment/path.dsv
[1.321s] -- Up-to-date symlink: /home/amr/turtlebot3_ws/install/dynamixel_sdk/share/dynamixel_sdk/local_setup.bash
[1.321s] -- Up-to-date symlink: /home/amr/turtlebot3_ws/install/dynamixel_sdk/share/dynamixel_sdk/local_setup.sh
[1.321s] -- Up-to-date symlink: /home/amr/turtlebot3_ws/install/dynamixel_sdk/share/dynamixel_sdk/local_setup.zsh
[1.321s] -- Up-to-date symlink: /home/amr/turtlebot3_ws/install/dynamixel_sdk/share/dynamixel_sdk/local_setup.dsv
[1.321s] -- Symlinking: /home/amr/turtlebot3_ws/install/dynamixel_sdk/share/dynamixel_sdk/package.dsv
[1.346s] -- Up-to-date symlink: /home/amr/turtlebot3_ws/install/dynamixel_sdk/share/ament_index/resource_index/packages/dynamixel_sdk
[1.346s] -- Up-to-date symlink: /home/amr/turtlebot3_ws/install/dynamixel_sdk/share/dynamixel_sdk/cmake/ament_cmake_export_targets-extras.cmake
[1.346s] -- Up-to-date symlink: /home/amr/turtlebot3_ws/install/dynamixel_sdk/share/dynamixel_sdk/cmake/ament_cmake_export_include_directories-extras.cmake
[1.346s] -- Up-to-date symlink: /home/amr/turtlebot3_ws/install/dynamixel_sdk/share/dynamixel_sdk/cmake/ament_cmake_export_libraries-extras.cmake
[1.347s] -- Up-to-date symlink: /home/amr/turtlebot3_ws/install/dynamixel_sdk/share/dynamixel_sdk/cmake/dynamixel_sdkConfig.cmake
[1.347s] -- Up-to-date symlink: /home/amr/turtlebot3_ws/install/dynamixel_sdk/share/dynamixel_sdk/cmake/dynamixel_sdkConfig-version.cmake
[1.347s] -- Up-to-date symlink: /home/amr/turtlebot3_ws/install/dynamixel_sdk/share/dynamixel_sdk/package.xml
[1.347s] -- Up-to-date: /home/amr/turtlebot3_ws/install/dynamixel_sdk/lib/libdynamixel_sdk.so
[1.389s] Listing '/home/amr/turtlebot3_ws/install/dynamixel_sdk/local/lib/python3.10/dist-packages/dynamixel_sdk'...
[1.396s] -- Up-to-date: /home/amr/turtlebot3_ws/install/dynamixel_sdk/share/dynamixel_sdk/cmake/dynamixel_sdkExport.cmake
[1.396s] -- Up-to-date: /home/amr/turtlebot3_ws/install/dynamixel_sdk/share/dynamixel_sdk/cmake/dynamixel_sdkExport-noconfig.cmake
[1.401s] Invoked command in '/home/amr/turtlebot3_ws/build/dynamixel_sdk' returned '0': CMAKE_PREFIX_PATH=${CMAKE_PREFIX_PATH}:/home/amr/turtlebot3_ws/install/main:/home/amr/turtlebot3_ws/install/turtlebot3_teleop:/home/amr/turtlebot3_ws/install/turtlebot3_example:/opt/ros/humble /usr/bin/cmake --install /home/amr/turtlebot3_ws/build/dynamixel_sdk
