[2.416s] Invoking command in '/home/amr/turtlebot3_ws/src/build/turtlebot3_example': AMENT_PREFIX_PATH=/home/amr/turtlebot3_ws/src/install/turtlebot3_msgs:${AMENT_PREFIX_PATH} CMAKE_PREFIX_PATH=/home/amr/turtlebot3_ws/src/install/turtlebot3_msgs:${CMAKE_PREFIX_PATH} LD_LIBRARY_PATH=/home/amr/turtlebot3_ws/src/install/turtlebot3_msgs/lib:/home/amr/install/turtlebot3_msgs/lib:/home/amr/install/rplidar_ros/lib:/home/amr/install/dynamixel_sdk_custom_interfaces/lib:/home/amr/install/dynamixel_sdk/lib:/home/amr/turtlebot3_ws/install/turtlebot3_msgs/lib:/home/amr/turtlebot3_ws/install/dynamixel_sdk_custom_interfaces/lib:/home/amr/turtlebot3_ws/install/dynamixel_sdk/lib:/usr/lib/x86_64-linux-gnu/gazebo-11/plugins:/opt/ros/humble/opt/rviz_ogre_vendor/lib:/opt/ros/humble/lib/x86_64-linux-gnu:/opt/ros/humble/lib:/usr/lib/x86_64-linux-gnu/gazebo-11/plugins PYTHONPATH=/home/amr/turtlebot3_ws/src/build/turtlebot3_example/prefix_override:/usr/lib/python3/dist-packages/colcon_core/task/python/colcon_distutils_commands:/home/amr/turtlebot3_ws/src/install/turtlebot3_example/lib/python3.10/site-packages:/home/amr/turtlebot3_ws/src/install/turtlebot3_msgs/local/lib/python3.10/dist-packages:${PYTHONPATH} /usr/bin/python3 -W ignore:setup.py install is deprecated -W ignore:easy_install command is deprecated setup.py develop --editable --build-directory /home/amr/turtlebot3_ws/src/build/turtlebot3_example/build --no-deps symlink_data
[3.121s] running develop
[3.610s] running egg_info
[3.610s] writing turtlebot3_example.egg-info/PKG-INFO
[3.613s] writing dependency_links to turtlebot3_example.egg-info/dependency_links.txt
[3.613s] writing entry points to turtlebot3_example.egg-info/entry_points.txt
[3.613s] writing requirements to turtlebot3_example.egg-info/requires.txt
[3.613s] writing top-level names to turtlebot3_example.egg-info/top_level.txt
[3.616s] reading manifest file 'turtlebot3_example.egg-info/SOURCES.txt'
[3.618s] writing manifest file 'turtlebot3_example.egg-info/SOURCES.txt'
[3.622s] running build_ext
[3.622s] Creating /home/amr/turtlebot3_ws/src/install/turtlebot3_example/lib/python3.10/site-packages/turtlebot3-example.egg-link (link to .)
[3.624s] Installing turtlebot3_absolute_move script to /home/amr/turtlebot3_ws/src/install/turtlebot3_example/lib/turtlebot3_example
[3.624s] Installing turtlebot3_interactive_marker script to /home/amr/turtlebot3_ws/src/install/turtlebot3_example/lib/turtlebot3_example
[3.625s] Installing turtlebot3_obstacle_detection script to /home/amr/turtlebot3_ws/src/install/turtlebot3_example/lib/turtlebot3_example
[3.628s] Installing turtlebot3_patrol_client script to /home/amr/turtlebot3_ws/src/install/turtlebot3_example/lib/turtlebot3_example
[3.628s] Installing turtlebot3_patrol_server script to /home/amr/turtlebot3_ws/src/install/turtlebot3_example/lib/turtlebot3_example
[3.628s] Installing turtlebot3_relative_move script to /home/amr/turtlebot3_ws/src/install/turtlebot3_example/lib/turtlebot3_example
[3.628s] 
[3.628s] Installed /home/amr/turtlebot3_ws/src/build/turtlebot3_example
[3.628s] running symlink_data
[3.701s] Invoked command in '/home/amr/turtlebot3_ws/src/build/turtlebot3_example' returned '0': AMENT_PREFIX_PATH=/home/amr/turtlebot3_ws/src/install/turtlebot3_msgs:${AMENT_PREFIX_PATH} CMAKE_PREFIX_PATH=/home/amr/turtlebot3_ws/src/install/turtlebot3_msgs:${CMAKE_PREFIX_PATH} LD_LIBRARY_PATH=/home/amr/turtlebot3_ws/src/install/turtlebot3_msgs/lib:/home/amr/install/turtlebot3_msgs/lib:/home/amr/install/rplidar_ros/lib:/home/amr/install/dynamixel_sdk_custom_interfaces/lib:/home/amr/install/dynamixel_sdk/lib:/home/amr/turtlebot3_ws/install/turtlebot3_msgs/lib:/home/amr/turtlebot3_ws/install/dynamixel_sdk_custom_interfaces/lib:/home/amr/turtlebot3_ws/install/dynamixel_sdk/lib:/usr/lib/x86_64-linux-gnu/gazebo-11/plugins:/opt/ros/humble/opt/rviz_ogre_vendor/lib:/opt/ros/humble/lib/x86_64-linux-gnu:/opt/ros/humble/lib:/usr/lib/x86_64-linux-gnu/gazebo-11/plugins PYTHONPATH=/home/amr/turtlebot3_ws/src/build/turtlebot3_example/prefix_override:/usr/lib/python3/dist-packages/colcon_core/task/python/colcon_distutils_commands:/home/amr/turtlebot3_ws/src/install/turtlebot3_example/lib/python3.10/site-packages:/home/amr/turtlebot3_ws/src/install/turtlebot3_msgs/local/lib/python3.10/dist-packages:${PYTHONPATH} /usr/bin/python3 -W ignore:setup.py install is deprecated -W ignore:easy_install command is deprecated setup.py develop --editable --build-directory /home/amr/turtlebot3_ws/src/build/turtlebot3_example/build --no-deps symlink_data
