[1.122s] Invoking command in '/home/amr/turtlebot3_ws/src/main/build/main': PYTHONPATH=/home/amr/turtlebot3_ws/src/main/build/main/prefix_override:/usr/lib/python3/dist-packages/colcon_core/task/python/colcon_distutils_commands:/home/amr/turtlebot3_ws/src/main/install/main/lib/python3.10/site-packages:${PYTHONPATH} /usr/bin/python3 -W ignore:setup.py install is deprecated -W ignore:easy_install command is deprecated setup.py develop --editable --build-directory /home/amr/turtlebot3_ws/src/main/build/main/build --no-deps symlink_data --force
[1.546s] running develop
[1.812s] running egg_info
[1.812s] writing main.egg-info/PKG-INFO
[1.813s] writing dependency_links to main.egg-info/dependency_links.txt
[1.813s] writing entry points to main.egg-info/entry_points.txt
[1.813s] writing requirements to main.egg-info/requires.txt
[1.813s] writing top-level names to main.egg-info/top_level.txt
[1.816s] reading manifest file 'main.egg-info/SOURCES.txt'
[1.818s] writing manifest file 'main.egg-info/SOURCES.txt'
[1.820s] running build_ext
[1.821s] Creating /home/amr/turtlebot3_ws/src/main/install/main/lib/python3.10/site-packages/main.egg-link (link to .)
[1.822s] Installing cmd_vel_publisher script to /home/amr/turtlebot3_ws/src/main/install/main/lib/main
[1.822s] Installing encoder_joint_state_publisher script to /home/amr/turtlebot3_ws/src/main/install/main/lib/main
[1.822s] Installing main script to /home/amr/turtlebot3_ws/src/main/install/main/lib/main
[1.822s] Installing odom_publisher script to /home/amr/turtlebot3_ws/src/main/install/main/lib/main
[1.823s] Installing odom_tf_broadcaster script to /home/amr/turtlebot3_ws/src/main/install/main/lib/main
[1.823s] 
[1.823s] Installed /home/amr/turtlebot3_ws/src/main/build/main
[1.823s] running symlink_data
[1.823s] symbolically linking /home/amr/turtlebot3_ws/src/main/build/main/resource/main -> /home/amr/turtlebot3_ws/src/main/install/main/share/ament_index/resource_index/packages
[1.823s] symbolically linking /home/amr/turtlebot3_ws/src/main/build/main/package.xml -> /home/amr/turtlebot3_ws/src/main/install/main/share/main
[1.871s] Invoked command in '/home/amr/turtlebot3_ws/src/main/build/main' returned '0': PYTHONPATH=/home/amr/turtlebot3_ws/src/main/build/main/prefix_override:/usr/lib/python3/dist-packages/colcon_core/task/python/colcon_distutils_commands:/home/amr/turtlebot3_ws/src/main/install/main/lib/python3.10/site-packages:${PYTHONPATH} /usr/bin/python3 -W ignore:setup.py install is deprecated -W ignore:easy_install command is deprecated setup.py develop --editable --build-directory /home/amr/turtlebot3_ws/src/main/build/main/build --no-deps symlink_data --force
