[2.141s] Invoking command in '/home/amr/turtlebot3_ws/build/main': PYTHONPATH=/home/amr/turtlebot3_ws/build/main/prefix_override:/usr/lib/python3/dist-packages/colcon_core/task/python/colcon_distutils_commands:/home/amr/turtlebot3_ws/install/main/lib/python3.10/site-packages:${PYTHONPATH} /usr/bin/python3 -W ignore:setup.py install is deprecated -W ignore:easy_install command is deprecated setup.py develop --editable --build-directory /home/amr/turtlebot3_ws/build/main/build --no-deps symlink_data
[2.837s] /usr/lib/python3/dist-packages/setuptools/dist.py:723: UserWarning: Usage of dash-separated 'script-dir' will not be supported in future versions. Please use the underscore name 'script_dir' instead
[2.837s]   warnings.warn(
[2.903s] running develop
[3.362s] running egg_info
[3.364s] writing main.egg-info/PKG-INFO
[3.364s] writing dependency_links to main.egg-info/dependency_links.txt
[3.364s] writing entry points to main.egg-info/entry_points.txt
[3.364s] writing requirements to main.egg-info/requires.txt
[3.364s] writing top-level names to main.egg-info/top_level.txt
[3.366s] reading manifest file 'main.egg-info/SOURCES.txt'
[3.366s] writing manifest file 'main.egg-info/SOURCES.txt'
[3.370s] running build_ext
[3.372s] Creating /home/amr/turtlebot3_ws/install/main/lib/python3.10/site-packages/main.egg-link (link to .)
[3.374s] Installing ROS2Publisher script to /home/amr/turtlebot3_ws/install/main/lib/main
[3.375s] Installing encoder_joint_state_publisher script to /home/amr/turtlebot3_ws/install/main/lib/main
[3.376s] Installing main script to /home/amr/turtlebot3_ws/install/main/lib/main
[3.376s] Installing odom_tf_broadcaster script to /home/amr/turtlebot3_ws/install/main/lib/main
[3.376s] 
[3.376s] Installed /home/amr/turtlebot3_ws/build/main
[3.377s] running symlink_data
[3.445s] Invoked command in '/home/amr/turtlebot3_ws/build/main' returned '0': PYTHONPATH=/home/amr/turtlebot3_ws/build/main/prefix_override:/usr/lib/python3/dist-packages/colcon_core/task/python/colcon_distutils_commands:/home/amr/turtlebot3_ws/install/main/lib/python3.10/site-packages:${PYTHONPATH} /usr/bin/python3 -W ignore:setup.py install is deprecated -W ignore:easy_install command is deprecated setup.py develop --editable --build-directory /home/amr/turtlebot3_ws/build/main/build --no-deps symlink_data
