[1.016s] Invoking command in '/home/amr/turtlebot3_ws/src/main': PYTHONPATH=/home/amr/turtlebot3_ws/src/main/build/main/prefix_override:/usr/lib/python3/dist-packages/colcon_core/task/python/colcon_distutils_commands:/home/amr/turtlebot3_ws/src/main/install/main/lib/python3.10/site-packages:${PYTHONPATH} /usr/bin/python3 -W ignore:setup.py install is deprecated -W ignore:easy_install command is deprecated setup.py egg_info --egg-base build/main build --build-base /home/amr/turtlebot3_ws/src/main/build/main/build install --record /home/amr/turtlebot3_ws/src/main/build/main/install.log --install-scripts $base/lib/main --single-version-externally-managed install_data
[1.396s] /usr/lib/python3/dist-packages/setuptools/dist.py:723: UserWarning: Usage of dash-separated 'script-dir' will not be supported in future versions. Please use the underscore name 'script_dir' instead
[1.396s]   warnings.warn(
[1.409s] running egg_info
[1.410s] writing build/main/main.egg-info/PKG-INFO
[1.410s] writing dependency_links to build/main/main.egg-info/dependency_links.txt
[1.410s] writing entry points to build/main/main.egg-info/entry_points.txt
[1.410s] writing requirements to build/main/main.egg-info/requires.txt
[1.411s] writing top-level names to build/main/main.egg-info/top_level.txt
[1.412s] reading manifest file 'build/main/main.egg-info/SOURCES.txt'
[1.413s] writing manifest file 'build/main/main.egg-info/SOURCES.txt'
[1.413s] running build
[1.414s] running install
[1.414s] running install_data
[1.414s] running install_egg_info
[1.418s] removing '/home/amr/turtlebot3_ws/src/main/install/main/lib/python3.10/site-packages/main-0.0.1-py3.10.egg-info' (and everything under it)
[1.418s] Copying build/main/main.egg-info to /home/amr/turtlebot3_ws/src/main/install/main/lib/python3.10/site-packages/main-0.0.1-py3.10.egg-info
[1.420s] running install_scripts
[1.449s] Installing ROS2Publisher script to /home/amr/turtlebot3_ws/src/main/install/main/lib/main
[1.450s] Installing encoder_joint_state_publisher script to /home/amr/turtlebot3_ws/src/main/install/main/lib/main
[1.450s] Installing main script to /home/amr/turtlebot3_ws/src/main/install/main/lib/main
[1.450s] Installing odom_tf_broadcaster script to /home/amr/turtlebot3_ws/src/main/install/main/lib/main
[1.450s] writing list of installed files to '/home/amr/turtlebot3_ws/src/main/build/main/install.log'
[1.487s] Invoked command in '/home/amr/turtlebot3_ws/src/main' returned '0': PYTHONPATH=/home/amr/turtlebot3_ws/src/main/build/main/prefix_override:/usr/lib/python3/dist-packages/colcon_core/task/python/colcon_distutils_commands:/home/amr/turtlebot3_ws/src/main/install/main/lib/python3.10/site-packages:${PYTHONPATH} /usr/bin/python3 -W ignore:setup.py install is deprecated -W ignore:easy_install command is deprecated setup.py egg_info --egg-base build/main build --build-base /home/amr/turtlebot3_ws/src/main/build/main/build install --record /home/amr/turtlebot3_ws/src/main/build/main/install.log --install-scripts $base/lib/main --single-version-externally-managed install_data
