[5.730s] Invoking command in '/home/amr/turtlebot3_ws/src/build/turtlebot3_teleop': PYTHONPATH=/home/amr/turtlebot3_ws/src/build/turtlebot3_teleop/prefix_override:/usr/lib/python3/dist-packages/colcon_core/task/python/colcon_distutils_commands:/home/amr/turtlebot3_ws/src/install/turtlebot3_teleop/lib/python3.10/site-packages:${PYTHONPATH} /usr/bin/python3 -W ignore:setup.py install is deprecated -W ignore:easy_install command is deprecated setup.py develop --editable --build-directory /home/amr/turtlebot3_ws/src/build/turtlebot3_teleop/build --no-deps symlink_data
[7.656s] running develop
[9.395s] running egg_info
[9.399s] creating turtlebot3_teleop.egg-info
[9.408s] writing turtlebot3_teleop.egg-info/PKG-INFO
[9.409s] writing dependency_links to turtlebot3_teleop.egg-info/dependency_links.txt
[9.409s] writing entry points to turtlebot3_teleop.egg-info/entry_points.txt
[9.409s] writing requirements to turtlebot3_teleop.egg-info/requires.txt
[9.409s] writing top-level names to turtlebot3_teleop.egg-info/top_level.txt
[9.409s] writing manifest file 'turtlebot3_teleop.egg-info/SOURCES.txt'
[9.416s] reading manifest file 'turtlebot3_teleop.egg-info/SOURCES.txt'
[9.419s] writing manifest file 'turtlebot3_teleop.egg-info/SOURCES.txt'
[9.429s] running build_ext
[9.429s] Creating /home/amr/turtlebot3_ws/src/install/turtlebot3_teleop/lib/python3.10/site-packages/turtlebot3-teleop.egg-link (link to .)
[9.433s] Installing teleop_keyboard script to /home/amr/turtlebot3_ws/src/install/turtlebot3_teleop/lib/turtlebot3_teleop
[9.434s] 
[9.434s] Installed /home/amr/turtlebot3_ws/src/build/turtlebot3_teleop
[9.434s] running symlink_data
[9.438s] creating /home/amr/turtlebot3_ws/src/install/turtlebot3_teleop/share/ament_index
[9.438s] creating /home/amr/turtlebot3_ws/src/install/turtlebot3_teleop/share/ament_index/resource_index
[9.438s] creating /home/amr/turtlebot3_ws/src/install/turtlebot3_teleop/share/ament_index/resource_index/packages
[9.441s] symbolically linking /home/amr/turtlebot3_ws/src/build/turtlebot3_teleop/resource/turtlebot3_teleop -> /home/amr/turtlebot3_ws/src/install/turtlebot3_teleop/share/ament_index/resource_index/packages
[9.441s] symbolically linking /home/amr/turtlebot3_ws/src/build/turtlebot3_teleop/package.xml -> /home/amr/turtlebot3_ws/src/install/turtlebot3_teleop/share/turtlebot3_teleop
[9.628s] Invoked command in '/home/amr/turtlebot3_ws/src/build/turtlebot3_teleop' returned '0': PYTHONPATH=/home/amr/turtlebot3_ws/src/build/turtlebot3_teleop/prefix_override:/usr/lib/python3/dist-packages/colcon_core/task/python/colcon_distutils_commands:/home/amr/turtlebot3_ws/src/install/turtlebot3_teleop/lib/python3.10/site-packages:${PYTHONPATH} /usr/bin/python3 -W ignore:setup.py install is deprecated -W ignore:easy_install command is deprecated setup.py develop --editable --build-directory /home/amr/turtlebot3_ws/src/build/turtlebot3_teleop/build --no-deps symlink_data
