[1.792s] Invoking command in '/home/amr/turtlebot3_ws/build/main': PYTHONPATH=/home/amr/turtlebot3_ws/build/main/prefix_override:/usr/lib/python3/dist-packages/colcon_core/task/python/colcon_distutils_commands:/home/amr/turtlebot3_ws/install/main/lib/python3.10/site-packages:${PYTHONPATH} /usr/bin/python3 -W ignore:setup.py install is deprecated -W ignore:easy_install command is deprecated setup.py develop --editable --build-directory /home/amr/turtlebot3_ws/build/main/build --no-deps symlink_data
[2.398s] /usr/lib/python3/dist-packages/setuptools/dist.py:723: UserWarning: Usage of dash-separated 'script-dir' will not be supported in future versions. Please use the underscore name 'script_dir' instead
[2.399s]   warnings.warn(
[2.458s] running develop
[2.872s] running egg_info
[2.872s] writing main.egg-info/PKG-INFO
[2.873s] writing dependency_links to main.egg-info/dependency_links.txt
[2.873s] writing entry points to main.egg-info/entry_points.txt
[2.873s] writing requirements to main.egg-info/requires.txt
[2.874s] writing top-level names to main.egg-info/top_level.txt
[2.875s] reading manifest file 'main.egg-info/SOURCES.txt'
[2.876s] writing manifest file 'main.egg-info/SOURCES.txt'
[2.879s] running build_ext
[2.881s] Creating /home/amr/turtlebot3_ws/install/main/lib/python3.10/site-packages/main.egg-link (link to .)
[2.882s] Installing ROS2Publisher script to /home/amr/turtlebot3_ws/install/main/lib/main
[2.883s] Installing encoder_joint_state_publisher script to /home/amr/turtlebot3_ws/install/main/lib/main
[2.883s] Installing main script to /home/amr/turtlebot3_ws/install/main/lib/main
[2.883s] Installing odom_tf_broadcaster script to /home/amr/turtlebot3_ws/install/main/lib/main
[2.884s] 
[2.884s] Installed /home/amr/turtlebot3_ws/build/main
[2.884s] running symlink_data
[2.949s] Invoked command in '/home/amr/turtlebot3_ws/build/main' returned '0': PYTHONPATH=/home/amr/turtlebot3_ws/build/main/prefix_override:/usr/lib/python3/dist-packages/colcon_core/task/python/colcon_distutils_commands:/home/amr/turtlebot3_ws/install/main/lib/python3.10/site-packages:${PYTHONPATH} /usr/bin/python3 -W ignore:setup.py install is deprecated -W ignore:easy_install command is deprecated setup.py develop --editable --build-directory /home/amr/turtlebot3_ws/build/main/build --no-deps symlink_data
