[1.118s] Invoking command in '/home/amr/turtlebot3_ws/src/main/build/main': PYTHONPATH=/home/amr/turtlebot3_ws/src/main/build/main/prefix_override:/usr/lib/python3/dist-packages/colcon_core/task/python/colcon_distutils_commands:/home/amr/turtlebot3_ws/src/main/install/main/lib/python3.10/site-packages:${PYTHONPATH} /usr/bin/python3 -W ignore:setup.py install is deprecated -W ignore:easy_install command is deprecated setup.py develop --editable --build-directory /home/amr/turtlebot3_ws/src/main/build/main/build --no-deps symlink_data --force
[1.511s] /usr/lib/python3/dist-packages/setuptools/dist.py:723: UserWarning: Usage of dash-separated 'script-dir' will not be supported in future versions. Please use the underscore name 'script_dir' instead
[1.511s]   warnings.warn(
[1.555s] running develop
[1.838s] running egg_info
[1.838s] writing main.egg-info/PKG-INFO
[1.839s] writing dependency_links to main.egg-info/dependency_links.txt
[1.839s] writing entry points to main.egg-info/entry_points.txt
[1.839s] writing requirements to main.egg-info/requires.txt
[1.839s] writing top-level names to main.egg-info/top_level.txt
[1.841s] reading manifest file 'main.egg-info/SOURCES.txt'
[1.842s] writing manifest file 'main.egg-info/SOURCES.txt'
[1.844s] running build_ext
[1.846s] Creating /home/amr/turtlebot3_ws/src/main/install/main/lib/python3.10/site-packages/main.egg-link (link to .)
[1.847s] Installing ROS2Publisher script to /home/amr/turtlebot3_ws/src/main/install/main/lib/main
[1.847s] Installing encoder_joint_state_publisher script to /home/amr/turtlebot3_ws/src/main/install/main/lib/main
[1.848s] Installing main script to /home/amr/turtlebot3_ws/src/main/install/main/lib/main
[1.848s] Installing odom_tf_broadcaster script to /home/amr/turtlebot3_ws/src/main/install/main/lib/main
[1.848s] 
[1.848s] Installed /home/amr/turtlebot3_ws/src/main/build/main
[1.848s] running symlink_data
[1.848s] symbolically linking /home/amr/turtlebot3_ws/src/main/build/main/resource/main -> /home/amr/turtlebot3_ws/src/main/install/main/share/ament_index/resource_index/packages
[1.848s] symbolically linking /home/amr/turtlebot3_ws/src/main/build/main/package.xml -> /home/amr/turtlebot3_ws/src/main/install/main/share/main
[1.849s] symbolically linking /home/amr/turtlebot3_ws/src/main/build/main/launch/navigation_with_tf.launch.py -> /home/amr/turtlebot3_ws/src/main/install/main/share/main/launch
[1.849s] symbolically linking /home/amr/turtlebot3_ws/src/main/build/main/launch/occupancy_grid.launch.py -> /home/amr/turtlebot3_ws/src/main/install/main/share/main/launch
[1.849s] error: can't copy '/home/amr/turtlebot3_ws/src/main/build/main/launch/my_slam_toolbox.launch.py': doesn't exist or not a regular file
[1.893s] Invoked command in '/home/amr/turtlebot3_ws/src/main/build/main' returned '1': PYTHONPATH=/home/amr/turtlebot3_ws/src/main/build/main/prefix_override:/usr/lib/python3/dist-packages/colcon_core/task/python/colcon_distutils_commands:/home/amr/turtlebot3_ws/src/main/install/main/lib/python3.10/site-packages:${PYTHONPATH} /usr/bin/python3 -W ignore:setup.py install is deprecated -W ignore:easy_install command is deprecated setup.py develop --editable --build-directory /home/amr/turtlebot3_ws/src/main/build/main/build --no-deps symlink_data --force
