[1.058s] Invoking command in '/home/amr/turtlebot3_ws/src/main/build/main': PYTHONPATH=/home/amr/turtlebot3_ws/src/main/build/main/prefix_override:/usr/lib/python3/dist-packages/colcon_core/task/python/colcon_distutils_commands:/home/amr/turtlebot3_ws/src/main/install/main/lib/python3.10/site-packages:${PYTHONPATH} /usr/bin/python3 -W ignore:setup.py install is deprecated -W ignore:easy_install command is deprecated setup.py develop --editable --build-directory /home/amr/turtlebot3_ws/src/main/build/main/build --no-deps symlink_data --force
[1.468s] running develop
[1.735s] running egg_info
[1.736s] writing main.egg-info/PKG-INFO
[1.736s] writing dependency_links to main.egg-info/dependency_links.txt
[1.736s] writing entry points to main.egg-info/entry_points.txt
[1.736s] writing requirements to main.egg-info/requires.txt
[1.737s] writing top-level names to main.egg-info/top_level.txt
[1.740s] reading manifest file 'main.egg-info/SOURCES.txt'
[1.741s] writing manifest file 'main.egg-info/SOURCES.txt'
[1.743s] running build_ext
[1.744s] Creating /home/amr/turtlebot3_ws/src/main/install/main/lib/python3.10/site-packages/main.egg-link (link to .)
[1.745s] Installing cmd_vel_publisher script to /home/amr/turtlebot3_ws/src/main/install/main/lib/main
[1.745s] Installing encoder_joint_state_publisher script to /home/amr/turtlebot3_ws/src/main/install/main/lib/main
[1.745s] Installing main script to /home/amr/turtlebot3_ws/src/main/install/main/lib/main
[1.745s] Installing odom script to /home/amr/turtlebot3_ws/src/main/install/main/lib/main
[1.746s] Installing odom_tf_broadcaster script to /home/amr/turtlebot3_ws/src/main/install/main/lib/main
[1.746s] 
[1.746s] Installed /home/amr/turtlebot3_ws/src/main/build/main
[1.746s] running symlink_data
[1.746s] symbolically linking /home/amr/turtlebot3_ws/src/main/build/main/resource/main -> /home/amr/turtlebot3_ws/src/main/install/main/share/ament_index/resource_index/packages
[1.747s] symbolically linking /home/amr/turtlebot3_ws/src/main/build/main/package.xml -> /home/amr/turtlebot3_ws/src/main/install/main/share/main
[1.747s] error: [Errno 2] No such file or directory: '/home/amr/turtlebot3_ws/src/main/install/main/share/main/launch/occupancy_grid.launch.py'
[1.788s] Invoked command in '/home/amr/turtlebot3_ws/src/main/build/main' returned '1': PYTHONPATH=/home/amr/turtlebot3_ws/src/main/build/main/prefix_override:/usr/lib/python3/dist-packages/colcon_core/task/python/colcon_distutils_commands:/home/amr/turtlebot3_ws/src/main/install/main/lib/python3.10/site-packages:${PYTHONPATH} /usr/bin/python3 -W ignore:setup.py install is deprecated -W ignore:easy_install command is deprecated setup.py develop --editable --build-directory /home/amr/turtlebot3_ws/src/main/build/main/build --no-deps symlink_data --force
