[3.790s] Invoking command in '/home/amr/turtlebot3_ws/build/main': PYTHONPATH=/home/amr/turtlebot3_ws/build/main/prefix_override:/usr/lib/python3/dist-packages/colcon_core/task/python/colcon_distutils_commands:/home/amr/turtlebot3_ws/install/main/lib/python3.10/site-packages:${PYTHONPATH} /usr/bin/python3 -W ignore:setup.py install is deprecated -W ignore:easy_install command is deprecated setup.py develop --editable --build-directory /home/amr/turtlebot3_ws/build/main/build --no-deps symlink_data
[4.533s] /usr/lib/python3/dist-packages/setuptools/dist.py:723: UserWarning: Usage of dash-separated 'script-dir' will not be supported in future versions. Please use the underscore name 'script_dir' instead
[4.534s]   warnings.warn(
[4.599s] running develop
[5.037s] running egg_info
[5.038s] writing main.egg-info/PKG-INFO
[5.038s] writing dependency_links to main.egg-info/dependency_links.txt
[5.039s] writing entry points to main.egg-info/entry_points.txt
[5.039s] writing requirements to main.egg-info/requires.txt
[5.041s] writing top-level names to main.egg-info/top_level.txt
[5.042s] reading manifest file 'main.egg-info/SOURCES.txt'
[5.048s] writing manifest file 'main.egg-info/SOURCES.txt'
[5.054s] running build_ext
[5.055s] Creating /home/amr/turtlebot3_ws/install/main/lib/python3.10/site-packages/main.egg-link (link to .)
[5.064s] Installing ROS2Publisher script to /home/amr/turtlebot3_ws/install/main/lib/main
[5.065s] Installing encoder_joint_state_publisher script to /home/amr/turtlebot3_ws/install/main/lib/main
[5.065s] Installing fake_robot script to /home/amr/turtlebot3_ws/install/main/lib/main
[5.065s] Installing main script to /home/amr/turtlebot3_ws/install/main/lib/main
[5.065s] Installing odom_tf_broadcaster script to /home/amr/turtlebot3_ws/install/main/lib/main
[5.065s] 
[5.065s] Installed /home/amr/turtlebot3_ws/build/main
[5.066s] running symlink_data
[5.139s] Invoked command in '/home/amr/turtlebot3_ws/build/main' returned '0': PYTHONPATH=/home/amr/turtlebot3_ws/build/main/prefix_override:/usr/lib/python3/dist-packages/colcon_core/task/python/colcon_distutils_commands:/home/amr/turtlebot3_ws/install/main/lib/python3.10/site-packages:${PYTHONPATH} /usr/bin/python3 -W ignore:setup.py install is deprecated -W ignore:easy_install command is deprecated setup.py develop --editable --build-directory /home/amr/turtlebot3_ws/build/main/build --no-deps symlink_data
